{"/home/runner/work/nick-me/nick-me/frontend/src/theme.ts": {"path":"/home/runner/work/nick-me/nick-me/frontend/src/theme.ts","statementMap":{"0":{"start":{"line":4,"column":13},"end":{"line":28,"column":null}}},"fnMap":{},"branchMap":{},"s":{"0":5},"f":{},"b":{},"meta":{"lastBranch":0,"lastFunction":0,"lastStatement":1,"seen":{"s:4:13:28:Infinity":0}}}
,"/home/runner/work/nick-me/nick-me/frontend/src/application/createReport.ts": {"path":"/home/runner/work/nick-me/nick-me/frontend/src/application/createReport.ts","statementMap":{"0":{"start":{"line":12,"column":8},"end":{"line":12,"column":null}},"1":{"start":{"line":12,"column":38},"end":{"line":12,"column":48}},"2":{"start":{"line":14,"column":2},"end":{"line":22,"column":null}},"3":{"start":{"line":15,"column":17},"end":{"line":15,"column":null}},"4":{"start":{"line":17,"column":6},"end":{"line":17,"column":null}},"5":{"start":{"line":20,"column":6},"end":{"line":20,"column":null}}},"fnMap":{"0":{"name":"useCreateReport","decl":{"start":{"line":11,"column":16},"end":{"line":11,"column":34}},"loc":{"start":{"line":11,"column":34},"end":{"line":23,"column":null}},"line":11},"1":{"name":"(anonymous_1)","decl":{"start":{"line":12,"column":33},"end":{"line":12,"column":38}},"loc":{"start":{"line":12,"column":38},"end":{"line":12,"column":48}},"line":12},"2":{"name":"(anonymous_2)","decl":{"start":{"line":15,"column":16},"end":{"line":15,"column":17}},"loc":{"start":{"line":15,"column":17},"end":{"line":15,"column":null}},"line":15},"3":{"name":"(anonymous_3)","decl":{"start":{"line":16,"column":15},"end":{"line":16,"column":21}},"loc":{"start":{"line":16,"column":21},"end":{"line":18,"column":null}},"line":16},"4":{"name":"(anonymous_4)","decl":{"start":{"line":19,"column":13},"end":{"line":19,"column":14}},"loc":{"start":{"line":19,"column":22},"end":{"line":21,"column":null}},"line":19}},"branchMap":{"0":{"loc":{"start":{"line":20,"column":41},"end":{"line":20,"column":81}},"type":"binary-expr","locations":[{"start":{"line":20,"column":41},"end":{"line":20,"column":56}},{"start":{"line":20,"column":56},"end":{"line":20,"column":81}}],"line":20}},"s":{"0":5,"1":18,"2":5,"3":3,"4":1,"5":2},"f":{"0":5,"1":18,"2":3,"3":1,"4":2},"b":{"0":[2,1]},"meta":{"lastBranch":1,"lastFunction":5,"lastStatement":6,"seen":{"f:11:16:11:34":0,"s:12:8:12:Infinity":0,"f:12:33:12:38":1,"s:12:38:12:48":1,"s:14:2:22:Infinity":2,"f:15:16:15:17":2,"s:15:17:15:Infinity":3,"f:16:15:16:21":3,"s:17:6:17:Infinity":4,"f:19:13:19:14":4,"s:20:6:20:Infinity":5,"b:20:41:20:56:20:56:20:81":0}}}
,"/home/runner/work/nick-me/nick-me/frontend/src/application/createSuggestion.ts": {"path":"/home/runner/work/nick-me/nick-me/frontend/src/application/createSuggestion.ts","statementMap":{"0":{"start":{"line":11,"column":8},"end":{"line":11,"column":null}},"1":{"start":{"line":11,"column":38},"end":{"line":11,"column":48}},"2":{"start":{"line":13,"column":2},"end":{"line":21,"column":null}},"3":{"start":{"line":14,"column":17},"end":{"line":14,"column":null}},"4":{"start":{"line":16,"column":6},"end":{"line":16,"column":null}},"5":{"start":{"line":19,"column":6},"end":{"line":19,"column":null}}},"fnMap":{"0":{"name":"useCreateSuggestion","decl":{"start":{"line":10,"column":16},"end":{"line":10,"column":38}},"loc":{"start":{"line":10,"column":38},"end":{"line":22,"column":null}},"line":10},"1":{"name":"(anonymous_1)","decl":{"start":{"line":11,"column":33},"end":{"line":11,"column":38}},"loc":{"start":{"line":11,"column":38},"end":{"line":11,"column":48}},"line":11},"2":{"name":"(anonymous_2)","decl":{"start":{"line":14,"column":16},"end":{"line":14,"column":17}},"loc":{"start":{"line":14,"column":17},"end":{"line":14,"column":null}},"line":14},"3":{"name":"(anonymous_3)","decl":{"start":{"line":15,"column":15},"end":{"line":15,"column":21}},"loc":{"start":{"line":15,"column":21},"end":{"line":17,"column":null}},"line":15},"4":{"name":"(anonymous_4)","decl":{"start":{"line":18,"column":13},"end":{"line":18,"column":14}},"loc":{"start":{"line":18,"column":22},"end":{"line":20,"column":null}},"line":18}},"branchMap":{"0":{"loc":{"start":{"line":19,"column":41},"end":{"line":19,"column":81}},"type":"binary-expr","locations":[{"start":{"line":19,"column":41},"end":{"line":19,"column":56}},{"start":{"line":19,"column":56},"end":{"line":19,"column":81}}],"line":19}},"s":{"0":1,"1":4,"2":1,"3":1,"4":1,"5":0},"f":{"0":1,"1":4,"2":1,"3":1,"4":0},"b":{"0":[0,0]},"meta":{"lastBranch":1,"lastFunction":5,"lastStatement":6,"seen":{"f:10:16:10:38":0,"s:11:8:11:Infinity":0,"f:11:33:11:38":1,"s:11:38:11:48":1,"s:13:2:21:Infinity":2,"f:14:16:14:17":2,"s:14:17:14:Infinity":3,"f:15:15:15:21":3,"s:16:6:16:Infinity":4,"f:18:13:18:14":4,"s:19:6:19:Infinity":5,"b:19:41:19:56:19:56:19:81":0}}}
,"/home/runner/work/nick-me/nick-me/frontend/src/application/generateNick.ts": {"path":"/home/runner/work/nick-me/nick-me/frontend/src/application/generateNick.ts","statementMap":{"0":{"start":{"line":15,"column":8},"end":{"line":15,"column":null}},"1":{"start":{"line":15,"column":36},"end":{"line":15,"column":45}},"2":{"start":{"line":16,"column":8},"end":{"line":16,"column":null}},"3":{"start":{"line":16,"column":52},"end":{"line":16,"column":61}},"4":{"start":{"line":18,"column":2},"end":{"line":24,"column":null}},"5":{"start":{"line":19,"column":16},"end":{"line":19,"column":null}},"6":{"start":{"line":21,"column":6},"end":{"line":21,"column":null}},"7":{"start":{"line":22,"column":6},"end":{"line":22,"column":null}}},"fnMap":{"0":{"name":"useGenerateNick","decl":{"start":{"line":14,"column":16},"end":{"line":14,"column":34}},"loc":{"start":{"line":14,"column":34},"end":{"line":25,"column":null}},"line":14},"1":{"name":"(anonymous_1)","decl":{"start":{"line":15,"column":31},"end":{"line":15,"column":36}},"loc":{"start":{"line":15,"column":36},"end":{"line":15,"column":45}},"line":15},"2":{"name":"(anonymous_2)","decl":{"start":{"line":16,"column":47},"end":{"line":16,"column":52}},"loc":{"start":{"line":16,"column":52},"end":{"line":16,"column":61}},"line":16},"3":{"name":"(anonymous_3)","decl":{"start":{"line":19,"column":16},"end":{"line":19,"column":26}},"loc":{"start":{"line":19,"column":16},"end":{"line":19,"column":null}},"line":19},"4":{"name":"(anonymous_4)","decl":{"start":{"line":20,"column":15},"end":{"line":20,"column":16}},"loc":{"start":{"line":20,"column":31},"end":{"line":23,"column":null}},"line":20}},"branchMap":{},"s":{"0":1,"1":4,"2":1,"3":4,"4":1,"5":1,"6":1,"7":1},"f":{"0":1,"1":4,"2":4,"3":1,"4":1},"b":{},"meta":{"lastBranch":0,"lastFunction":5,"lastStatement":8,"seen":{"f:14:16:14:34":0,"s:15:8:15:Infinity":0,"f:15:31:15:36":1,"s:15:36:15:45":1,"s:16:8:16:Infinity":2,"f:16:47:16:52":2,"s:16:52:16:61":3,"s:18:2:24:Infinity":4,"f:19:16:19:26":3,"s:19:16:19:Infinity":5,"f:20:15:20:16":4,"s:21:6:21:Infinity":6,"s:22:6:22:Infinity":7}}}
,"/home/runner/work/nick-me/nick-me/frontend/src/application/replaceWord.ts": {"path":"/home/runner/work/nick-me/nick-me/frontend/src/application/replaceWord.ts","statementMap":{"0":{"start":{"line":18,"column":8},"end":{"line":18,"column":null}},"1":{"start":{"line":18,"column":36},"end":{"line":18,"column":45}},"2":{"start":{"line":19,"column":8},"end":{"line":19,"column":null}},"3":{"start":{"line":19,"column":52},"end":{"line":19,"column":61}},"4":{"start":{"line":21,"column":2},"end":{"line":27,"column":null}},"5":{"start":{"line":22,"column":16},"end":{"line":22,"column":null}},"6":{"start":{"line":24,"column":6},"end":{"line":24,"column":null}},"7":{"start":{"line":25,"column":6},"end":{"line":25,"column":null}}},"fnMap":{"0":{"name":"useReplaceWord","decl":{"start":{"line":17,"column":16},"end":{"line":17,"column":33}},"loc":{"start":{"line":17,"column":33},"end":{"line":28,"column":null}},"line":17},"1":{"name":"(anonymous_1)","decl":{"start":{"line":18,"column":31},"end":{"line":18,"column":36}},"loc":{"start":{"line":18,"column":36},"end":{"line":18,"column":45}},"line":18},"2":{"name":"(anonymous_2)","decl":{"start":{"line":19,"column":47},"end":{"line":19,"column":52}},"loc":{"start":{"line":19,"column":52},"end":{"line":19,"column":61}},"line":19},"3":{"name":"(anonymous_3)","decl":{"start":{"line":22,"column":16},"end":{"line":22,"column":26}},"loc":{"start":{"line":22,"column":16},"end":{"line":22,"column":null}},"line":22},"4":{"name":"(anonymous_4)","decl":{"start":{"line":23,"column":15},"end":{"line":23,"column":16}},"loc":{"start":{"line":23,"column":34},"end":{"line":26,"column":null}},"line":23}},"branchMap":{},"s":{"0":1,"1":4,"2":1,"3":4,"4":1,"5":1,"6":1,"7":1},"f":{"0":1,"1":4,"2":4,"3":1,"4":1},"b":{},"meta":{"lastBranch":0,"lastFunction":5,"lastStatement":8,"seen":{"f:17:16:17:33":0,"s:18:8:18:Infinity":0,"f:18:31:18:36":1,"s:18:36:18:45":1,"s:19:8:19:Infinity":2,"f:19:47:19:52":2,"s:19:52:19:61":3,"s:21:2:27:Infinity":4,"f:22:16:22:26":3,"s:22:16:22:Infinity":5,"f:23:15:23:16":4,"s:24:6:24:Infinity":6,"s:25:6:25:Infinity":7}}}
,"/home/runner/work/nick-me/nick-me/frontend/src/application/sendContact.ts": {"path":"/home/runner/work/nick-me/nick-me/frontend/src/application/sendContact.ts","statementMap":{"0":{"start":{"line":12,"column":8},"end":{"line":12,"column":null}},"1":{"start":{"line":12,"column":38},"end":{"line":12,"column":48}},"2":{"start":{"line":14,"column":2},"end":{"line":22,"column":null}},"3":{"start":{"line":15,"column":17},"end":{"line":15,"column":null}},"4":{"start":{"line":17,"column":6},"end":{"line":17,"column":null}},"5":{"start":{"line":20,"column":6},"end":{"line":20,"column":null}}},"fnMap":{"0":{"name":"useSendContactMessage","decl":{"start":{"line":11,"column":16},"end":{"line":11,"column":40}},"loc":{"start":{"line":11,"column":40},"end":{"line":23,"column":null}},"line":11},"1":{"name":"(anonymous_1)","decl":{"start":{"line":12,"column":33},"end":{"line":12,"column":38}},"loc":{"start":{"line":12,"column":38},"end":{"line":12,"column":48}},"line":12},"2":{"name":"(anonymous_2)","decl":{"start":{"line":15,"column":16},"end":{"line":15,"column":17}},"loc":{"start":{"line":15,"column":17},"end":{"line":15,"column":null}},"line":15},"3":{"name":"(anonymous_3)","decl":{"start":{"line":16,"column":15},"end":{"line":16,"column":21}},"loc":{"start":{"line":16,"column":21},"end":{"line":18,"column":null}},"line":16},"4":{"name":"(anonymous_4)","decl":{"start":{"line":19,"column":13},"end":{"line":19,"column":14}},"loc":{"start":{"line":19,"column":22},"end":{"line":21,"column":null}},"line":19}},"branchMap":{"0":{"loc":{"start":{"line":20,"column":41},"end":{"line":20,"column":81}},"type":"binary-expr","locations":[{"start":{"line":20,"column":41},"end":{"line":20,"column":56}},{"start":{"line":20,"column":56},"end":{"line":20,"column":81}}],"line":20}},"s":{"0":1,"1":4,"2":1,"3":1,"4":1,"5":0},"f":{"0":1,"1":4,"2":1,"3":1,"4":0},"b":{"0":[0,0]},"meta":{"lastBranch":1,"lastFunction":5,"lastStatement":6,"seen":{"f:11:16:11:40":0,"s:12:8:12:Infinity":0,"f:12:33:12:38":1,"s:12:38:12:48":1,"s:14:2:22:Infinity":2,"f:15:16:15:17":2,"s:15:17:15:Infinity":3,"f:16:15:16:21":3,"s:17:6:17:Infinity":4,"f:19:13:19:14":4,"s:20:6:20:Infinity":5,"b:20:41:20:56:20:56:20:81":0}}}
,"/home/runner/work/nick-me/nick-me/frontend/src/domain/model/ApiError.ts": {"path":"/home/runner/work/nick-me/nick-me/frontend/src/domain/model/ApiError.ts","statementMap":{"0":{"start":{"line":8,"column":4},"end":{"line":8,"column":null}},"1":{"start":{"line":9,"column":4},"end":{"line":9,"column":null}},"2":{"start":{"line":10,"column":4},"end":{"line":10,"column":null}},"3":{"start":{"line":11,"column":4},"end":{"line":11,"column":null}}},"fnMap":{"0":{"name":"(anonymous_0)","decl":{"start":{"line":7,"column":2},"end":{"line":7,"column":14}},"loc":{"start":{"line":7,"column":74},"end":{"line":12,"column":null}},"line":7}},"branchMap":{"0":{"loc":{"start":{"line":8,"column":10},"end":{"line":8,"column":39}},"type":"binary-expr","locations":[{"start":{"line":8,"column":10},"end":{"line":8,"column":28}},{"start":{"line":8,"column":28},"end":{"line":8,"column":39}}],"line":8}},"s":{"0":0,"1":0,"2":0,"3":0},"f":{"0":0},"b":{"0":[0,0]},"meta":{"lastBranch":1,"lastFunction":1,"lastStatement":4,"seen":{"f:7:2:7:14":0,"s:8:4:8:Infinity":0,"b:8:10:8:28:8:28:8:39":0,"s:9:4:9:Infinity":1,"s:10:4:10:Infinity":2,"s:11:4:11:Infinity":3}}}
,"/home/runner/work/nick-me/nick-me/frontend/src/domain/model/Nick.ts": {"path":"/home/runner/work/nick-me/nick-me/frontend/src/domain/model/Nick.ts","statementMap":{},"fnMap":{},"branchMap":{},"s":{},"f":{},"b":{},"meta":{"lastBranch":0,"lastFunction":0,"lastStatement":0,"seen":{}}}
,"/home/runner/work/nick-me/nick-me/frontend/src/infrastructure/altcha.service.ts": {"path":"/home/runner/work/nick-me/nick-me/frontend/src/infrastructure/altcha.service.ts","statementMap":{"0":{"start":{"line":4,"column":10},"end":{"line":4,"column":null}},"1":{"start":{"line":4,"column":44},"end":{"line":4,"column":57}},"2":{"start":{"line":6,"column":2},"end":{"line":8,"column":null}},"3":{"start":{"line":7,"column":4},"end":{"line":7,"column":null}}},"fnMap":{"0":{"name":"useExecuteWithAltcha","decl":{"start":{"line":3,"column":16},"end":{"line":3,"column":39}},"loc":{"start":{"line":3,"column":39},"end":{"line":9,"column":1}},"line":3},"1":{"name":"(anonymous_1)","decl":{"start":{"line":4,"column":39},"end":{"line":4,"column":44}},"loc":{"start":{"line":4,"column":44},"end":{"line":4,"column":57}},"line":4},"2":{"name":"(anonymous_2)","decl":{"start":{"line":6,"column":9},"end":{"line":6,"column":10}},"loc":{"start":{"line":6,"column":35},"end":{"line":8,"column":null}},"line":6}},"branchMap":{},"s":{"0":2,"1":6,"2":2,"3":0},"f":{"0":2,"1":6,"2":0},"b":{},"meta":{"lastBranch":0,"lastFunction":3,"lastStatement":4,"seen":{"f:3:16:3:39":0,"s:4:10:4:Infinity":0,"f:4:39:4:44":1,"s:4:44:4:57":1,"s:6:2:8:Infinity":2,"f:6:9:6:10":2,"s:7:4:7:Infinity":3}}}
,"/home/runner/work/nick-me/nick-me/frontend/src/infrastructure/report.api.ts": {"path":"/home/runner/work/nick-me/nick-me/frontend/src/infrastructure/report.api.ts","statementMap":{"0":{"start":{"line":4,"column":17},"end":{"line":4,"column":null}},"1":{"start":{"line":15,"column":22},"end":{"line":15,"column":null}},"2":{"start":{"line":17,"column":2},"end":{"line":19,"column":null}},"3":{"start":{"line":18,"column":4},"end":{"line":18,"column":null}},"4":{"start":{"line":21,"column":14},"end":{"line":25,"column":null}},"5":{"start":{"line":27,"column":15},"end":{"line":27,"column":null}},"6":{"start":{"line":28,"column":2},"end":{"line":30,"column":null}},"7":{"start":{"line":29,"column":4},"end":{"line":29,"column":null}},"8":{"start":{"line":32,"column":2},"end":{"line":32,"column":null}}},"fnMap":{"0":{"name":"createReport","decl":{"start":{"line":9,"column":22},"end":{"line":9,"column":35}},"loc":{"start":{"line":13,"column":18},"end":{"line":33,"column":null}},"line":13}},"branchMap":{"0":{"loc":{"start":{"line":4,"column":17},"end":{"line":4,"column":null}},"type":"binary-expr","locations":[{"start":{"line":4,"column":17},"end":{"line":4,"column":54}},{"start":{"line":4,"column":54},"end":{"line":4,"column":null}}],"line":4},"1":{"loc":{"start":{"line":17,"column":2},"end":{"line":19,"column":null}},"type":"if","locations":[{"start":{"line":17,"column":2},"end":{"line":19,"column":null}},{"start":{},"end":{}}],"line":17},"2":{"loc":{"start":{"line":28,"column":2},"end":{"line":30,"column":null}},"type":"if","locations":[{"start":{"line":28,"column":2},"end":{"line":30,"column":null}},{"start":{},"end":{}}],"line":28}},"s":{"0":1,"1":0,"2":0,"3":0,"4":0,"5":0,"6":0,"7":0,"8":0},"f":{"0":0},"b":{"0":[1,0],"1":[0,0],"2":[0,0]},"meta":{"lastBranch":3,"lastFunction":1,"lastStatement":9,"seen":{"s:4:17:4:Infinity":0,"b:4:17:4:54:4:54:4:Infinity":0,"f:9:22:9:35":0,"s:15:22:15:Infinity":1,"b:17:2:19:Infinity:undefined:undefined:undefined:undefined":1,"s:17:2:19:Infinity":2,"s:18:4:18:Infinity":3,"s:21:14:25:Infinity":4,"s:27:15:27:Infinity":5,"b:28:2:30:Infinity:undefined:undefined:undefined:undefined":2,"s:28:2:30:Infinity":6,"s:29:4:29:Infinity":7,"s:32:2:32:Infinity":8}}}
,"/home/runner/work/nick-me/nick-me/frontend/src/presentation/components/AltchaModal.tsx": {"path":"/home/runner/work/nick-me/nick-me/frontend/src/presentation/components/AltchaModal.tsx","statementMap":{"0":{"start":{"line":4,"column":29},"end":{"line":4,"column":null}},"1":{"start":{"line":5,"column":41},"end":{"line":5,"column":null}},"2":{"start":{"line":8,"column":8},"end":{"line":8,"column":null}},"3":{"start":{"line":8,"column":41},"end":{"line":8,"column":53}},"4":{"start":{"line":9,"column":8},"end":{"line":9,"column":null}},"5":{"start":{"line":9,"column":38},"end":{"line":9,"column":47}},"6":{"start":{"line":11,"column":28},"end":{"line":16,"column":null}},"7":{"start":{"line":12,"column":4},"end":{"line":15,"column":null}},"8":{"start":{"line":13,"column":24},"end":{"line":13,"column":null}},"9":{"start":{"line":14,"column":8},"end":{"line":14,"column":null}},"10":{"start":{"line":18,"column":2},"end":{"line":20,"column":null}},"11":{"start":{"line":19,"column":4},"end":{"line":19,"column":null}},"12":{"start":{"line":21,"column":2},"end":{"line":21,"column":null}}},"fnMap":{"0":{"name":"AltchaModal","decl":{"start":{"line":7,"column":16},"end":{"line":7,"column":30}},"loc":{"start":{"line":7,"column":30},"end":{"line":22,"column":null}},"line":7},"1":{"name":"(anonymous_1)","decl":{"start":{"line":8,"column":36},"end":{"line":8,"column":41}},"loc":{"start":{"line":8,"column":41},"end":{"line":8,"column":53}},"line":8},"2":{"name":"(anonymous_2)","decl":{"start":{"line":9,"column":33},"end":{"line":9,"column":38}},"loc":{"start":{"line":9,"column":38},"end":{"line":9,"column":47}},"line":9},"3":{"name":"(anonymous_3)","decl":{"start":{"line":11,"column":28},"end":{"line":11,"column":29}},"loc":{"start":{"line":11,"column":49},"end":{"line":16,"column":null}},"line":11}},"branchMap":{"0":{"loc":{"start":{"line":4,"column":29},"end":{"line":4,"column":null}},"type":"binary-expr","locations":[{"start":{"line":4,"column":29},"end":{"line":4,"column":74}},{"start":{"line":4,"column":74},"end":{"line":4,"column":null}}],"line":4},"1":{"loc":{"start":{"line":12,"column":4},"end":{"line":15,"column":null}},"type":"if","locations":[{"start":{"line":12,"column":4},"end":{"line":15,"column":null}},{"start":{},"end":{}}],"line":12},"2":{"loc":{"start":{"line":18,"column":2},"end":{"line":20,"column":null}},"type":"if","locations":[{"start":{"line":18,"column":2},"end":{"line":20,"column":null}},{"start":{},"end":{}}],"line":18}},"s":{"0":1,"1":1,"2":7,"3":23,"4":7,"5":23,"6":7,"7":3,"8":1,"9":1,"10":7,"11":4,"12":3},"f":{"0":7,"1":23,"2":23,"3":3},"b":{"0":[1,0],"1":[1,2],"2":[4,3]},"meta":{"lastBranch":3,"lastFunction":4,"lastStatement":13,"seen":{"s:4:29:4:Infinity":0,"b:4:29:4:74:4:74:4:Infinity":0,"s:5:41:5:Infinity":1,"f:7:16:7:30":0,"s:8:8:8:Infinity":2,"f:8:36:8:41":1,"s:8:41:8:53":3,"s:9:8:9:Infinity":4,"f:9:33:9:38":2,"s:9:38:9:47":5,"s:11:28:16:Infinity":6,"f:11:28:11:29":3,"b:12:4:15:Infinity:undefined:undefined:undefined:undefined":1,"s:12:4:15:Infinity":7,"s:13:24:13:Infinity":8,"s:14:8:14:Infinity":9,"b:18:2:20:Infinity:undefined:undefined:undefined:undefined":2,"s:18:2:20:Infinity":10,"s:19:4:19:Infinity":11,"s:21:2:21:Infinity":12}}}
,"/home/runner/work/nick-me/nick-me/frontend/src/presentation/components/CopyNickButton.tsx": {"path":"/home/runner/work/nick-me/nick-me/frontend/src/presentation/components/CopyNickButton.tsx","statementMap":{"0":{"start":{"line":12,"column":2},"end":{"line":22,"column":null}},"1":{"start":{"line":13,"column":43},"end":{"line":13,"column":50}},"2":{"start":{"line":15,"column":10},"end":{"line":20,"column":null}},"3":{"start":{"line":15,"column":61},"end":{"line":15,"column":69}},"4":{"start":{"line":15,"column":69},"end":{"line":15,"column":91}},"5":{"start":{"line":15,"column":81},"end":{"line":15,"column":91}}},"fnMap":{"0":{"name":"CopyNickButton","decl":{"start":{"line":11,"column":16},"end":{"line":11,"column":31}},"loc":{"start":{"line":11,"column":57},"end":{"line":24,"column":null}},"line":11},"1":{"name":"(anonymous_1)","decl":{"start":{"line":13,"column":38},"end":{"line":13,"column":43}},"loc":{"start":{"line":13,"column":43},"end":{"line":13,"column":50}},"line":13},"2":{"name":"(anonymous_2)","decl":{"start":{"line":14,"column":7},"end":{"line":14,"column":8}},"loc":{"start":{"line":15,"column":10},"end":{"line":20,"column":null}},"line":15},"3":{"name":"(anonymous_3)","decl":{"start":{"line":15,"column":54},"end":{"line":15,"column":60}},"loc":{"start":{"line":15,"column":60},"end":{"line":15,"column":null}},"line":15}},"branchMap":{"0":{"loc":{"start":{"line":15,"column":69},"end":{"line":15,"column":91}},"type":"if","locations":[{"start":{"line":15,"column":69},"end":{"line":15,"column":91}},{"start":{},"end":{}}],"line":15},"1":{"loc":{"start":{"line":17,"column":13},"end":{"line":17,"column":null}},"type":"cond-expr","locations":[{"start":{"line":17,"column":22},"end":{"line":17,"column":48}},{"start":{"line":17,"column":48},"end":{"line":17,"column":null}}],"line":17},"2":{"loc":{"start":{"line":18,"column":14},"end":{"line":18,"column":null}},"type":"cond-expr","locations":[{"start":{"line":18,"column":23},"end":{"line":18,"column":44}},{"start":{"line":18,"column":44},"end":{"line":18,"column":null}}],"line":18}},"s":{"0":4,"1":8,"2":6,"3":3,"4":3,"5":1},"f":{"0":4,"1":8,"2":6,"3":3},"b":{"0":[1,2],"1":[2,4],"2":[2,4]},"meta":{"lastBranch":3,"lastFunction":4,"lastStatement":6,"seen":{"f:11:16:11:31":0,"s:12:2:22:Infinity":0,"f:13:38:13:43":1,"s:13:43:13:50":1,"f:14:7:14:8":2,"s:15:10:20:Infinity":2,"f:15:54:15:60":3,"s:15:61:15:69":3,"b:15:69:15:91:undefined:undefined:undefined:undefined":0,"s:15:69:15:91":4,"s:15:81:15:91":5,"b:17:22:17:48:17:48:17:Infinity":1,"b:18:23:18:44:18:44:18:Infinity":2}}}
,"/home/runner/work/nick-me/nick-me/frontend/src/presentation/components/NickHistoryElement.tsx": {"path":"/home/runner/work/nick-me/nick-me/frontend/src/presentation/components/NickHistoryElement.tsx","statementMap":{"0":{"start":{"line":16,"column":36},"end":{"line":16,"column":null}},"1":{"start":{"line":17,"column":10},"end":{"line":17,"column":null}},"2":{"start":{"line":17,"column":38},"end":{"line":17,"column":47}},"3":{"start":{"line":19,"column":21},"end":{"line":26,"column":null}},"4":{"start":{"line":20,"column":8},"end":{"line":25,"column":null}},"5":{"start":{"line":21,"column":12},"end":{"line":21,"column":null}},"6":{"start":{"line":24,"column":12},"end":{"line":24,"column":null}},"7":{"start":{"line":24,"column":29},"end":{"line":24,"column":51}},"8":{"start":{"line":28,"column":4},"end":{"line":78,"column":null}},"9":{"start":{"line":35,"column":20},"end":{"line":35,"column":null}},"10":{"start":{"line":50,"column":35},"end":{"line":50,"column":42}},"11":{"start":{"line":72,"column":49},"end":{"line":72,"column":66}},"12":{"start":{"line":73,"column":62},"end":{"line":73,"column":79}},"13":{"start":{"line":74,"column":51},"end":{"line":74,"column":68}}},"fnMap":{"0":{"name":"NickHistoryElement","decl":{"start":{"line":15,"column":16},"end":{"line":15,"column":35}},"loc":{"start":{"line":15,"column":52},"end":{"line":82,"column":null}},"line":15},"1":{"name":"(anonymous_1)","decl":{"start":{"line":17,"column":33},"end":{"line":17,"column":38}},"loc":{"start":{"line":17,"column":38},"end":{"line":17,"column":47}},"line":17},"2":{"name":"(anonymous_2)","decl":{"start":{"line":19,"column":21},"end":{"line":19,"column":22}},"loc":{"start":{"line":19,"column":47},"end":{"line":26,"column":null}},"line":19},"3":{"name":"(anonymous_3)","decl":{"start":{"line":24,"column":23},"end":{"line":24,"column":29}},"loc":{"start":{"line":24,"column":29},"end":{"line":24,"column":51}},"line":24},"4":{"name":"(anonymous_4)","decl":{"start":{"line":34,"column":16},"end":{"line":34,"column":22}},"loc":{"start":{"line":34,"column":22},"end":{"line":36,"column":null}},"line":34},"5":{"name":"(anonymous_5)","decl":{"start":{"line":50,"column":30},"end":{"line":50,"column":35}},"loc":{"start":{"line":50,"column":35},"end":{"line":50,"column":42}},"line":50},"6":{"name":"(anonymous_6)","decl":{"start":{"line":72,"column":43},"end":{"line":72,"column":49}},"loc":{"start":{"line":72,"column":49},"end":{"line":72,"column":66}},"line":72},"7":{"name":"(anonymous_7)","decl":{"start":{"line":73,"column":56},"end":{"line":73,"column":62}},"loc":{"start":{"line":73,"column":62},"end":{"line":73,"column":79}},"line":73},"8":{"name":"(anonymous_8)","decl":{"start":{"line":74,"column":45},"end":{"line":74,"column":51}},"loc":{"start":{"line":74,"column":51},"end":{"line":74,"column":68}},"line":74}},"branchMap":{"0":{"loc":{"start":{"line":20,"column":8},"end":{"line":25,"column":null}},"type":"if","locations":[{"start":{"line":20,"column":8},"end":{"line":25,"column":null}},{"start":{"line":23,"column":13},"end":{"line":25,"column":null}}],"line":20},"1":{"loc":{"start":{"line":62,"column":30},"end":{"line":62,"column":null}},"type":"cond-expr","locations":[{"start":{"line":62,"column":64},"end":{"line":62,"column":73}},{"start":{"line":62,"column":73},"end":{"line":62,"column":null}}],"line":62}},"s":{"0":4,"1":4,"2":4,"3":4,"4":0,"5":0,"6":0,"7":0,"8":4,"9":1,"10":8,"11":0,"12":0,"13":0},"f":{"0":4,"1":4,"2":0,"3":0,"4":1,"5":8,"6":0,"7":0,"8":0},"b":{"0":[0,0],"1":[4,0]},"meta":{"lastBranch":2,"lastFunction":9,"lastStatement":14,"seen":{"f:15:16:15:35":0,"s:16:36:16:Infinity":0,"s:17:10:17:Infinity":1,"f:17:33:17:38":1,"s:17:38:17:47":2,"s:19:21:26:Infinity":3,"f:19:21:19:22":2,"b:20:8:25:Infinity:23:13:25:Infinity":0,"s:20:8:25:Infinity":4,"s:21:12:21:Infinity":5,"s:24:12:24:Infinity":6,"f:24:23:24:29":3,"s:24:29:24:51":7,"s:28:4:78:Infinity":8,"f:34:16:34:22":4,"s:35:20:35:Infinity":9,"f:50:30:50:35":5,"s:50:35:50:42":10,"b:62:64:62:73:62:73:62:Infinity":1,"f:72:43:72:49":6,"s:72:49:72:66":11,"f:73:56:73:62":7,"s:73:62:73:79":12,"f:74:45:74:51":8,"s:74:51:74:68":13}}}
,"/home/runner/work/nick-me/nick-me/frontend/src/presentation/components/RemoveNickFromHistoryButton.tsx": {"path":"/home/runner/work/nick-me/nick-me/frontend/src/presentation/components/RemoveNickFromHistoryButton.tsx","statementMap":{"0":{"start":{"line":12,"column":8},"end":{"line":12,"column":null}},"1":{"start":{"line":12,"column":53},"end":{"line":12,"column":65}},"2":{"start":{"line":15,"column":2},"end":{"line":21,"column":null}},"3":{"start":{"line":17,"column":8},"end":{"line":17,"column":null}},"4":{"start":{"line":18,"column":8},"end":{"line":18,"column":null}}},"fnMap":{"0":{"name":"RemoveNickFromHistoryButton","decl":{"start":{"line":11,"column":16},"end":{"line":11,"column":44}},"loc":{"start":{"line":11,"column":70},"end":{"line":23,"column":null}},"line":11},"1":{"name":"(anonymous_1)","decl":{"start":{"line":12,"column":48},"end":{"line":12,"column":53}},"loc":{"start":{"line":12,"column":53},"end":{"line":12,"column":65}},"line":12},"2":{"name":"(anonymous_2)","decl":{"start":{"line":16,"column":58},"end":{"line":16,"column":64}},"loc":{"start":{"line":16,"column":64},"end":{"line":19,"column":null}},"line":16}},"branchMap":{},"s":{"0":2,"1":2,"2":2,"3":1,"4":1},"f":{"0":2,"1":2,"2":1},"b":{},"meta":{"lastBranch":0,"lastFunction":3,"lastStatement":5,"seen":{"f:11:16:11:44":0,"s:12:8:12:Infinity":0,"f:12:48:12:53":1,"s:12:53:12:65":1,"s:15:2:21:Infinity":2,"f:16:58:16:64":2,"s:17:8:17:Infinity":3,"s:18:8:18:Infinity":4}}}
,"/home/runner/work/nick-me/nick-me/frontend/src/presentation/components/ReportForm.tsx": {"path":"/home/runner/work/nick-me/nick-me/frontend/src/presentation/components/ReportForm.tsx","statementMap":{"0":{"start":{"line":9,"column":8},"end":{"line":19,"column":null}},"1":{"start":{"line":15,"column":26},"end":{"line":15,"column":null}},"2":{"start":{"line":16,"column":31},"end":{"line":16,"column":null}},"3":{"start":{"line":17,"column":26},"end":{"line":17,"column":null}},"4":{"start":{"line":21,"column":34},"end":{"line":21,"column":null}},"5":{"start":{"line":22,"column":8},"end":{"line":22,"column":null}},"6":{"start":{"line":23,"column":40},"end":{"line":23,"column":null}},"7":{"start":{"line":25,"column":2},"end":{"line":71,"column":null}},"8":{"start":{"line":31,"column":10},"end":{"line":31,"column":null}},"9":{"start":{"line":32,"column":10},"end":{"line":40,"column":null}},"10":{"start":{"line":33,"column":12},"end":{"line":38,"column":null}},"11":{"start":{"line":35,"column":16},"end":{"line":35,"column":null}},"12":{"start":{"line":36,"column":16},"end":{"line":36,"column":null}},"13":{"start":{"line":36,"column":29},"end":{"line":36,"column":null}},"14":{"start":{"line":39,"column":12},"end":{"line":39,"column":null}}},"fnMap":{"0":{"name":"ReportForm","decl":{"start":{"line":8,"column":16},"end":{"line":8,"column":27}},"loc":{"start":{"line":8,"column":90},"end":{"line":73,"column":null}},"line":8},"1":{"name":"(anonymous_1)","decl":{"start":{"line":15,"column":14},"end":{"line":15,"column":15}},"loc":{"start":{"line":15,"column":26},"end":{"line":15,"column":null}},"line":15},"2":{"name":"(anonymous_2)","decl":{"start":{"line":16,"column":19},"end":{"line":16,"column":20}},"loc":{"start":{"line":16,"column":31},"end":{"line":16,"column":null}},"line":16},"3":{"name":"(anonymous_3)","decl":{"start":{"line":17,"column":14},"end":{"line":17,"column":15}},"loc":{"start":{"line":17,"column":26},"end":{"line":17,"column":null}},"line":17},"4":{"name":"(anonymous_4)","decl":{"start":{"line":30,"column":36},"end":{"line":30,"column":37}},"loc":{"start":{"line":30,"column":48},"end":{"line":41,"column":9}},"line":30},"5":{"name":"(anonymous_5)","decl":{"start":{"line":32,"column":28},"end":{"line":32,"column":34}},"loc":{"start":{"line":32,"column":34},"end":{"line":40,"column":11}},"line":32},"6":{"name":"(anonymous_6)","decl":{"start":{"line":34,"column":25},"end":{"line":34,"column":31}},"loc":{"start":{"line":34,"column":31},"end":{"line":37,"column":null}},"line":34}},"branchMap":{"0":{"loc":{"start":{"line":15,"column":26},"end":{"line":15,"column":null}},"type":"cond-expr","locations":[{"start":{"line":15,"column":46},"end":{"line":15,"column":99}},{"start":{"line":15,"column":99},"end":{"line":15,"column":null}}],"line":15},"1":{"loc":{"start":{"line":16,"column":31},"end":{"line":16,"column":null}},"type":"cond-expr","locations":[{"start":{"line":16,"column":75},"end":{"line":16,"column":82}},{"start":{"line":16,"column":82},"end":{"line":16,"column":null}}],"line":16},"2":{"loc":{"start":{"line":16,"column":31},"end":{"line":16,"column":75}},"type":"binary-expr","locations":[{"start":{"line":16,"column":31},"end":{"line":16,"column":49}},{"start":{"line":16,"column":49},"end":{"line":16,"column":75}}],"line":16},"3":{"loc":{"start":{"line":17,"column":26},"end":{"line":17,"column":null}},"type":"cond-expr","locations":[{"start":{"line":17,"column":43},"end":{"line":17,"column":50}},{"start":{"line":17,"column":50},"end":{"line":17,"column":null}}],"line":17},"4":{"loc":{"start":{"line":29,"column":31},"end":{"line":29,"column":57}},"type":"binary-expr","locations":[{"start":{"line":29,"column":31},"end":{"line":29,"column":44}},{"start":{"line":29,"column":44},"end":{"line":29,"column":57}}],"line":29},"5":{"loc":{"start":{"line":36,"column":16},"end":{"line":36,"column":null}},"type":"if","locations":[{"start":{"line":36,"column":16},"end":{"line":36,"column":null}},{"start":{},"end":{}}],"line":36},"6":{"loc":{"start":{"line":65,"column":20},"end":{"line":65,"column":null}},"type":"binary-expr","locations":[{"start":{"line":65,"column":20},"end":{"line":65,"column":33}},{"start":{"line":65,"column":33},"end":{"line":65,"column":null}}],"line":65}},"s":{"0":2,"1":0,"2":0,"3":0,"4":2,"5":2,"6":2,"7":2,"8":0,"9":0,"10":0,"11":0,"12":0,"13":0,"14":0},"f":{"0":2,"1":0,"2":0,"3":0,"4":0,"5":0,"6":0},"b":{"0":[0,0],"1":[0,0],"2":[0,0],"3":[0,0],"4":[2,2],"5":[0,0],"6":[2,2]},"meta":{"lastBranch":7,"lastFunction":7,"lastStatement":15,"seen":{"f:8:16:8:27":0,"s:9:8:19:Infinity":0,"f:15:14:15:15":1,"s:15:26:15:Infinity":1,"b:15:46:15:99:15:99:15:Infinity":0,"f:16:19:16:20":2,"s:16:31:16:Infinity":2,"b:16:75:16:82:16:82:16:Infinity":1,"b:16:31:16:49:16:49:16:75":2,"f:17:14:17:15":3,"s:17:26:17:Infinity":3,"b:17:43:17:50:17:50:17:Infinity":3,"s:21:34:21:Infinity":4,"s:22:8:22:Infinity":5,"s:23:40:23:Infinity":6,"s:25:2:71:Infinity":7,"b:29:31:29:44:29:44:29:57":4,"f:30:36:30:37":4,"s:31:10:31:Infinity":8,"s:32:10:40:Infinity":9,"f:32:28:32:34":5,"s:33:12:38:Infinity":10,"f:34:25:34:31":6,"s:35:16:35:Infinity":11,"b:36:16:36:Infinity:undefined:undefined:undefined:undefined":5,"s:36:16:36:Infinity":12,"s:36:29:36:Infinity":13,"s:39:12:39:Infinity":14,"b:65:20:65:33:65:33:65:Infinity":6}}}
,"/home/runner/work/nick-me/nick-me/frontend/src/presentation/components/ReportNickButton.tsx": {"path":"/home/runner/work/nick-me/nick-me/frontend/src/presentation/components/ReportNickButton.tsx","statementMap":{"0":{"start":{"line":13,"column":8},"end":{"line":13,"column":null}},"1":{"start":{"line":13,"column":42},"end":{"line":13,"column":51}},"2":{"start":{"line":15,"column":2},"end":{"line":20,"column":null}},"3":{"start":{"line":17,"column":65},"end":{"line":17,"column":80}},"4":{"start":{"line":17,"column":80},"end":{"line":17,"column":103}},"5":{"start":{"line":17,"column":93},"end":{"line":17,"column":103}}},"fnMap":{"0":{"name":"ReportNickButton","decl":{"start":{"line":12,"column":16},"end":{"line":12,"column":33}},"loc":{"start":{"line":12,"column":59},"end":{"line":22,"column":null}},"line":12},"1":{"name":"(anonymous_1)","decl":{"start":{"line":13,"column":37},"end":{"line":13,"column":42}},"loc":{"start":{"line":13,"column":42},"end":{"line":13,"column":51}},"line":13},"2":{"name":"(anonymous_2)","decl":{"start":{"line":17,"column":58},"end":{"line":17,"column":64}},"loc":{"start":{"line":17,"column":64},"end":{"line":17,"column":null}},"line":17}},"branchMap":{"0":{"loc":{"start":{"line":17,"column":80},"end":{"line":17,"column":103}},"type":"if","locations":[{"start":{"line":17,"column":80},"end":{"line":17,"column":103}},{"start":{},"end":{}}],"line":17}},"s":{"0":4,"1":4,"2":4,"3":3,"4":3,"5":1},"f":{"0":4,"1":4,"2":3},"b":{"0":[1,2]},"meta":{"lastBranch":1,"lastFunction":3,"lastStatement":6,"seen":{"f:12:16:12:33":0,"s:13:8:13:Infinity":0,"f:13:37:13:42":1,"s:13:42:13:51":1,"s:15:2:20:Infinity":2,"f:17:58:17:64":2,"s:17:65:17:80":3,"b:17:80:17:103:undefined:undefined:undefined:undefined":0,"s:17:80:17:103":4,"s:17:93:17:103":5}}}
,"/home/runner/work/nick-me/nick-me/frontend/src/presentation/components/ReportNickModal.tsx": {"path":"/home/runner/work/nick-me/nick-me/frontend/src/presentation/components/ReportNickModal.tsx","statementMap":{"0":{"start":{"line":7,"column":8},"end":{"line":7,"column":null}},"1":{"start":{"line":7,"column":39},"end":{"line":7,"column":45}},"2":{"start":{"line":8,"column":8},"end":{"line":8,"column":null}},"3":{"start":{"line":8,"column":42},"end":{"line":8,"column":51}},"4":{"start":{"line":10,"column":2},"end":{"line":14,"column":null}},"5":{"start":{"line":12,"column":49},"end":{"line":12,"column":64}},"6":{"start":{"line":12,"column":104},"end":{"line":12,"column":111}},"7":{"start":{"line":13,"column":35},"end":{"line":13,"column":49}}},"fnMap":{"0":{"name":"ReportNickModal","decl":{"start":{"line":6,"column":16},"end":{"line":6,"column":34}},"loc":{"start":{"line":6,"column":34},"end":{"line":16,"column":null}},"line":6},"1":{"name":"(anonymous_1)","decl":{"start":{"line":7,"column":34},"end":{"line":7,"column":39}},"loc":{"start":{"line":7,"column":39},"end":{"line":7,"column":45}},"line":7},"2":{"name":"(anonymous_2)","decl":{"start":{"line":8,"column":37},"end":{"line":8,"column":42}},"loc":{"start":{"line":8,"column":42},"end":{"line":8,"column":51}},"line":8},"3":{"name":"(anonymous_3)","decl":{"start":{"line":12,"column":43},"end":{"line":12,"column":49}},"loc":{"start":{"line":12,"column":49},"end":{"line":12,"column":64}},"line":12},"4":{"name":"(anonymous_4)","decl":{"start":{"line":12,"column":99},"end":{"line":12,"column":104}},"loc":{"start":{"line":12,"column":104},"end":{"line":12,"column":111}},"line":12},"5":{"name":"(anonymous_5)","decl":{"start":{"line":13,"column":28},"end":{"line":13,"column":34}},"loc":{"start":{"line":13,"column":34},"end":{"line":13,"column":53}},"line":13}},"branchMap":{"0":{"loc":{"start":{"line":11,"column":4},"end":{"line":14,"column":null}},"type":"binary-expr","locations":[{"start":{"line":11,"column":4},"end":{"line":11,"column":null}},{"start":{"line":12,"column":4},"end":{"line":14,"column":null}}],"line":11}},"s":{"0":2,"1":2,"2":2,"3":2,"4":2,"5":1,"6":4,"7":0},"f":{"0":2,"1":2,"2":2,"3":1,"4":4,"5":0},"b":{"0":[2,2]},"meta":{"lastBranch":1,"lastFunction":6,"lastStatement":8,"seen":{"f:6:16:6:34":0,"s:7:8:7:Infinity":0,"f:7:34:7:39":1,"s:7:39:7:45":1,"s:8:8:8:Infinity":2,"f:8:37:8:42":2,"s:8:42:8:51":3,"s:10:2:14:Infinity":4,"b:11:4:11:Infinity:12:4:14:Infinity":0,"f:12:43:12:49":3,"s:12:49:12:64":5,"f:12:99:12:104":4,"s:12:104:12:111":6,"f:13:28:13:34":5,"s:13:35:13:49":7}}}
,"/home/runner/work/nick-me/nick-me/frontend/src/presentation/stores/altcha.store.ts": {"path":"/home/runner/work/nick-me/nick-me/frontend/src/presentation/stores/altcha.store.ts","statementMap":{"0":{"start":{"line":3,"column":23},"end":{"line":3,"column":null}},"1":{"start":{"line":4,"column":36},"end":{"line":4,"column":null}},"2":{"start":{"line":19,"column":13},"end":{"line":59,"column":null}},"3":{"start":{"line":19,"column":65},"end":{"line":59,"column":2}},"4":{"start":{"line":24,"column":25},"end":{"line":24,"column":null}},"5":{"start":{"line":25,"column":4},"end":{"line":33,"column":null}},"6":{"start":{"line":35,"column":4},"end":{"line":37,"column":null}},"7":{"start":{"line":36,"column":6},"end":{"line":36,"column":null}},"8":{"start":{"line":40,"column":4},"end":{"line":43,"column":null}},"9":{"start":{"line":41,"column":6},"end":{"line":41,"column":null}},"10":{"start":{"line":42,"column":6},"end":{"line":42,"column":null}},"11":{"start":{"line":45,"column":4},"end":{"line":49,"column":null}},"12":{"start":{"line":46,"column":6},"end":{"line":46,"column":null}},"13":{"start":{"line":47,"column":6},"end":{"line":47,"column":null}},"14":{"start":{"line":48,"column":6},"end":{"line":48,"column":null}},"15":{"start":{"line":51,"column":22},"end":{"line":51,"column":null}},"16":{"start":{"line":52,"column":4},"end":{"line":56,"column":null}},"17":{"start":{"line":53,"column":6},"end":{"line":53,"column":null}},"18":{"start":{"line":54,"column":6},"end":{"line":54,"column":null}},"19":{"start":{"line":55,"column":6},"end":{"line":55,"column":null}},"20":{"start":{"line":57,"column":4},"end":{"line":57,"column":null}}},"fnMap":{"0":{"name":"(anonymous_0)","decl":{"start":{"line":19,"column":50},"end":{"line":19,"column":51}},"loc":{"start":{"line":19,"column":65},"end":{"line":59,"column":2}},"line":19},"1":{"name":"(anonymous_1)","decl":{"start":{"line":23,"column":14},"end":{"line":23,"column":25}},"loc":{"start":{"line":23,"column":25},"end":{"line":38,"column":null}},"line":23},"2":{"name":"(anonymous_2)","decl":{"start":{"line":39,"column":15},"end":{"line":39,"column":16}},"loc":{"start":{"line":39,"column":50},"end":{"line":58,"column":null}},"line":39}},"branchMap":{"0":{"loc":{"start":{"line":20,"column":9},"end":{"line":20,"column":null}},"type":"cond-expr","locations":[{"start":{"line":20,"column":26},"end":{"line":20,"column":33}},{"start":{"line":20,"column":33},"end":{"line":20,"column":null}}],"line":20},"1":{"loc":{"start":{"line":35,"column":4},"end":{"line":37,"column":null}},"type":"if","locations":[{"start":{"line":35,"column":4},"end":{"line":37,"column":null}},{"start":{},"end":{}}],"line":35},"2":{"loc":{"start":{"line":40,"column":4},"end":{"line":43,"column":null}},"type":"if","locations":[{"start":{"line":40,"column":4},"end":{"line":43,"column":null}},{"start":{},"end":{}}],"line":40},"3":{"loc":{"start":{"line":45,"column":4},"end":{"line":49,"column":null}},"type":"if","locations":[{"start":{"line":45,"column":4},"end":{"line":49,"column":null}},{"start":{},"end":{}}],"line":45},"4":{"loc":{"start":{"line":52,"column":4},"end":{"line":56,"column":null}},"type":"if","locations":[{"start":{"line":52,"column":4},"end":{"line":56,"column":null}},{"start":{},"end":{}}],"line":52},"5":{"loc":{"start":{"line":52,"column":8},"end":{"line":52,"column":64}},"type":"binary-expr","locations":[{"start":{"line":52,"column":8},"end":{"line":52,"column":17}},{"start":{"line":52,"column":17},"end":{"line":52,"column":34}},{"start":{"line":52,"column":34},"end":{"line":52,"column":64}}],"line":52}},"s":{"0":8,"1":8,"2":8,"3":8,"4":2,"5":2,"6":2,"7":1,"8":2,"9":0,"10":0,"11":2,"12":0,"13":0,"14":0,"15":2,"16":2,"17":1,"18":1,"19":1,"20":1},"f":{"0":8,"1":2,"2":2},"b":{"0":[8,0],"1":[1,1],"2":[0,2],"3":[0,2],"4":[1,1],"5":[2,1,1]},"meta":{"lastBranch":6,"lastFunction":3,"lastStatement":21,"seen":{"s:3:23:3:Infinity":0,"s:4:36:4:Infinity":1,"s:19:13:59:Infinity":2,"f:19:50:19:51":0,"s:19:65:59:2":3,"b:20:26:20:33:20:33:20:Infinity":0,"f:23:14:23:25":1,"s:24:25:24:Infinity":4,"s:25:4:33:Infinity":5,"b:35:4:37:Infinity:undefined:undefined:undefined:undefined":1,"s:35:4:37:Infinity":6,"s:36:6:36:Infinity":7,"f:39:15:39:16":2,"b:40:4:43:Infinity:undefined:undefined:undefined:undefined":2,"s:40:4:43:Infinity":8,"s:41:6:41:Infinity":9,"s:42:6:42:Infinity":10,"b:45:4:49:Infinity:undefined:undefined:undefined:undefined":3,"s:45:4:49:Infinity":11,"s:46:6:46:Infinity":12,"s:47:6:47:Infinity":13,"s:48:6:48:Infinity":14,"s:51:22:51:Infinity":15,"b:52:4:56:Infinity:undefined:undefined:undefined:undefined":4,"s:52:4:56:Infinity":16,"b:52:8:52:17:52:17:52:34:52:34:52:64":5,"s:53:6:53:Infinity":17,"s:54:6:54:Infinity":18,"s:55:6:55:Infinity":19,"s:57:4:57:Infinity":20}}}
,"/home/runner/work/nick-me/nick-me/frontend/src/presentation/stores/criteria.store.ts": {"path":"/home/runner/work/nick-me/nick-me/frontend/src/presentation/stores/criteria.store.ts","statementMap":{"0":{"start":{"line":9,"column":42},"end":{"line":12,"column":null}},"1":{"start":{"line":14,"column":13},"end":{"line":18,"column":null}},"2":{"start":{"line":14,"column":62},"end":{"line":18,"column":2}},"3":{"start":{"line":17,"column":39},"end":{"line":17,"column":null}}},"fnMap":{"0":{"name":"(anonymous_0)","decl":{"start":{"line":14,"column":54},"end":{"line":14,"column":62}},"loc":{"start":{"line":14,"column":62},"end":{"line":18,"column":2}},"line":14},"1":{"name":"(anonymous_1)","decl":{"start":{"line":17,"column":15},"end":{"line":17,"column":16}},"loc":{"start":{"line":17,"column":39},"end":{"line":17,"column":null}},"line":17}},"branchMap":{},"s":{"0":1,"1":1,"2":1,"3":1},"f":{"0":1,"1":1},"b":{},"meta":{"lastBranch":0,"lastFunction":2,"lastStatement":4,"seen":{"s:9:42:12:Infinity":0,"s:14:13:18:Infinity":1,"f:14:54:14:62":0,"s:14:62:18:2":2,"f:17:15:17:16":1,"s:17:39:17:Infinity":3}}}
,"/home/runner/work/nick-me/nick-me/frontend/src/presentation/stores/nick-history.store.ts": {"path":"/home/runner/work/nick-me/nick-me/frontend/src/presentation/stores/nick-history.store.ts","statementMap":{"0":{"start":{"line":4,"column":20},"end":{"line":4,"column":null}},"1":{"start":{"line":7,"column":2},"end":{"line":11,"column":null}},"2":{"start":{"line":8,"column":4},"end":{"line":8,"column":null}},"3":{"start":{"line":10,"column":4},"end":{"line":10,"column":null}},"4":{"start":{"line":15,"column":2},"end":{"line":15,"column":null}},"5":{"start":{"line":24,"column":13},"end":{"line":41,"column":null}},"6":{"start":{"line":24,"column":70},"end":{"line":41,"column":2}},"7":{"start":{"line":28,"column":4},"end":{"line":32,"column":null}},"8":{"start":{"line":29,"column":22},"end":{"line":29,"column":null}},"9":{"start":{"line":30,"column":6},"end":{"line":30,"column":null}},"10":{"start":{"line":31,"column":6},"end":{"line":31,"column":null}},"11":{"start":{"line":34,"column":4},"end":{"line":38,"column":null}},"12":{"start":{"line":35,"column":22},"end":{"line":35,"column":null}},"13":{"start":{"line":35,"column":48},"end":{"line":35,"column":64}},"14":{"start":{"line":36,"column":6},"end":{"line":36,"column":null}},"15":{"start":{"line":37,"column":6},"end":{"line":37,"column":null}}},"fnMap":{"0":{"name":"loadHistory","decl":{"start":{"line":6,"column":9},"end":{"line":6,"column":31}},"loc":{"start":{"line":6,"column":31},"end":{"line":12,"column":null}},"line":6},"1":{"name":"saveHistory","decl":{"start":{"line":14,"column":9},"end":{"line":14,"column":21}},"loc":{"start":{"line":14,"column":38},"end":{"line":16,"column":null}},"line":14},"2":{"name":"(anonymous_2)","decl":{"start":{"line":24,"column":60},"end":{"line":24,"column":61}},"loc":{"start":{"line":24,"column":70},"end":{"line":41,"column":2}},"line":24},"3":{"name":"(anonymous_3)","decl":{"start":{"line":27,"column":11},"end":{"line":27,"column":12}},"loc":{"start":{"line":28,"column":4},"end":{"line":32,"column":null}},"line":28},"4":{"name":"(anonymous_4)","decl":{"start":{"line":28,"column":8},"end":{"line":28,"column":17}},"loc":{"start":{"line":28,"column":17},"end":{"line":32,"column":5}},"line":28},"5":{"name":"(anonymous_5)","decl":{"start":{"line":33,"column":14},"end":{"line":33,"column":15}},"loc":{"start":{"line":33,"column":30},"end":{"line":39,"column":null}},"line":33},"6":{"name":"(anonymous_6)","decl":{"start":{"line":34,"column":8},"end":{"line":34,"column":17}},"loc":{"start":{"line":34,"column":17},"end":{"line":38,"column":5}},"line":34},"7":{"name":"(anonymous_7)","decl":{"start":{"line":35,"column":43},"end":{"line":35,"column":48}},"loc":{"start":{"line":35,"column":48},"end":{"line":35,"column":64}},"line":35}},"branchMap":{"0":{"loc":{"start":{"line":8,"column":22},"end":{"line":8,"column":63}},"type":"binary-expr","locations":[{"start":{"line":8,"column":22},"end":{"line":8,"column":59}},{"start":{"line":8,"column":59},"end":{"line":8,"column":63}}],"line":8}},"s":{"0":3,"1":3,"2":3,"3":0,"4":5,"5":3,"6":3,"7":3,"8":3,"9":3,"10":3,"11":2,"12":2,"13":2,"14":2,"15":2},"f":{"0":3,"1":5,"2":3,"3":3,"4":3,"5":2,"6":2,"7":2},"b":{"0":[3,3]},"meta":{"lastBranch":1,"lastFunction":8,"lastStatement":16,"seen":{"s:4:20:4:Infinity":0,"f:6:9:6:31":0,"s:7:2:11:Infinity":1,"s:8:4:8:Infinity":2,"b:8:22:8:59:8:59:8:63":0,"s:10:4:10:Infinity":3,"f:14:9:14:21":1,"s:15:2:15:Infinity":4,"s:24:13:41:Infinity":5,"f:24:60:24:61":2,"s:24:70:41:2":6,"f:27:11:27:12":3,"s:28:4:32:Infinity":7,"f:28:8:28:17":4,"s:29:22:29:Infinity":8,"s:30:6:30:Infinity":9,"s:31:6:31:Infinity":10,"f:33:14:33:15":5,"s:34:4:38:Infinity":11,"f:34:8:34:17":6,"s:35:22:35:Infinity":12,"f:35:43:35:48":7,"s:35:48:35:64":13,"s:36:6:36:Infinity":14,"s:37:6:37:Infinity":15}}}
,"/home/runner/work/nick-me/nick-me/frontend/src/presentation/stores/nick.store.ts": {"path":"/home/runner/work/nick-me/nick-me/frontend/src/presentation/stores/nick.store.ts","statementMap":{"0":{"start":{"line":9,"column":13},"end":{"line":13,"column":null}},"1":{"start":{"line":9,"column":54},"end":{"line":13,"column":2}},"2":{"start":{"line":12,"column":27},"end":{"line":12,"column":null}}},"fnMap":{"0":{"name":"(anonymous_0)","decl":{"start":{"line":9,"column":46},"end":{"line":9,"column":54}},"loc":{"start":{"line":9,"column":54},"end":{"line":13,"column":2}},"line":9},"1":{"name":"(anonymous_1)","decl":{"start":{"line":12,"column":11},"end":{"line":12,"column":12}},"loc":{"start":{"line":12,"column":27},"end":{"line":12,"column":null}},"line":12}},"branchMap":{},"s":{"0":3,"1":3,"2":4},"f":{"0":3,"1":4},"b":{},"meta":{"lastBranch":0,"lastFunction":2,"lastStatement":3,"seen":{"s:9:13:13:Infinity":0,"f:9:46:9:54":0,"s:9:54:13:2":1,"f:12:11:12:12":1,"s:12:27:12:Infinity":2}}}
,"/home/runner/work/nick-me/nick-me/frontend/src/presentation/stores/toast-id-generator.ts": {"path":"/home/runner/work/nick-me/nick-me/frontend/src/presentation/stores/toast-id-generator.ts","statementMap":{"0":{"start":{"line":3,"column":41},"end":{"line":3,"column":null}},"1":{"start":{"line":3,"column":47},"end":{"line":3,"column":null}},"2":{"start":{"line":6,"column":2},"end":{"line":6,"column":null}},"3":{"start":{"line":10,"column":2},"end":{"line":10,"column":null}}},"fnMap":{"0":{"name":"(anonymous_0)","decl":{"start":{"line":3,"column":41},"end":{"line":3,"column":47}},"loc":{"start":{"line":3,"column":47},"end":{"line":3,"column":null}},"line":3},"1":{"name":"setToastIdGenerator","decl":{"start":{"line":5,"column":16},"end":{"line":5,"column":36}},"loc":{"start":{"line":5,"column":65},"end":{"line":7,"column":null}},"line":5},"2":{"name":"generateToastId","decl":{"start":{"line":9,"column":16},"end":{"line":9,"column":42}},"loc":{"start":{"line":9,"column":42},"end":{"line":11,"column":null}},"line":9}},"branchMap":{},"s":{"0":5,"1":5,"2":6,"3":7},"f":{"0":5,"1":6,"2":7},"b":{},"meta":{"lastBranch":0,"lastFunction":3,"lastStatement":4,"seen":{"s:3:41:3:Infinity":0,"f:3:41:3:47":0,"s:3:47:3:Infinity":1,"f:5:16:5:36":1,"s:6:2:6:Infinity":2,"f:9:16:9:42":2,"s:10:2:10:Infinity":3}}}
,"/home/runner/work/nick-me/nick-me/frontend/src/presentation/stores/toast.store.ts": {"path":"/home/runner/work/nick-me/nick-me/frontend/src/presentation/stores/toast.store.ts","statementMap":{"0":{"start":{"line":19,"column":13},"end":{"line":35,"column":null}},"1":{"start":{"line":19,"column":63},"end":{"line":35,"column":2}},"2":{"start":{"line":23,"column":10},"end":{"line":23,"column":null}},"3":{"start":{"line":24,"column":4},"end":{"line":24,"column":null}},"4":{"start":{"line":24,"column":20},"end":{"line":24,"column":83}},"5":{"start":{"line":27,"column":4},"end":{"line":29,"column":null}},"6":{"start":{"line":28,"column":6},"end":{"line":28,"column":null}},"7":{"start":{"line":33,"column":4},"end":{"line":33,"column":null}},"8":{"start":{"line":33,"column":20},"end":{"line":33,"column":72}},"9":{"start":{"line":33,"column":57},"end":{"line":33,"column":68}}},"fnMap":{"0":{"name":"(anonymous_0)","decl":{"start":{"line":19,"column":48},"end":{"line":19,"column":49}},"loc":{"start":{"line":19,"column":63},"end":{"line":35,"column":2}},"line":19},"1":{"name":"(anonymous_1)","decl":{"start":{"line":22,"column":12},"end":{"line":22,"column":13}},"loc":{"start":{"line":22,"column":52},"end":{"line":30,"column":null}},"line":22},"2":{"name":"(anonymous_2)","decl":{"start":{"line":24,"column":8},"end":{"line":24,"column":9}},"loc":{"start":{"line":24,"column":20},"end":{"line":24,"column":83}},"line":24},"3":{"name":"(anonymous_3)","decl":{"start":{"line":27,"column":15},"end":{"line":27,"column":21}},"loc":{"start":{"line":27,"column":21},"end":{"line":29,"column":7}},"line":27},"4":{"name":"(anonymous_4)","decl":{"start":{"line":32,"column":15},"end":{"line":32,"column":16}},"loc":{"start":{"line":32,"column":23},"end":{"line":34,"column":null}},"line":32},"5":{"name":"(anonymous_5)","decl":{"start":{"line":33,"column":8},"end":{"line":33,"column":9}},"loc":{"start":{"line":33,"column":20},"end":{"line":33,"column":72}},"line":33},"6":{"name":"(anonymous_6)","decl":{"start":{"line":33,"column":50},"end":{"line":33,"column":51}},"loc":{"start":{"line":33,"column":57},"end":{"line":33,"column":68}},"line":33}},"branchMap":{"0":{"loc":{"start":{"line":22,"column":30},"end":{"line":22,"column":46}},"type":"default-arg","locations":[{"start":{"line":22,"column":41},"end":{"line":22,"column":46}}],"line":22}},"s":{"0":5,"1":5,"2":7,"3":7,"4":7,"5":7,"6":0,"7":2,"8":2,"9":3},"f":{"0":5,"1":7,"2":7,"3":0,"4":2,"5":2,"6":3},"b":{"0":[7]},"meta":{"lastBranch":1,"lastFunction":7,"lastStatement":10,"seen":{"s:19:13:35:Infinity":0,"f:19:48:19:49":0,"s:19:63:35:2":1,"f:22:12:22:13":1,"b:22:41:22:46":0,"s:23:10:23:Infinity":2,"s:24:4:24:Infinity":3,"f:24:8:24:9":2,"s:24:20:24:83":4,"s:27:4:29:Infinity":5,"f:27:15:27:21":3,"s:28:6:28:Infinity":6,"f:32:15:32:16":4,"s:33:4:33:Infinity":7,"f:33:8:33:9":5,"s:33:20:33:72":8,"f:33:50:33:51":6,"s:33:57:33:68":9}}}
,"/home/runner/work/nick-me/nick-me/frontend/test-utils/createTestWrapper.tsx": {"path":"/home/runner/work/nick-me/nick-me/frontend/test-utils/createTestWrapper.tsx","statementMap":{"0":{"start":{"line":4,"column":22},"end":{"line":8,"column":null}},"1":{"start":{"line":10,"column":2},"end":{"line":13,"column":null}},"2":{"start":{"line":11,"column":4},"end":{"line":13,"column":null}}},"fnMap":{"0":{"name":"createTestWrapper","decl":{"start":{"line":3,"column":16},"end":{"line":3,"column":36}},"loc":{"start":{"line":3,"column":36},"end":{"line":15,"column":null}},"line":3},"1":{"name":"(anonymous_1)","decl":{"start":{"line":10,"column":9},"end":{"line":10,"column":10}},"loc":{"start":{"line":11,"column":4},"end":{"line":13,"column":null}},"line":11}},"branchMap":{},"s":{"0":7,"1":7,"2":7},"f":{"0":7,"1":7},"b":{},"meta":{"lastBranch":0,"lastFunction":2,"lastStatement":3,"seen":{"f:3:16:3:36":0,"s:4:22:8:Infinity":0,"s:10:2:13:Infinity":1,"f:10:9:10:10":1,"s:11:4:13:Infinity":2}}}
,"/home/runner/work/nick-me/nick-me/frontend/test-utils/index.ts": {"path":"/home/runner/work/nick-me/nick-me/frontend/test-utils/index.ts","statementMap":{},"fnMap":{},"branchMap":{},"s":{},"f":{},"b":{},"meta":{"lastBranch":0,"lastFunction":0,"lastStatement":0,"seen":{}}}
,"/home/runner/work/nick-me/nick-me/frontend/test-utils/render.tsx": {"path":"/home/runner/work/nick-me/nick-me/frontend/test-utils/render.tsx","statementMap":{"0":{"start":{"line":7,"column":20},"end":{"line":7,"column":null}},"1":{"start":{"line":10,"column":2},"end":{"line":14,"column":null}},"2":{"start":{"line":12,"column":6},"end":{"line":12,"column":null}}},"fnMap":{"0":{"name":"render","decl":{"start":{"line":9,"column":16},"end":{"line":9,"column":23}},"loc":{"start":{"line":9,"column":44},"end":{"line":15,"column":null}},"line":9},"1":{"name":"(anonymous_1)","decl":{"start":{"line":11,"column":13},"end":{"line":11,"column":14}},"loc":{"start":{"line":12,"column":6},"end":{"line":12,"column":null}},"line":12}},"branchMap":{},"s":{"0":5,"1":15,"2":15},"f":{"0":15,"1":15},"b":{},"meta":{"lastBranch":0,"lastFunction":2,"lastStatement":3,"seen":{"s:7:20:7:Infinity":0,"f:9:16:9:23":0,"s:10:2:14:Infinity":1,"f:11:13:11:14":1,"s:12:6:12:Infinity":2}}}
}
