{"/home/runner/work/nick-me/nick-me/frontend/src/application/createReport.ts": {"path":"/home/runner/work/nick-me/nick-me/frontend/src/application/createReport.ts","statementMap":{"0":{"start":{"line":12,"column":8},"end":{"line":12,"column":null}},"1":{"start":{"line":12,"column":38},"end":{"line":12,"column":48}},"2":{"start":{"line":14,"column":2},"end":{"line":22,"column":null}},"3":{"start":{"line":15,"column":17},"end":{"line":15,"column":null}},"4":{"start":{"line":17,"column":6},"end":{"line":17,"column":null}},"5":{"start":{"line":20,"column":6},"end":{"line":20,"column":null}}},"fnMap":{"0":{"name":"useCreateReport","decl":{"start":{"line":11,"column":16},"end":{"line":11,"column":34}},"loc":{"start":{"line":11,"column":34},"end":{"line":23,"column":null}},"line":11},"1":{"name":"(anonymous_1)","decl":{"start":{"line":12,"column":33},"end":{"line":12,"column":38}},"loc":{"start":{"line":12,"column":38},"end":{"line":12,"column":48}},"line":12},"2":{"name":"(anonymous_2)","decl":{"start":{"line":15,"column":16},"end":{"line":15,"column":17}},"loc":{"start":{"line":15,"column":17},"end":{"line":15,"column":null}},"line":15},"3":{"name":"(anonymous_3)","decl":{"start":{"line":16,"column":15},"end":{"line":16,"column":21}},"loc":{"start":{"line":16,"column":21},"end":{"line":18,"column":null}},"line":16},"4":{"name":"(anonymous_4)","decl":{"start":{"line":19,"column":13},"end":{"line":19,"column":14}},"loc":{"start":{"line":19,"column":22},"end":{"line":21,"column":null}},"line":19}},"branchMap":{"0":{"loc":{"start":{"line":20,"column":41},"end":{"line":20,"column":81}},"type":"binary-expr","locations":[{"start":{"line":20,"column":41},"end":{"line":20,"column":56}},{"start":{"line":20,"column":56},"end":{"line":20,"column":81}}],"line":20}},"s":{"0":4,"1":15,"2":4,"3":3,"4":1,"5":2},"f":{"0":4,"1":15,"2":3,"3":1,"4":2},"b":{"0":[2,1]},"meta":{"lastBranch":1,"lastFunction":5,"lastStatement":6,"seen":{"f:11:16:11:34":0,"s:12:8:12:Infinity":0,"f:12:33:12:38":1,"s:12:38:12:48":1,"s:14:2:22:Infinity":2,"f:15:16:15:17":2,"s:15:17:15:Infinity":3,"f:16:15:16:21":3,"s:17:6:17:Infinity":4,"f:19:13:19:14":4,"s:20:6:20:Infinity":5,"b:20:41:20:56:20:56:20:81":0}}}
,"/home/runner/work/nick-me/nick-me/frontend/src/application/createSuggestion.ts": {"path":"/home/runner/work/nick-me/nick-me/frontend/src/application/createSuggestion.ts","statementMap":{"0":{"start":{"line":11,"column":8},"end":{"line":11,"column":null}},"1":{"start":{"line":11,"column":38},"end":{"line":11,"column":48}},"2":{"start":{"line":13,"column":2},"end":{"line":21,"column":null}},"3":{"start":{"line":14,"column":17},"end":{"line":14,"column":null}},"4":{"start":{"line":16,"column":6},"end":{"line":16,"column":null}},"5":{"start":{"line":19,"column":6},"end":{"line":19,"column":null}}},"fnMap":{"0":{"name":"useCreateSuggestion","decl":{"start":{"line":10,"column":16},"end":{"line":10,"column":38}},"loc":{"start":{"line":10,"column":38},"end":{"line":22,"column":null}},"line":10},"1":{"name":"(anonymous_1)","decl":{"start":{"line":11,"column":33},"end":{"line":11,"column":38}},"loc":{"start":{"line":11,"column":38},"end":{"line":11,"column":48}},"line":11},"2":{"name":"(anonymous_2)","decl":{"start":{"line":14,"column":16},"end":{"line":14,"column":17}},"loc":{"start":{"line":14,"column":17},"end":{"line":14,"column":null}},"line":14},"3":{"name":"(anonymous_3)","decl":{"start":{"line":15,"column":15},"end":{"line":15,"column":21}},"loc":{"start":{"line":15,"column":21},"end":{"line":17,"column":null}},"line":15},"4":{"name":"(anonymous_4)","decl":{"start":{"line":18,"column":13},"end":{"line":18,"column":14}},"loc":{"start":{"line":18,"column":22},"end":{"line":20,"column":null}},"line":18}},"branchMap":{"0":{"loc":{"start":{"line":19,"column":41},"end":{"line":19,"column":81}},"type":"binary-expr","locations":[{"start":{"line":19,"column":41},"end":{"line":19,"column":56}},{"start":{"line":19,"column":56},"end":{"line":19,"column":81}}],"line":19}},"s":{"0":1,"1":4,"2":1,"3":1,"4":1,"5":0},"f":{"0":1,"1":4,"2":1,"3":1,"4":0},"b":{"0":[0,0]},"meta":{"lastBranch":1,"lastFunction":5,"lastStatement":6,"seen":{"f:10:16:10:38":0,"s:11:8:11:Infinity":0,"f:11:33:11:38":1,"s:11:38:11:48":1,"s:13:2:21:Infinity":2,"f:14:16:14:17":2,"s:14:17:14:Infinity":3,"f:15:15:15:21":3,"s:16:6:16:Infinity":4,"f:18:13:18:14":4,"s:19:6:19:Infinity":5,"b:19:41:19:56:19:56:19:81":0}}}
,"/home/runner/work/nick-me/nick-me/frontend/src/application/generateNick.ts": {"path":"/home/runner/work/nick-me/nick-me/frontend/src/application/generateNick.ts","statementMap":{"0":{"start":{"line":16,"column":8},"end":{"line":16,"column":null}},"1":{"start":{"line":16,"column":36},"end":{"line":16,"column":45}},"2":{"start":{"line":17,"column":8},"end":{"line":17,"column":null}},"3":{"start":{"line":17,"column":44},"end":{"line":17,"column":57}},"4":{"start":{"line":18,"column":8},"end":{"line":18,"column":null}},"5":{"start":{"line":18,"column":52},"end":{"line":18,"column":61}},"6":{"start":{"line":20,"column":2},"end":{"line":27,"column":null}},"7":{"start":{"line":21,"column":16},"end":{"line":21,"column":null}},"8":{"start":{"line":23,"column":6},"end":{"line":23,"column":null}},"9":{"start":{"line":24,"column":6},"end":{"line":24,"column":null}},"10":{"start":{"line":25,"column":6},"end":{"line":25,"column":null}}},"fnMap":{"0":{"name":"useGenerateNick","decl":{"start":{"line":15,"column":16},"end":{"line":15,"column":34}},"loc":{"start":{"line":15,"column":34},"end":{"line":28,"column":null}},"line":15},"1":{"name":"(anonymous_1)","decl":{"start":{"line":16,"column":31},"end":{"line":16,"column":36}},"loc":{"start":{"line":16,"column":36},"end":{"line":16,"column":45}},"line":16},"2":{"name":"(anonymous_2)","decl":{"start":{"line":17,"column":39},"end":{"line":17,"column":44}},"loc":{"start":{"line":17,"column":44},"end":{"line":17,"column":57}},"line":17},"3":{"name":"(anonymous_3)","decl":{"start":{"line":18,"column":47},"end":{"line":18,"column":52}},"loc":{"start":{"line":18,"column":52},"end":{"line":18,"column":61}},"line":18},"4":{"name":"(anonymous_4)","decl":{"start":{"line":21,"column":16},"end":{"line":21,"column":26}},"loc":{"start":{"line":21,"column":16},"end":{"line":21,"column":null}},"line":21},"5":{"name":"(anonymous_5)","decl":{"start":{"line":22,"column":15},"end":{"line":22,"column":16}},"loc":{"start":{"line":22,"column":31},"end":{"line":26,"column":null}},"line":22}},"branchMap":{},"s":{"0":1,"1":4,"2":1,"3":4,"4":1,"5":4,"6":1,"7":1,"8":1,"9":1,"10":1},"f":{"0":1,"1":4,"2":4,"3":4,"4":1,"5":1},"b":{},"meta":{"lastBranch":0,"lastFunction":6,"lastStatement":11,"seen":{"f:15:16:15:34":0,"s:16:8:16:Infinity":0,"f:16:31:16:36":1,"s:16:36:16:45":1,"s:17:8:17:Infinity":2,"f:17:39:17:44":2,"s:17:44:17:57":3,"s:18:8:18:Infinity":4,"f:18:47:18:52":3,"s:18:52:18:61":5,"s:20:2:27:Infinity":6,"f:21:16:21:26":4,"s:21:16:21:Infinity":7,"f:22:15:22:16":5,"s:23:6:23:Infinity":8,"s:24:6:24:Infinity":9,"s:25:6:25:Infinity":10}}}
,"/home/runner/work/nick-me/nick-me/frontend/src/application/replaceWord.ts": {"path":"/home/runner/work/nick-me/nick-me/frontend/src/application/replaceWord.ts","statementMap":{"0":{"start":{"line":18,"column":8},"end":{"line":18,"column":null}},"1":{"start":{"line":18,"column":36},"end":{"line":18,"column":45}},"2":{"start":{"line":19,"column":8},"end":{"line":19,"column":null}},"3":{"start":{"line":19,"column":52},"end":{"line":19,"column":61}},"4":{"start":{"line":21,"column":2},"end":{"line":27,"column":null}},"5":{"start":{"line":22,"column":16},"end":{"line":22,"column":null}},"6":{"start":{"line":24,"column":6},"end":{"line":24,"column":null}},"7":{"start":{"line":25,"column":6},"end":{"line":25,"column":null}}},"fnMap":{"0":{"name":"useReplaceWord","decl":{"start":{"line":17,"column":16},"end":{"line":17,"column":33}},"loc":{"start":{"line":17,"column":33},"end":{"line":28,"column":null}},"line":17},"1":{"name":"(anonymous_1)","decl":{"start":{"line":18,"column":31},"end":{"line":18,"column":36}},"loc":{"start":{"line":18,"column":36},"end":{"line":18,"column":45}},"line":18},"2":{"name":"(anonymous_2)","decl":{"start":{"line":19,"column":47},"end":{"line":19,"column":52}},"loc":{"start":{"line":19,"column":52},"end":{"line":19,"column":61}},"line":19},"3":{"name":"(anonymous_3)","decl":{"start":{"line":22,"column":16},"end":{"line":22,"column":26}},"loc":{"start":{"line":22,"column":16},"end":{"line":22,"column":null}},"line":22},"4":{"name":"(anonymous_4)","decl":{"start":{"line":23,"column":15},"end":{"line":23,"column":16}},"loc":{"start":{"line":23,"column":34},"end":{"line":26,"column":null}},"line":23}},"branchMap":{},"s":{"0":1,"1":4,"2":1,"3":4,"4":1,"5":1,"6":1,"7":1},"f":{"0":1,"1":4,"2":4,"3":1,"4":1},"b":{},"meta":{"lastBranch":0,"lastFunction":5,"lastStatement":8,"seen":{"f:17:16:17:33":0,"s:18:8:18:Infinity":0,"f:18:31:18:36":1,"s:18:36:18:45":1,"s:19:8:19:Infinity":2,"f:19:47:19:52":2,"s:19:52:19:61":3,"s:21:2:27:Infinity":4,"f:22:16:22:26":3,"s:22:16:22:Infinity":5,"f:23:15:23:16":4,"s:24:6:24:Infinity":6,"s:25:6:25:Infinity":7}}}
,"/home/runner/work/nick-me/nick-me/frontend/src/application/sendContact.ts": {"path":"/home/runner/work/nick-me/nick-me/frontend/src/application/sendContact.ts","statementMap":{"0":{"start":{"line":12,"column":8},"end":{"line":12,"column":null}},"1":{"start":{"line":12,"column":38},"end":{"line":12,"column":48}},"2":{"start":{"line":14,"column":2},"end":{"line":22,"column":null}},"3":{"start":{"line":15,"column":17},"end":{"line":15,"column":null}},"4":{"start":{"line":17,"column":6},"end":{"line":17,"column":null}},"5":{"start":{"line":20,"column":6},"end":{"line":20,"column":null}}},"fnMap":{"0":{"name":"useSendContactMessage","decl":{"start":{"line":11,"column":16},"end":{"line":11,"column":40}},"loc":{"start":{"line":11,"column":40},"end":{"line":23,"column":null}},"line":11},"1":{"name":"(anonymous_1)","decl":{"start":{"line":12,"column":33},"end":{"line":12,"column":38}},"loc":{"start":{"line":12,"column":38},"end":{"line":12,"column":48}},"line":12},"2":{"name":"(anonymous_2)","decl":{"start":{"line":15,"column":16},"end":{"line":15,"column":17}},"loc":{"start":{"line":15,"column":17},"end":{"line":15,"column":null}},"line":15},"3":{"name":"(anonymous_3)","decl":{"start":{"line":16,"column":15},"end":{"line":16,"column":21}},"loc":{"start":{"line":16,"column":21},"end":{"line":18,"column":null}},"line":16},"4":{"name":"(anonymous_4)","decl":{"start":{"line":19,"column":13},"end":{"line":19,"column":14}},"loc":{"start":{"line":19,"column":22},"end":{"line":21,"column":null}},"line":19}},"branchMap":{"0":{"loc":{"start":{"line":20,"column":41},"end":{"line":20,"column":81}},"type":"binary-expr","locations":[{"start":{"line":20,"column":41},"end":{"line":20,"column":56}},{"start":{"line":20,"column":56},"end":{"line":20,"column":81}}],"line":20}},"s":{"0":1,"1":4,"2":1,"3":1,"4":1,"5":0},"f":{"0":1,"1":4,"2":1,"3":1,"4":0},"b":{"0":[0,0]},"meta":{"lastBranch":1,"lastFunction":5,"lastStatement":6,"seen":{"f:11:16:11:40":0,"s:12:8:12:Infinity":0,"f:12:33:12:38":1,"s:12:38:12:48":1,"s:14:2:22:Infinity":2,"f:15:16:15:17":2,"s:15:17:15:Infinity":3,"f:16:15:16:21":3,"s:17:6:17:Infinity":4,"f:19:13:19:14":4,"s:20:6:20:Infinity":5,"b:20:41:20:56:20:56:20:81":0}}}
,"/home/runner/work/nick-me/nick-me/frontend/src/domain/model/ApiError.ts": {"path":"/home/runner/work/nick-me/nick-me/frontend/src/domain/model/ApiError.ts","statementMap":{"0":{"start":{"line":8,"column":4},"end":{"line":8,"column":null}},"1":{"start":{"line":9,"column":4},"end":{"line":9,"column":null}},"2":{"start":{"line":10,"column":4},"end":{"line":10,"column":null}},"3":{"start":{"line":11,"column":4},"end":{"line":11,"column":null}}},"fnMap":{"0":{"name":"(anonymous_0)","decl":{"start":{"line":7,"column":2},"end":{"line":7,"column":14}},"loc":{"start":{"line":7,"column":74},"end":{"line":12,"column":null}},"line":7}},"branchMap":{"0":{"loc":{"start":{"line":8,"column":10},"end":{"line":8,"column":39}},"type":"binary-expr","locations":[{"start":{"line":8,"column":10},"end":{"line":8,"column":28}},{"start":{"line":8,"column":28},"end":{"line":8,"column":39}}],"line":8}},"s":{"0":0,"1":0,"2":0,"3":0},"f":{"0":0},"b":{"0":[0,0]},"meta":{"lastBranch":1,"lastFunction":1,"lastStatement":4,"seen":{"f:7:2:7:14":0,"s:8:4:8:Infinity":0,"b:8:10:8:28:8:28:8:39":0,"s:9:4:9:Infinity":1,"s:10:4:10:Infinity":2,"s:11:4:11:Infinity":3}}}
,"/home/runner/work/nick-me/nick-me/frontend/src/domain/model/Nick.ts": {"path":"/home/runner/work/nick-me/nick-me/frontend/src/domain/model/Nick.ts","statementMap":{},"fnMap":{},"branchMap":{},"s":{},"f":{},"b":{},"meta":{"lastBranch":0,"lastFunction":0,"lastStatement":0,"seen":{}}}
,"/home/runner/work/nick-me/nick-me/frontend/src/presentation/components/AltchaModal.tsx": {"path":"/home/runner/work/nick-me/nick-me/frontend/src/presentation/components/AltchaModal.tsx","statementMap":{"0":{"start":{"line":4,"column":29},"end":{"line":4,"column":null}},"1":{"start":{"line":5,"column":31},"end":{"line":5,"column":null}},"2":{"start":{"line":6,"column":20},"end":{"line":6,"column":null}},"3":{"start":{"line":9,"column":8},"end":{"line":9,"column":null}},"4":{"start":{"line":9,"column":41},"end":{"line":9,"column":53}},"5":{"start":{"line":10,"column":8},"end":{"line":10,"column":null}},"6":{"start":{"line":10,"column":38},"end":{"line":10,"column":47}},"7":{"start":{"line":12,"column":28},"end":{"line":17,"column":null}},"8":{"start":{"line":13,"column":4},"end":{"line":16,"column":null}},"9":{"start":{"line":14,"column":24},"end":{"line":14,"column":null}},"10":{"start":{"line":15,"column":8},"end":{"line":15,"column":null}},"11":{"start":{"line":19,"column":2},"end":{"line":21,"column":null}},"12":{"start":{"line":20,"column":4},"end":{"line":20,"column":null}},"13":{"start":{"line":23,"column":2},"end":{"line":23,"column":null}}},"fnMap":{"0":{"name":"AltchaModal","decl":{"start":{"line":8,"column":16},"end":{"line":8,"column":30}},"loc":{"start":{"line":8,"column":30},"end":{"line":24,"column":null}},"line":8},"1":{"name":"(anonymous_1)","decl":{"start":{"line":9,"column":36},"end":{"line":9,"column":41}},"loc":{"start":{"line":9,"column":41},"end":{"line":9,"column":53}},"line":9},"2":{"name":"(anonymous_2)","decl":{"start":{"line":10,"column":33},"end":{"line":10,"column":38}},"loc":{"start":{"line":10,"column":38},"end":{"line":10,"column":47}},"line":10},"3":{"name":"(anonymous_3)","decl":{"start":{"line":12,"column":28},"end":{"line":12,"column":29}},"loc":{"start":{"line":12,"column":49},"end":{"line":17,"column":null}},"line":12}},"branchMap":{"0":{"loc":{"start":{"line":4,"column":29},"end":{"line":4,"column":null}},"type":"binary-expr","locations":[{"start":{"line":4,"column":29},"end":{"line":4,"column":74}},{"start":{"line":4,"column":74},"end":{"line":4,"column":null}}],"line":4},"1":{"loc":{"start":{"line":13,"column":4},"end":{"line":16,"column":null}},"type":"if","locations":[{"start":{"line":13,"column":4},"end":{"line":16,"column":null}},{"start":{},"end":{}}],"line":13},"2":{"loc":{"start":{"line":19,"column":2},"end":{"line":21,"column":null}},"type":"if","locations":[{"start":{"line":19,"column":2},"end":{"line":21,"column":null}},{"start":{},"end":{}}],"line":19}},"s":{"0":1,"1":1,"2":1,"3":7,"4":23,"5":7,"6":23,"7":7,"8":2,"9":1,"10":1,"11":7,"12":4,"13":3},"f":{"0":7,"1":23,"2":23,"3":2},"b":{"0":[1,0],"1":[1,1],"2":[4,3]},"meta":{"lastBranch":3,"lastFunction":4,"lastStatement":14,"seen":{"s:4:29:4:Infinity":0,"b:4:29:4:74:4:74:4:Infinity":0,"s:5:31:5:Infinity":1,"s:6:20:6:Infinity":2,"f:8:16:8:30":0,"s:9:8:9:Infinity":3,"f:9:36:9:41":1,"s:9:41:9:53":4,"s:10:8:10:Infinity":5,"f:10:33:10:38":2,"s:10:38:10:47":6,"s:12:28:17:Infinity":7,"f:12:28:12:29":3,"b:13:4:16:Infinity:undefined:undefined:undefined:undefined":1,"s:13:4:16:Infinity":8,"s:14:24:14:Infinity":9,"s:15:8:15:Infinity":10,"b:19:2:21:Infinity:undefined:undefined:undefined:undefined":2,"s:19:2:21:Infinity":11,"s:20:4:20:Infinity":12,"s:23:2:23:Infinity":13}}}
,"/home/runner/work/nick-me/nick-me/frontend/src/presentation/stores/altcha.store.ts": {"path":"/home/runner/work/nick-me/nick-me/frontend/src/presentation/stores/altcha.store.ts","statementMap":{"0":{"start":{"line":3,"column":36},"end":{"line":3,"column":null}},"1":{"start":{"line":18,"column":13},"end":{"line":53,"column":null}},"2":{"start":{"line":18,"column":65},"end":{"line":53,"column":2}},"3":{"start":{"line":23,"column":25},"end":{"line":23,"column":null}},"4":{"start":{"line":24,"column":4},"end":{"line":32,"column":null}},"5":{"start":{"line":34,"column":4},"end":{"line":37,"column":null}},"6":{"start":{"line":35,"column":6},"end":{"line":35,"column":null}},"7":{"start":{"line":36,"column":6},"end":{"line":36,"column":null}},"8":{"start":{"line":40,"column":4},"end":{"line":43,"column":null}},"9":{"start":{"line":41,"column":6},"end":{"line":41,"column":null}},"10":{"start":{"line":42,"column":6},"end":{"line":42,"column":null}},"11":{"start":{"line":44,"column":22},"end":{"line":44,"column":null}},"12":{"start":{"line":45,"column":4},"end":{"line":50,"column":null}},"13":{"start":{"line":46,"column":6},"end":{"line":46,"column":null}},"14":{"start":{"line":47,"column":6},"end":{"line":47,"column":null}},"15":{"start":{"line":48,"column":6},"end":{"line":48,"column":null}},"16":{"start":{"line":49,"column":6},"end":{"line":49,"column":null}},"17":{"start":{"line":51,"column":4},"end":{"line":51,"column":null}}},"fnMap":{"0":{"name":"(anonymous_0)","decl":{"start":{"line":18,"column":50},"end":{"line":18,"column":51}},"loc":{"start":{"line":18,"column":65},"end":{"line":53,"column":2}},"line":18},"1":{"name":"(anonymous_1)","decl":{"start":{"line":22,"column":14},"end":{"line":22,"column":25}},"loc":{"start":{"line":22,"column":25},"end":{"line":38,"column":null}},"line":22},"2":{"name":"(anonymous_2)","decl":{"start":{"line":39,"column":15},"end":{"line":39,"column":16}},"loc":{"start":{"line":39,"column":65},"end":{"line":52,"column":null}},"line":39}},"branchMap":{"0":{"loc":{"start":{"line":34,"column":4},"end":{"line":37,"column":null}},"type":"if","locations":[{"start":{"line":34,"column":4},"end":{"line":37,"column":null}},{"start":{},"end":{}}],"line":34},"1":{"loc":{"start":{"line":40,"column":4},"end":{"line":43,"column":null}},"type":"if","locations":[{"start":{"line":40,"column":4},"end":{"line":43,"column":null}},{"start":{},"end":{}}],"line":40},"2":{"loc":{"start":{"line":45,"column":4},"end":{"line":50,"column":null}},"type":"if","locations":[{"start":{"line":45,"column":4},"end":{"line":50,"column":null}},{"start":{},"end":{}}],"line":45},"3":{"loc":{"start":{"line":45,"column":8},"end":{"line":45,"column":64}},"type":"binary-expr","locations":[{"start":{"line":45,"column":8},"end":{"line":45,"column":17}},{"start":{"line":45,"column":17},"end":{"line":45,"column":34}},{"start":{"line":45,"column":34},"end":{"line":45,"column":64}}],"line":45}},"s":{"0":7,"1":7,"2":7,"3":2,"4":2,"5":2,"6":1,"7":1,"8":2,"9":0,"10":0,"11":2,"12":2,"13":1,"14":1,"15":1,"16":1,"17":1},"f":{"0":7,"1":2,"2":2},"b":{"0":[1,1],"1":[0,2],"2":[1,1],"3":[2,1,1]},"meta":{"lastBranch":4,"lastFunction":3,"lastStatement":18,"seen":{"s:3:36:3:Infinity":0,"s:18:13:53:Infinity":1,"f:18:50:18:51":0,"s:18:65:53:2":2,"f:22:14:22:25":1,"s:23:25:23:Infinity":3,"s:24:4:32:Infinity":4,"b:34:4:37:Infinity:undefined:undefined:undefined:undefined":0,"s:34:4:37:Infinity":5,"s:35:6:35:Infinity":6,"s:36:6:36:Infinity":7,"f:39:15:39:16":2,"b:40:4:43:Infinity:undefined:undefined:undefined:undefined":1,"s:40:4:43:Infinity":8,"s:41:6:41:Infinity":9,"s:42:6:42:Infinity":10,"s:44:22:44:Infinity":11,"b:45:4:50:Infinity:undefined:undefined:undefined:undefined":2,"s:45:4:50:Infinity":12,"b:45:8:45:17:45:17:45:34:45:34:45:64":3,"s:46:6:46:Infinity":13,"s:47:6:47:Infinity":14,"s:48:6:48:Infinity":15,"s:49:6:49:Infinity":16,"s:51:4:51:Infinity":17}}}
,"/home/runner/work/nick-me/nick-me/frontend/src/presentation/stores/criteria.store.ts": {"path":"/home/runner/work/nick-me/nick-me/frontend/src/presentation/stores/criteria.store.ts","statementMap":{"0":{"start":{"line":9,"column":42},"end":{"line":13,"column":null}},"1":{"start":{"line":15,"column":13},"end":{"line":19,"column":null}},"2":{"start":{"line":15,"column":62},"end":{"line":19,"column":2}},"3":{"start":{"line":18,"column":39},"end":{"line":18,"column":null}}},"fnMap":{"0":{"name":"(anonymous_0)","decl":{"start":{"line":15,"column":54},"end":{"line":15,"column":62}},"loc":{"start":{"line":15,"column":62},"end":{"line":19,"column":2}},"line":15},"1":{"name":"(anonymous_1)","decl":{"start":{"line":18,"column":15},"end":{"line":18,"column":16}},"loc":{"start":{"line":18,"column":39},"end":{"line":18,"column":null}},"line":18}},"branchMap":{},"s":{"0":2,"1":2,"2":2,"3":2},"f":{"0":2,"1":2},"b":{},"meta":{"lastBranch":0,"lastFunction":2,"lastStatement":4,"seen":{"s:9:42:13:Infinity":0,"s:15:13:19:Infinity":1,"f:15:54:15:62":0,"s:15:62:19:2":2,"f:18:15:18:16":1,"s:18:39:18:Infinity":3}}}
,"/home/runner/work/nick-me/nick-me/frontend/src/presentation/stores/nick-history.store.ts": {"path":"/home/runner/work/nick-me/nick-me/frontend/src/presentation/stores/nick-history.store.ts","statementMap":{"0":{"start":{"line":4,"column":20},"end":{"line":4,"column":null}},"1":{"start":{"line":7,"column":2},"end":{"line":11,"column":null}},"2":{"start":{"line":8,"column":4},"end":{"line":8,"column":null}},"3":{"start":{"line":10,"column":4},"end":{"line":10,"column":null}},"4":{"start":{"line":15,"column":2},"end":{"line":15,"column":null}},"5":{"start":{"line":24,"column":13},"end":{"line":41,"column":null}},"6":{"start":{"line":24,"column":70},"end":{"line":41,"column":2}},"7":{"start":{"line":28,"column":4},"end":{"line":32,"column":null}},"8":{"start":{"line":29,"column":22},"end":{"line":29,"column":null}},"9":{"start":{"line":30,"column":6},"end":{"line":30,"column":null}},"10":{"start":{"line":31,"column":6},"end":{"line":31,"column":null}},"11":{"start":{"line":34,"column":4},"end":{"line":38,"column":null}},"12":{"start":{"line":35,"column":22},"end":{"line":35,"column":null}},"13":{"start":{"line":35,"column":48},"end":{"line":35,"column":64}},"14":{"start":{"line":36,"column":6},"end":{"line":36,"column":null}},"15":{"start":{"line":37,"column":6},"end":{"line":37,"column":null}}},"fnMap":{"0":{"name":"loadHistory","decl":{"start":{"line":6,"column":9},"end":{"line":6,"column":31}},"loc":{"start":{"line":6,"column":31},"end":{"line":12,"column":null}},"line":6},"1":{"name":"saveHistory","decl":{"start":{"line":14,"column":9},"end":{"line":14,"column":21}},"loc":{"start":{"line":14,"column":38},"end":{"line":16,"column":null}},"line":14},"2":{"name":"(anonymous_2)","decl":{"start":{"line":24,"column":60},"end":{"line":24,"column":61}},"loc":{"start":{"line":24,"column":70},"end":{"line":41,"column":2}},"line":24},"3":{"name":"(anonymous_3)","decl":{"start":{"line":27,"column":11},"end":{"line":27,"column":12}},"loc":{"start":{"line":28,"column":4},"end":{"line":32,"column":null}},"line":28},"4":{"name":"(anonymous_4)","decl":{"start":{"line":28,"column":8},"end":{"line":28,"column":17}},"loc":{"start":{"line":28,"column":17},"end":{"line":32,"column":5}},"line":28},"5":{"name":"(anonymous_5)","decl":{"start":{"line":33,"column":14},"end":{"line":33,"column":15}},"loc":{"start":{"line":33,"column":30},"end":{"line":39,"column":null}},"line":33},"6":{"name":"(anonymous_6)","decl":{"start":{"line":34,"column":8},"end":{"line":34,"column":17}},"loc":{"start":{"line":34,"column":17},"end":{"line":38,"column":5}},"line":34},"7":{"name":"(anonymous_7)","decl":{"start":{"line":35,"column":43},"end":{"line":35,"column":48}},"loc":{"start":{"line":35,"column":48},"end":{"line":35,"column":64}},"line":35}},"branchMap":{"0":{"loc":{"start":{"line":8,"column":22},"end":{"line":8,"column":63}},"type":"binary-expr","locations":[{"start":{"line":8,"column":22},"end":{"line":8,"column":59}},{"start":{"line":8,"column":59},"end":{"line":8,"column":63}}],"line":8}},"s":{"0":3,"1":3,"2":3,"3":0,"4":5,"5":3,"6":3,"7":3,"8":3,"9":3,"10":3,"11":2,"12":2,"13":2,"14":2,"15":2},"f":{"0":3,"1":5,"2":3,"3":3,"4":3,"5":2,"6":2,"7":2},"b":{"0":[3,3]},"meta":{"lastBranch":1,"lastFunction":8,"lastStatement":16,"seen":{"s:4:20:4:Infinity":0,"f:6:9:6:31":0,"s:7:2:11:Infinity":1,"s:8:4:8:Infinity":2,"b:8:22:8:59:8:59:8:63":0,"s:10:4:10:Infinity":3,"f:14:9:14:21":1,"s:15:2:15:Infinity":4,"s:24:13:41:Infinity":5,"f:24:60:24:61":2,"s:24:70:41:2":6,"f:27:11:27:12":3,"s:28:4:32:Infinity":7,"f:28:8:28:17":4,"s:29:22:29:Infinity":8,"s:30:6:30:Infinity":9,"s:31:6:31:Infinity":10,"f:33:14:33:15":5,"s:34:4:38:Infinity":11,"f:34:8:34:17":6,"s:35:22:35:Infinity":12,"f:35:43:35:48":7,"s:35:48:35:64":13,"s:36:6:36:Infinity":14,"s:37:6:37:Infinity":15}}}
,"/home/runner/work/nick-me/nick-me/frontend/src/presentation/stores/nick.store.ts": {"path":"/home/runner/work/nick-me/nick-me/frontend/src/presentation/stores/nick.store.ts","statementMap":{"0":{"start":{"line":9,"column":13},"end":{"line":13,"column":null}},"1":{"start":{"line":9,"column":54},"end":{"line":13,"column":2}},"2":{"start":{"line":12,"column":27},"end":{"line":12,"column":null}}},"fnMap":{"0":{"name":"(anonymous_0)","decl":{"start":{"line":9,"column":46},"end":{"line":9,"column":54}},"loc":{"start":{"line":9,"column":54},"end":{"line":13,"column":2}},"line":9},"1":{"name":"(anonymous_1)","decl":{"start":{"line":12,"column":11},"end":{"line":12,"column":12}},"loc":{"start":{"line":12,"column":27},"end":{"line":12,"column":null}},"line":12}},"branchMap":{},"s":{"0":3,"1":3,"2":4},"f":{"0":3,"1":4},"b":{},"meta":{"lastBranch":0,"lastFunction":2,"lastStatement":3,"seen":{"s:9:13:13:Infinity":0,"f:9:46:9:54":0,"s:9:54:13:2":1,"f:12:11:12:12":1,"s:12:27:12:Infinity":2}}}
,"/home/runner/work/nick-me/nick-me/frontend/src/presentation/stores/toast-id-generator.ts": {"path":"/home/runner/work/nick-me/nick-me/frontend/src/presentation/stores/toast-id-generator.ts","statementMap":{"0":{"start":{"line":3,"column":41},"end":{"line":3,"column":null}},"1":{"start":{"line":3,"column":47},"end":{"line":3,"column":null}},"2":{"start":{"line":6,"column":2},"end":{"line":6,"column":null}},"3":{"start":{"line":10,"column":2},"end":{"line":10,"column":null}}},"fnMap":{"0":{"name":"(anonymous_0)","decl":{"start":{"line":3,"column":41},"end":{"line":3,"column":47}},"loc":{"start":{"line":3,"column":47},"end":{"line":3,"column":null}},"line":3},"1":{"name":"setToastIdGenerator","decl":{"start":{"line":5,"column":16},"end":{"line":5,"column":36}},"loc":{"start":{"line":5,"column":65},"end":{"line":7,"column":null}},"line":5},"2":{"name":"generateToastId","decl":{"start":{"line":9,"column":16},"end":{"line":9,"column":42}},"loc":{"start":{"line":9,"column":42},"end":{"line":11,"column":null}},"line":9}},"branchMap":{},"s":{"0":4,"1":5,"2":6,"3":7},"f":{"0":5,"1":6,"2":7},"b":{},"meta":{"lastBranch":0,"lastFunction":3,"lastStatement":4,"seen":{"s:3:41:3:Infinity":0,"f:3:41:3:47":0,"s:3:47:3:Infinity":1,"f:5:16:5:36":1,"s:6:2:6:Infinity":2,"f:9:16:9:42":2,"s:10:2:10:Infinity":3}}}
,"/home/runner/work/nick-me/nick-me/frontend/src/presentation/stores/toast.store.ts": {"path":"/home/runner/work/nick-me/nick-me/frontend/src/presentation/stores/toast.store.ts","statementMap":{"0":{"start":{"line":19,"column":13},"end":{"line":35,"column":null}},"1":{"start":{"line":19,"column":63},"end":{"line":35,"column":2}},"2":{"start":{"line":23,"column":10},"end":{"line":23,"column":null}},"3":{"start":{"line":24,"column":4},"end":{"line":24,"column":null}},"4":{"start":{"line":24,"column":20},"end":{"line":24,"column":83}},"5":{"start":{"line":27,"column":4},"end":{"line":29,"column":null}},"6":{"start":{"line":28,"column":6},"end":{"line":28,"column":null}},"7":{"start":{"line":33,"column":4},"end":{"line":33,"column":null}},"8":{"start":{"line":33,"column":20},"end":{"line":33,"column":72}},"9":{"start":{"line":33,"column":57},"end":{"line":33,"column":68}}},"fnMap":{"0":{"name":"(anonymous_0)","decl":{"start":{"line":19,"column":48},"end":{"line":19,"column":49}},"loc":{"start":{"line":19,"column":63},"end":{"line":35,"column":2}},"line":19},"1":{"name":"(anonymous_1)","decl":{"start":{"line":22,"column":12},"end":{"line":22,"column":13}},"loc":{"start":{"line":22,"column":52},"end":{"line":30,"column":null}},"line":22},"2":{"name":"(anonymous_2)","decl":{"start":{"line":24,"column":8},"end":{"line":24,"column":9}},"loc":{"start":{"line":24,"column":20},"end":{"line":24,"column":83}},"line":24},"3":{"name":"(anonymous_3)","decl":{"start":{"line":27,"column":15},"end":{"line":27,"column":21}},"loc":{"start":{"line":27,"column":21},"end":{"line":29,"column":7}},"line":27},"4":{"name":"(anonymous_4)","decl":{"start":{"line":32,"column":15},"end":{"line":32,"column":16}},"loc":{"start":{"line":32,"column":23},"end":{"line":34,"column":null}},"line":32},"5":{"name":"(anonymous_5)","decl":{"start":{"line":33,"column":8},"end":{"line":33,"column":9}},"loc":{"start":{"line":33,"column":20},"end":{"line":33,"column":72}},"line":33},"6":{"name":"(anonymous_6)","decl":{"start":{"line":33,"column":50},"end":{"line":33,"column":51}},"loc":{"start":{"line":33,"column":57},"end":{"line":33,"column":68}},"line":33}},"branchMap":{"0":{"loc":{"start":{"line":22,"column":30},"end":{"line":22,"column":46}},"type":"default-arg","locations":[{"start":{"line":22,"column":41},"end":{"line":22,"column":46}}],"line":22}},"s":{"0":4,"1":4,"2":7,"3":7,"4":7,"5":7,"6":0,"7":2,"8":2,"9":3},"f":{"0":4,"1":7,"2":7,"3":0,"4":2,"5":2,"6":3},"b":{"0":[7]},"meta":{"lastBranch":1,"lastFunction":7,"lastStatement":10,"seen":{"s:19:13:35:Infinity":0,"f:19:48:19:49":0,"s:19:63:35:2":1,"f:22:12:22:13":1,"b:22:41:22:46":0,"s:23:10:23:Infinity":2,"s:24:4:24:Infinity":3,"f:24:8:24:9":2,"s:24:20:24:83":4,"s:27:4:29:Infinity":5,"f:27:15:27:21":3,"s:28:6:28:Infinity":6,"f:32:15:32:16":4,"s:33:4:33:Infinity":7,"f:33:8:33:9":5,"s:33:20:33:72":8,"f:33:50:33:51":6,"s:33:57:33:68":9}}}
,"/home/runner/work/nick-me/nick-me/frontend/src/test/createTestWrapper.tsx": {"path":"/home/runner/work/nick-me/nick-me/frontend/src/test/createTestWrapper.tsx","statementMap":{"0":{"start":{"line":4,"column":22},"end":{"line":8,"column":null}},"1":{"start":{"line":10,"column":2},"end":{"line":13,"column":null}},"2":{"start":{"line":11,"column":4},"end":{"line":13,"column":null}}},"fnMap":{"0":{"name":"createTestWrapper","decl":{"start":{"line":3,"column":16},"end":{"line":3,"column":36}},"loc":{"start":{"line":3,"column":36},"end":{"line":15,"column":null}},"line":3},"1":{"name":"(anonymous_1)","decl":{"start":{"line":10,"column":9},"end":{"line":10,"column":10}},"loc":{"start":{"line":11,"column":4},"end":{"line":13,"column":null}},"line":11}},"branchMap":{},"s":{"0":7,"1":7,"2":7},"f":{"0":7,"1":7},"b":{},"meta":{"lastBranch":0,"lastFunction":2,"lastStatement":3,"seen":{"f:3:16:3:36":0,"s:4:22:8:Infinity":0,"s:10:2:13:Infinity":1,"f:10:9:10:10":1,"s:11:4:13:Infinity":2}}}
}
