TN:
SF:src/application/createReport.ts
FN:11,useCreateReport
FN:12,(anonymous_1)
FN:15,(anonymous_2)
FN:16,(anonymous_3)
FN:19,(anonymous_4)
FNF:5
FNH:5
FNDA:4,useCreateReport
FNDA:15,(anonymous_1)
FNDA:3,(anonymous_2)
FNDA:1,(anonymous_3)
FNDA:2,(anonymous_4)
DA:12,15
DA:14,4
DA:15,3
DA:17,1
DA:20,2
LF:5
LH:5
BRDA:20,0,0,2
BRDA:20,0,1,1
BRF:2
BRH:2
end_of_record
TN:
SF:src/application/createSuggestion.ts
FN:10,useCreateSuggestion
FN:11,(anonymous_1)
FN:14,(anonymous_2)
FN:15,(anonymous_3)
FN:18,(anonymous_4)
FNF:5
FNH:4
FNDA:1,useCreateSuggestion
FNDA:4,(anonymous_1)
FNDA:1,(anonymous_2)
FNDA:1,(anonymous_3)
FNDA:0,(anonymous_4)
DA:11,4
DA:13,1
DA:14,1
DA:16,1
DA:19,0
LF:5
LH:4
BRDA:19,0,0,0
BRDA:19,0,1,0
BRF:2
BRH:0
end_of_record
TN:
SF:src/application/generateNick.ts
FN:15,useGenerateNick
FN:16,(anonymous_1)
FN:17,(anonymous_2)
FN:18,(anonymous_3)
FN:21,(anonymous_4)
FN:22,(anonymous_5)
FNF:6
FNH:6
FNDA:1,useGenerateNick
FNDA:4,(anonymous_1)
FNDA:4,(anonymous_2)
FNDA:4,(anonymous_3)
FNDA:1,(anonymous_4)
FNDA:1,(anonymous_5)
DA:16,4
DA:17,4
DA:18,4
DA:20,1
DA:21,1
DA:23,1
DA:24,1
DA:25,1
LF:8
LH:8
BRF:0
BRH:0
end_of_record
TN:
SF:src/application/replaceWord.ts
FN:17,useReplaceWord
FN:18,(anonymous_1)
FN:19,(anonymous_2)
FN:22,(anonymous_3)
FN:23,(anonymous_4)
FNF:5
FNH:5
FNDA:1,useReplaceWord
FNDA:4,(anonymous_1)
FNDA:4,(anonymous_2)
FNDA:1,(anonymous_3)
FNDA:1,(anonymous_4)
DA:18,4
DA:19,4
DA:21,1
DA:22,1
DA:24,1
DA:25,1
LF:6
LH:6
BRF:0
BRH:0
end_of_record
TN:
SF:src/application/sendContact.ts
FN:11,useSendContactMessage
FN:12,(anonymous_1)
FN:15,(anonymous_2)
FN:16,(anonymous_3)
FN:19,(anonymous_4)
FNF:5
FNH:4
FNDA:1,useSendContactMessage
FNDA:4,(anonymous_1)
FNDA:1,(anonymous_2)
FNDA:1,(anonymous_3)
FNDA:0,(anonymous_4)
DA:12,4
DA:14,1
DA:15,1
DA:17,1
DA:20,0
LF:5
LH:4
BRDA:20,0,0,0
BRDA:20,0,1,0
BRF:2
BRH:0
end_of_record
TN:
SF:src/domain/model/ApiError.ts
FN:7,(anonymous_0)
FNF:1
FNH:0
FNDA:0,(anonymous_0)
DA:8,0
DA:9,0
DA:10,0
DA:11,0
LF:4
LH:0
BRDA:8,0,0,0
BRDA:8,0,1,0
BRF:2
BRH:0
end_of_record
TN:
SF:src/domain/model/Nick.ts
FNF:0
FNH:0
LF:0
LH:0
BRF:0
BRH:0
end_of_record
TN:
SF:src/presentation/components/AltchaModal.tsx
FN:8,AltchaModal
FN:9,(anonymous_1)
FN:10,(anonymous_2)
FN:12,(anonymous_3)
FNF:4
FNH:4
FNDA:7,AltchaModal
FNDA:23,(anonymous_1)
FNDA:23,(anonymous_2)
FNDA:2,(anonymous_3)
DA:4,1
DA:5,1
DA:6,1
DA:9,23
DA:10,23
DA:12,7
DA:13,2
DA:14,1
DA:15,1
DA:19,7
DA:20,4
DA:23,3
LF:12
LH:12
BRDA:4,0,0,1
BRDA:4,0,1,0
BRDA:13,1,0,1
BRDA:13,1,1,1
BRDA:19,2,0,4
BRDA:19,2,1,3
BRF:6
BRH:5
end_of_record
TN:
SF:src/presentation/stores/altcha.store.ts
FN:18,(anonymous_0)
FN:22,(anonymous_1)
FN:39,(anonymous_2)
FNF:3
FNH:3
FNDA:7,(anonymous_0)
FNDA:2,(anonymous_1)
FNDA:2,(anonymous_2)
DA:3,7
DA:18,7
DA:23,2
DA:24,2
DA:34,2
DA:35,1
DA:36,1
DA:40,2
DA:41,0
DA:42,0
DA:44,2
DA:45,2
DA:46,1
DA:47,1
DA:48,1
DA:49,1
DA:51,1
LF:17
LH:15
BRDA:34,0,0,1
BRDA:34,0,1,1
BRDA:40,1,0,0
BRDA:40,1,1,2
BRDA:45,2,0,1
BRDA:45,2,1,1
BRDA:45,3,0,2
BRDA:45,3,1,1
BRDA:45,3,2,1
BRF:9
BRH:8
end_of_record
TN:
SF:src/presentation/stores/criteria.store.ts
FN:15,(anonymous_0)
FN:18,(anonymous_1)
FNF:2
FNH:2
FNDA:2,(anonymous_0)
FNDA:2,(anonymous_1)
DA:9,2
DA:15,2
DA:18,2
LF:3
LH:3
BRF:0
BRH:0
end_of_record
TN:
SF:src/presentation/stores/nick-history.store.ts
FN:6,loadHistory
FN:14,saveHistory
FN:24,(anonymous_2)
FN:27,(anonymous_3)
FN:28,(anonymous_4)
FN:33,(anonymous_5)
FN:34,(anonymous_6)
FN:35,(anonymous_7)
FNF:8
FNH:8
FNDA:3,loadHistory
FNDA:5,saveHistory
FNDA:3,(anonymous_2)
FNDA:3,(anonymous_3)
FNDA:3,(anonymous_4)
FNDA:2,(anonymous_5)
FNDA:2,(anonymous_6)
FNDA:2,(anonymous_7)
DA:4,3
DA:7,3
DA:8,3
DA:10,0
DA:15,5
DA:24,3
DA:28,3
DA:29,3
DA:30,3
DA:31,3
DA:34,2
DA:35,2
DA:36,2
DA:37,2
LF:14
LH:13
BRDA:8,0,0,3
BRDA:8,0,1,3
BRF:2
BRH:2
end_of_record
TN:
SF:src/presentation/stores/nick.store.ts
FN:9,(anonymous_0)
FN:12,(anonymous_1)
FNF:2
FNH:2
FNDA:3,(anonymous_0)
FNDA:4,(anonymous_1)
DA:9,3
DA:12,4
LF:2
LH:2
BRF:0
BRH:0
end_of_record
TN:
SF:src/presentation/stores/toast-id-generator.ts
FN:3,(anonymous_0)
FN:5,setToastIdGenerator
FN:9,generateToastId
FNF:3
FNH:3
FNDA:5,(anonymous_0)
FNDA:6,setToastIdGenerator
FNDA:7,generateToastId
DA:3,5
DA:6,6
DA:10,7
LF:3
LH:3
BRF:0
BRH:0
end_of_record
TN:
SF:src/presentation/stores/toast.store.ts
FN:19,(anonymous_0)
FN:22,(anonymous_1)
FN:24,(anonymous_2)
FN:27,(anonymous_3)
FN:32,(anonymous_4)
FN:33,(anonymous_5)
FN:33,(anonymous_6)
FNF:7
FNH:6
FNDA:4,(anonymous_0)
FNDA:7,(anonymous_1)
FNDA:7,(anonymous_2)
FNDA:0,(anonymous_3)
FNDA:2,(anonymous_4)
FNDA:2,(anonymous_5)
FNDA:3,(anonymous_6)
DA:19,4
DA:23,7
DA:24,7
DA:27,7
DA:28,0
DA:33,3
LF:6
LH:5
BRDA:22,0,0,7
BRF:1
BRH:1
end_of_record
TN:
SF:src/test/createTestWrapper.tsx
FN:3,createTestWrapper
FN:10,(anonymous_1)
FNF:2
FNH:2
FNDA:7,createTestWrapper
FNDA:7,(anonymous_1)
DA:4,7
DA:10,7
DA:11,7
LF:3
LH:3
BRF:0
BRH:0
end_of_record
