TN:
SF:src/theme.ts
FNF:0
FNH:0
DA:4,5
LF:1
LH:1
BRF:0
BRH:0
end_of_record
TN:
SF:src/application/createReport.ts
FN:11,useCreateReport
FN:12,(anonymous_1)
FN:15,(anonymous_2)
FN:16,(anonymous_3)
FN:19,(anonymous_4)
FNF:5
FNH:5
FNDA:5,useCreateReport
FNDA:18,(anonymous_1)
FNDA:3,(anonymous_2)
FNDA:1,(anonymous_3)
FNDA:2,(anonymous_4)
DA:12,18
DA:14,5
DA:15,3
DA:17,1
DA:20,2
LF:5
LH:5
BRDA:20,0,0,2
BRDA:20,0,1,1
BRF:2
BRH:2
end_of_record
TN:
SF:src/application/createSuggestion.ts
FN:10,useCreateSuggestion
FN:11,(anonymous_1)
FN:14,(anonymous_2)
FN:15,(anonymous_3)
FN:18,(anonymous_4)
FNF:5
FNH:4
FNDA:1,useCreateSuggestion
FNDA:4,(anonymous_1)
FNDA:1,(anonymous_2)
FNDA:1,(anonymous_3)
FNDA:0,(anonymous_4)
DA:11,4
DA:13,1
DA:14,1
DA:16,1
DA:19,0
LF:5
LH:4
BRDA:19,0,0,0
BRDA:19,0,1,0
BRF:2
BRH:0
end_of_record
TN:
SF:src/application/generateNick.ts
FN:14,useGenerateNick
FN:15,(anonymous_1)
FN:16,(anonymous_2)
FN:19,(anonymous_3)
FN:20,(anonymous_4)
FNF:5
FNH:5
FNDA:1,useGenerateNick
FNDA:4,(anonymous_1)
FNDA:4,(anonymous_2)
FNDA:1,(anonymous_3)
FNDA:1,(anonymous_4)
DA:15,4
DA:16,4
DA:18,1
DA:19,1
DA:21,1
DA:22,1
LF:6
LH:6
BRF:0
BRH:0
end_of_record
TN:
SF:src/application/replaceWord.ts
FN:17,useReplaceWord
FN:18,(anonymous_1)
FN:19,(anonymous_2)
FN:22,(anonymous_3)
FN:23,(anonymous_4)
FNF:5
FNH:5
FNDA:1,useReplaceWord
FNDA:4,(anonymous_1)
FNDA:4,(anonymous_2)
FNDA:1,(anonymous_3)
FNDA:1,(anonymous_4)
DA:18,4
DA:19,4
DA:21,1
DA:22,1
DA:24,1
DA:25,1
LF:6
LH:6
BRF:0
BRH:0
end_of_record
TN:
SF:src/application/sendContact.ts
FN:11,useSendContactMessage
FN:12,(anonymous_1)
FN:15,(anonymous_2)
FN:16,(anonymous_3)
FN:19,(anonymous_4)
FNF:5
FNH:4
FNDA:1,useSendContactMessage
FNDA:4,(anonymous_1)
FNDA:1,(anonymous_2)
FNDA:1,(anonymous_3)
FNDA:0,(anonymous_4)
DA:12,4
DA:14,1
DA:15,1
DA:17,1
DA:20,0
LF:5
LH:4
BRDA:20,0,0,0
BRDA:20,0,1,0
BRF:2
BRH:0
end_of_record
TN:
SF:src/domain/model/ApiError.ts
FN:7,(anonymous_0)
FNF:1
FNH:0
FNDA:0,(anonymous_0)
DA:8,0
DA:9,0
DA:10,0
DA:11,0
LF:4
LH:0
BRDA:8,0,0,0
BRDA:8,0,1,0
BRF:2
BRH:0
end_of_record
TN:
SF:src/domain/model/Nick.ts
FNF:0
FNH:0
LF:0
LH:0
BRF:0
BRH:0
end_of_record
TN:
SF:src/infrastructure/altcha.service.ts
FN:3,useExecuteWithAltcha
FN:4,(anonymous_1)
FN:6,(anonymous_2)
FNF:3
FNH:2
FNDA:2,useExecuteWithAltcha
FNDA:6,(anonymous_1)
FNDA:0,(anonymous_2)
DA:4,6
DA:6,2
DA:7,0
LF:3
LH:2
BRF:0
BRH:0
end_of_record
TN:
SF:src/infrastructure/report.api.ts
FN:9,createReport
FNF:1
FNH:0
FNDA:0,createReport
DA:4,1
DA:15,0
DA:17,0
DA:18,0
DA:21,0
DA:27,0
DA:28,0
DA:29,0
DA:32,0
LF:9
LH:1
BRDA:4,0,0,1
BRDA:4,0,1,0
BRDA:17,1,0,0
BRDA:17,1,1,0
BRDA:28,2,0,0
BRDA:28,2,1,0
BRF:6
BRH:1
end_of_record
TN:
SF:src/presentation/components/AltchaModal.tsx
FN:7,AltchaModal
FN:8,(anonymous_1)
FN:9,(anonymous_2)
FN:11,(anonymous_3)
FNF:4
FNH:4
FNDA:7,AltchaModal
FNDA:23,(anonymous_1)
FNDA:23,(anonymous_2)
FNDA:3,(anonymous_3)
DA:4,1
DA:5,1
DA:8,23
DA:9,23
DA:11,7
DA:12,3
DA:13,1
DA:14,1
DA:18,7
DA:19,4
DA:21,3
LF:11
LH:11
BRDA:4,0,0,1
BRDA:4,0,1,0
BRDA:12,1,0,1
BRDA:12,1,1,2
BRDA:18,2,0,4
BRDA:18,2,1,3
BRF:6
BRH:5
end_of_record
TN:
SF:src/presentation/components/CopyNickButton.tsx
FN:11,CopyNickButton
FN:13,(anonymous_1)
FN:14,(anonymous_2)
FN:15,(anonymous_3)
FNF:4
FNH:4
FNDA:4,CopyNickButton
FNDA:8,(anonymous_1)
FNDA:6,(anonymous_2)
FNDA:3,(anonymous_3)
DA:12,4
DA:13,8
DA:15,6
LF:3
LH:3
BRDA:15,0,0,1
BRDA:15,0,1,2
BRDA:17,1,0,2
BRDA:17,1,1,4
BRDA:18,2,0,2
BRDA:18,2,1,4
BRF:6
BRH:6
end_of_record
TN:
SF:src/presentation/components/NickHistoryElement.module.css
FNF:0
FNH:0
LF:0
LH:0
BRF:0
BRH:0
end_of_record
TN:
SF:src/presentation/components/NickHistoryElement.tsx
FN:16,NickHistoryElement
FN:18,(anonymous_1)
FN:20,(anonymous_2)
FN:25,(anonymous_3)
FN:35,(anonymous_4)
FN:51,(anonymous_5)
FN:73,(anonymous_6)
FN:74,(anonymous_7)
FN:75,(anonymous_8)
FNF:9
FNH:4
FNDA:4,NickHistoryElement
FNDA:4,(anonymous_1)
FNDA:0,(anonymous_2)
FNDA:0,(anonymous_3)
FNDA:1,(anonymous_4)
FNDA:8,(anonymous_5)
FNDA:0,(anonymous_6)
FNDA:0,(anonymous_7)
FNDA:0,(anonymous_8)
DA:17,4
DA:18,4
DA:20,4
DA:21,0
DA:22,0
DA:25,0
DA:29,4
DA:36,1
DA:51,8
DA:73,0
DA:74,0
DA:75,0
LF:12
LH:6
BRDA:21,0,0,0
BRDA:21,0,1,0
BRDA:30,1,0,1
BRDA:30,1,1,3
BRDA:63,2,0,4
BRDA:63,2,1,0
BRF:6
BRH:3
end_of_record
TN:
SF:src/presentation/components/RemoveNickFromHistoryButton.tsx
FN:11,RemoveNickFromHistoryButton
FN:12,(anonymous_1)
FN:16,(anonymous_2)
FNF:3
FNH:3
FNDA:2,RemoveNickFromHistoryButton
FNDA:2,(anonymous_1)
FNDA:1,(anonymous_2)
DA:12,2
DA:15,2
DA:17,1
DA:18,1
LF:4
LH:4
BRF:0
BRH:0
end_of_record
TN:
SF:src/presentation/components/ReportForm.tsx
FN:8,ReportForm
FN:15,(anonymous_1)
FN:16,(anonymous_2)
FN:17,(anonymous_3)
FN:30,(anonymous_4)
FN:32,(anonymous_5)
FN:34,(anonymous_6)
FNF:7
FNH:1
FNDA:2,ReportForm
FNDA:0,(anonymous_1)
FNDA:0,(anonymous_2)
FNDA:0,(anonymous_3)
FNDA:0,(anonymous_4)
FNDA:0,(anonymous_5)
FNDA:0,(anonymous_6)
DA:9,2
DA:15,0
DA:16,0
DA:17,0
DA:21,2
DA:22,2
DA:23,2
DA:25,2
DA:31,0
DA:32,0
DA:33,0
DA:35,0
DA:36,0
DA:39,0
LF:14
LH:5
BRDA:15,0,0,0
BRDA:15,0,1,0
BRDA:16,1,0,0
BRDA:16,1,1,0
BRDA:16,2,0,0
BRDA:16,2,1,0
BRDA:17,3,0,0
BRDA:17,3,1,0
BRDA:29,4,0,2
BRDA:29,4,1,2
BRDA:36,5,0,0
BRDA:36,5,1,0
BRDA:65,6,0,2
BRDA:65,6,1,2
BRF:14
BRH:4
end_of_record
TN:
SF:src/presentation/components/ReportNickButton.tsx
FN:12,ReportNickButton
FN:13,(anonymous_1)
FN:17,(anonymous_2)
FNF:3
FNH:3
FNDA:4,ReportNickButton
FNDA:4,(anonymous_1)
FNDA:3,(anonymous_2)
DA:13,4
DA:15,4
DA:17,3
LF:3
LH:3
BRDA:17,0,0,1
BRDA:17,0,1,2
BRF:2
BRH:2
end_of_record
TN:
SF:src/presentation/components/ReportNickModal.tsx
FN:6,ReportNickModal
FN:7,(anonymous_1)
FN:8,(anonymous_2)
FN:12,(anonymous_3)
FN:12,(anonymous_4)
FN:13,(anonymous_5)
FNF:6
FNH:5
FNDA:2,ReportNickModal
FNDA:2,(anonymous_1)
FNDA:2,(anonymous_2)
FNDA:1,(anonymous_3)
FNDA:4,(anonymous_4)
FNDA:0,(anonymous_5)
DA:7,2
DA:8,2
DA:10,2
DA:12,4
DA:13,0
LF:5
LH:4
BRDA:11,0,0,2
BRDA:11,0,1,2
BRF:2
BRH:2
end_of_record
TN:
SF:src/presentation/stores/altcha.store.ts
FN:19,(anonymous_0)
FN:23,(anonymous_1)
FN:39,(anonymous_2)
FNF:3
FNH:3
FNDA:8,(anonymous_0)
FNDA:2,(anonymous_1)
FNDA:2,(anonymous_2)
DA:3,8
DA:4,8
DA:19,8
DA:24,2
DA:25,2
DA:35,2
DA:36,1
DA:40,2
DA:41,0
DA:42,0
DA:45,2
DA:46,0
DA:47,0
DA:48,0
DA:51,2
DA:52,2
DA:53,1
DA:54,1
DA:55,1
DA:57,1
LF:20
LH:15
BRDA:20,0,0,8
BRDA:20,0,1,0
BRDA:35,1,0,1
BRDA:35,1,1,1
BRDA:40,2,0,0
BRDA:40,2,1,2
BRDA:45,3,0,0
BRDA:45,3,1,2
BRDA:52,4,0,1
BRDA:52,4,1,1
BRDA:52,5,0,2
BRDA:52,5,1,1
BRDA:52,5,2,1
BRF:13
BRH:10
end_of_record
TN:
SF:src/presentation/stores/criteria.store.ts
FN:14,(anonymous_0)
FN:17,(anonymous_1)
FNF:2
FNH:2
FNDA:1,(anonymous_0)
FNDA:1,(anonymous_1)
DA:9,1
DA:14,1
DA:17,1
LF:3
LH:3
BRF:0
BRH:0
end_of_record
TN:
SF:src/presentation/stores/nick-history.store.ts
FN:6,loadHistory
FN:14,saveHistory
FN:24,(anonymous_2)
FN:27,(anonymous_3)
FN:28,(anonymous_4)
FN:33,(anonymous_5)
FN:34,(anonymous_6)
FN:35,(anonymous_7)
FNF:8
FNH:8
FNDA:3,loadHistory
FNDA:5,saveHistory
FNDA:3,(anonymous_2)
FNDA:3,(anonymous_3)
FNDA:3,(anonymous_4)
FNDA:2,(anonymous_5)
FNDA:2,(anonymous_6)
FNDA:2,(anonymous_7)
DA:4,3
DA:7,3
DA:8,3
DA:10,0
DA:15,5
DA:24,3
DA:28,3
DA:29,3
DA:30,3
DA:31,3
DA:34,2
DA:35,2
DA:36,2
DA:37,2
LF:14
LH:13
BRDA:8,0,0,3
BRDA:8,0,1,3
BRF:2
BRH:2
end_of_record
TN:
SF:src/presentation/stores/nick.store.ts
FN:9,(anonymous_0)
FN:12,(anonymous_1)
FNF:2
FNH:2
FNDA:3,(anonymous_0)
FNDA:4,(anonymous_1)
DA:9,3
DA:12,4
LF:2
LH:2
BRF:0
BRH:0
end_of_record
TN:
SF:src/presentation/stores/toast-id-generator.ts
FN:3,(anonymous_0)
FN:5,setToastIdGenerator
FN:9,generateToastId
FNF:3
FNH:3
FNDA:5,(anonymous_0)
FNDA:6,setToastIdGenerator
FNDA:7,generateToastId
DA:3,5
DA:6,6
DA:10,7
LF:3
LH:3
BRF:0
BRH:0
end_of_record
TN:
SF:src/presentation/stores/toast.store.ts
FN:19,(anonymous_0)
FN:22,(anonymous_1)
FN:24,(anonymous_2)
FN:27,(anonymous_3)
FN:32,(anonymous_4)
FN:33,(anonymous_5)
FN:33,(anonymous_6)
FNF:7
FNH:6
FNDA:5,(anonymous_0)
FNDA:7,(anonymous_1)
FNDA:7,(anonymous_2)
FNDA:0,(anonymous_3)
FNDA:2,(anonymous_4)
FNDA:2,(anonymous_5)
FNDA:3,(anonymous_6)
DA:19,5
DA:23,7
DA:24,7
DA:27,7
DA:28,0
DA:33,3
LF:6
LH:5
BRDA:22,0,0,7
BRF:1
BRH:1
end_of_record
