<?xml version="1.0" encoding="UTF-8"?>
<coverage generated="1770649569">
  <project timestamp="1770649569" name="Clover Coverage">
    <package name="App\Application\Handler">
      <file name="/home/runner/work/nick-me/nick-me/backend/src/Application/Handler/SendNotificationCommandHandler.php">
        <class name="App\Application\Handler\SendNotificationCommandHandler" namespace="App\Application\Handler">
          <metrics complexity="7" methods="2" coveredmethods="2" conditionals="13" coveredconditionals="13" statements="19" coveredstatements="19" elements="34" coveredelements="34"/>
        </class>
        <line num="19" type="method" name="__construct" visibility="public" complexity="1" crap="1" count="4"/>
        <line num="25" type="stmt" count="4"/>
        <line num="30" type="method" name="__invoke" visibility="public" complexity="6" crap="18.35" count="4"/>
        <line num="33" type="stmt" count="4"/>
        <line num="34" type="stmt" count="4"/>
        <line num="35" type="stmt" count="1"/>
        <line num="38" type="stmt" count="3"/>
        <line num="39" type="stmt" count="1"/>
        <line num="43" type="stmt" count="2"/>
        <line num="45" type="stmt" count="2"/>
        <line num="48" type="stmt" count="2"/>
        <line num="50" type="stmt" count="2"/>
        <line num="51" type="stmt" count="1"/>
        <line num="54" type="stmt" count="2"/>
        <line num="55" type="stmt" count="2"/>
        <line num="56" type="stmt" count="2"/>
        <line num="57" type="stmt" count="2"/>
        <line num="60" type="stmt" count="2"/>
        <line num="61" type="stmt" count="1"/>
        <line num="64" type="stmt" count="2"/>
        <line num="66" type="stmt" count="2"/>
        <metrics loc="69" ncloc="57" classes="1" methods="2" coveredmethods="2" conditionals="13" coveredconditionals="13" statements="19" coveredstatements="19" elements="34" coveredelements="34"/>
      </file>
    </package>
    <file name="/home/runner/work/nick-me/nick-me/backend/src/Application/Handler/SendNotificationCommandHandlerInterface.php">
      <metrics loc="15" ncloc="12" classes="0" methods="0" coveredmethods="0" conditionals="0" coveredconditionals="0" statements="0" coveredstatements="0" elements="0" coveredelements="0"/>
    </file>
    <package name="App\Application\UseCase">
      <file name="/home/runner/work/nick-me/nick-me/backend/src/Application/UseCase/CreateContact.php">
        <class name="App\Application\UseCase\CreateContact" namespace="App\Application\UseCase">
          <metrics complexity="2" methods="2" coveredmethods="2" conditionals="2" coveredconditionals="2" statements="7" coveredstatements="7" elements="11" coveredelements="11"/>
        </class>
        <line num="19" type="method" name="__construct" visibility="public" complexity="1" crap="1" count="3"/>
        <line num="26" type="stmt" count="3"/>
        <line num="28" type="method" name="__invoke" visibility="public" complexity="1" crap="1" count="2"/>
        <line num="30" type="stmt" count="2"/>
        <line num="31" type="stmt" count="2"/>
        <line num="32" type="stmt" count="2"/>
        <line num="33" type="stmt" count="2"/>
        <line num="34" type="stmt" count="2"/>
        <line num="35" type="stmt" count="2"/>
        <metrics loc="38" ncloc="35" classes="1" methods="2" coveredmethods="2" conditionals="2" coveredconditionals="2" statements="7" coveredstatements="7" elements="11" coveredelements="11"/>
      </file>
      <file name="/home/runner/work/nick-me/nick-me/backend/src/Application/UseCase/CreateReport.php">
        <class name="App\Application\UseCase\CreateReport" namespace="App\Application\UseCase">
          <metrics complexity="2" methods="2" coveredmethods="2" conditionals="2" coveredconditionals="2" statements="7" coveredstatements="7" elements="11" coveredelements="11"/>
        </class>
        <line num="19" type="method" name="__construct" visibility="public" complexity="1" crap="1" count="3"/>
        <line num="26" type="stmt" count="3"/>
        <line num="28" type="method" name="__invoke" visibility="public" complexity="1" crap="1" count="2"/>
        <line num="30" type="stmt" count="2"/>
        <line num="31" type="stmt" count="2"/>
        <line num="32" type="stmt" count="2"/>
        <line num="33" type="stmt" count="2"/>
        <line num="34" type="stmt" count="2"/>
        <line num="36" type="stmt" count="2"/>
        <metrics loc="39" ncloc="36" classes="1" methods="2" coveredmethods="2" conditionals="2" coveredconditionals="2" statements="7" coveredstatements="7" elements="11" coveredelements="11"/>
      </file>
      <file name="/home/runner/work/nick-me/nick-me/backend/src/Application/UseCase/CreateSuggestion.php">
        <class name="App\Application\UseCase\CreateSuggestion" namespace="App\Application\UseCase">
          <metrics complexity="3" methods="2" coveredmethods="2" conditionals="4" coveredconditionals="4" statements="10" coveredstatements="10" elements="16" coveredelements="16"/>
        </class>
        <line num="21" type="method" name="__construct" visibility="public" complexity="1" crap="1" count="6"/>
        <line num="29" type="stmt" count="6"/>
        <line num="31" type="method" name="__invoke" visibility="public" complexity="2" crap="2" count="5"/>
        <line num="34" type="stmt" count="5"/>
        <line num="35" type="stmt" count="5"/>
        <line num="36" type="stmt" count="2"/>
        <line num="38" type="stmt" count="3"/>
        <line num="39" type="stmt" count="3"/>
        <line num="40" type="stmt" count="3"/>
        <line num="41" type="stmt" count="3"/>
        <line num="42" type="stmt" count="3"/>
        <line num="44" type="stmt" count="3"/>
        <metrics loc="47" ncloc="43" classes="1" methods="2" coveredmethods="2" conditionals="4" coveredconditionals="4" statements="10" coveredstatements="10" elements="16" coveredelements="16"/>
      </file>
      <file name="/home/runner/work/nick-me/nick-me/backend/src/Application/UseCase/GenerateNick.php">
        <class name="App\Application\UseCase\GenerateNick" namespace="App\Application\UseCase">
          <metrics complexity="2" methods="2" coveredmethods="2" conditionals="2" coveredconditionals="2" statements="8" coveredstatements="8" elements="12" coveredelements="12"/>
        </class>
        <line num="18" type="method" name="__construct" visibility="public" complexity="1" crap="1" count="15"/>
        <line num="25" type="stmt" count="15"/>
        <line num="27" type="method" name="__invoke" visibility="public" complexity="1" crap="1" count="15"/>
        <line num="29" type="stmt" count="15"/>
        <line num="31" type="stmt" count="15"/>
        <line num="34" type="stmt" count="15"/>
        <line num="35" type="stmt" count="15"/>
        <line num="36" type="stmt" count="15"/>
        <line num="38" type="stmt" count="15"/>
        <line num="40" type="stmt" count="15"/>
        <metrics loc="43" ncloc="39" classes="1" methods="2" coveredmethods="2" conditionals="2" coveredconditionals="2" statements="8" coveredstatements="8" elements="12" coveredelements="12"/>
      </file>
      <file name="/home/runner/work/nick-me/nick-me/backend/src/Application/UseCase/GetWord.php">
        <class name="App\Application\UseCase\GetWord" namespace="App\Application\UseCase">
          <metrics complexity="3" methods="2" coveredmethods="2" conditionals="5" coveredconditionals="5" statements="13" coveredstatements="13" elements="20" coveredelements="20"/>
        </class>
        <line num="29" type="method" name="__construct" visibility="public" complexity="2" crap="3.19" count="12"/>
        <line num="37" type="stmt" count="12"/>
        <line num="38" type="stmt" count="12"/>
        <line num="39" type="stmt" count="12"/>
        <line num="41" type="stmt" count="12"/>
        <line num="44" type="method" name="__invoke" visibility="public" complexity="1" crap="1" count="12"/>
        <line num="46" type="stmt" count="12"/>
        <line num="47" type="stmt" count="12"/>
        <line num="48" type="stmt" count="12"/>
        <line num="50" type="stmt" count="12"/>
        <line num="52" type="stmt" count="12"/>
        <line num="53" type="stmt" count="12"/>
        <line num="54" type="stmt" count="12"/>
        <line num="55" type="stmt" count="12"/>
        <line num="56" type="stmt" count="12"/>
        <metrics loc="59" ncloc="47" classes="1" methods="2" coveredmethods="2" conditionals="5" coveredconditionals="5" statements="13" coveredstatements="13" elements="20" coveredelements="20"/>
      </file>
      <file name="/home/runner/work/nick-me/nick-me/backend/src/Application/UseCase/MaintainWord.php">
        <class name="App\Application\UseCase\MaintainWord" namespace="App\Application\UseCase">
          <metrics complexity="6" methods="2" coveredmethods="2" conditionals="12" coveredconditionals="12" statements="43" coveredstatements="43" elements="57" coveredelements="57"/>
        </class>
        <line num="22" type="method" name="__construct" visibility="public" complexity="1" crap="1" count="5"/>
        <line num="28" type="stmt" count="5"/>
        <line num="30" type="method" name="__invoke" visibility="public" complexity="5" crap="15.55" count="5"/>
        <line num="32" type="stmt" count="5"/>
        <line num="35" type="stmt" count="5"/>
        <line num="36" type="stmt" count="5"/>
        <line num="37" type="stmt" count="5"/>
        <line num="38" type="stmt" count="5"/>
        <line num="39" type="stmt" count="5"/>
        <line num="40" type="stmt" count="5"/>
        <line num="41" type="stmt" count="5"/>
        <line num="42" type="stmt" count="5"/>
        <line num="43" type="stmt" count="5"/>
        <line num="44" type="stmt" count="5"/>
        <line num="45" type="stmt" count="5"/>
        <line num="46" type="stmt" count="5"/>
        <line num="48" type="stmt" count="5"/>
        <line num="51" type="stmt" count="5"/>
        <line num="52" type="stmt" count="3"/>
        <line num="53" type="stmt" count="3"/>
        <line num="54" type="stmt" count="3"/>
        <line num="55" type="stmt" count="3"/>
        <line num="56" type="stmt" count="3"/>
        <line num="57" type="stmt" count="3"/>
        <line num="59" type="stmt" count="3"/>
        <line num="61" type="stmt" count="5"/>
        <line num="62" type="stmt" count="3"/>
        <line num="64" type="stmt" count="3"/>
        <line num="68" type="stmt" count="5"/>
        <line num="69" type="stmt" count="5"/>
        <line num="72" type="stmt" count="5"/>
        <line num="73" type="stmt" count="5"/>
        <line num="74" type="stmt" count="3"/>
        <line num="77" type="stmt" count="5"/>
        <line num="78" type="stmt" count="3"/>
        <line num="81" type="stmt" count="5"/>
        <line num="82" type="stmt" count="5"/>
        <line num="83" type="stmt" count="5"/>
        <line num="84" type="stmt" count="5"/>
        <line num="85" type="stmt" count="5"/>
        <line num="86" type="stmt" count="5"/>
        <line num="87" type="stmt" count="5"/>
        <line num="88" type="stmt" count="5"/>
        <line num="89" type="stmt" count="5"/>
        <line num="90" type="stmt" count="5"/>
        <metrics loc="93" ncloc="86" classes="1" methods="2" coveredmethods="2" conditionals="12" coveredconditionals="12" statements="43" coveredstatements="43" elements="57" coveredelements="57"/>
      </file>
    </package>
    <file name="/home/runner/work/nick-me/nick-me/backend/src/Application/UseCase/CreateContactInterface.php">
      <metrics loc="16" ncloc="13" classes="0" methods="0" coveredmethods="0" conditionals="0" coveredconditionals="0" statements="0" coveredstatements="0" elements="0" coveredelements="0"/>
    </file>
    <file name="/home/runner/work/nick-me/nick-me/backend/src/Application/UseCase/CreateReportInterface.php">
      <metrics loc="16" ncloc="13" classes="0" methods="0" coveredmethods="0" conditionals="0" coveredconditionals="0" statements="0" coveredstatements="0" elements="0" coveredelements="0"/>
    </file>
    <file name="/home/runner/work/nick-me/nick-me/backend/src/Application/UseCase/CreateSuggestionInterface.php">
      <metrics loc="16" ncloc="13" classes="0" methods="0" coveredmethods="0" conditionals="0" coveredconditionals="0" statements="0" coveredstatements="0" elements="0" coveredelements="0"/>
    </file>
    <file name="/home/runner/work/nick-me/nick-me/backend/src/Application/UseCase/GenerateNickInterface.php">
      <metrics loc="15" ncloc="12" classes="0" methods="0" coveredmethods="0" conditionals="0" coveredconditionals="0" statements="0" coveredstatements="0" elements="0" coveredelements="0"/>
    </file>
    <file name="/home/runner/work/nick-me/nick-me/backend/src/Application/UseCase/GetWordInterface.php">
      <metrics loc="15" ncloc="12" classes="0" methods="0" coveredmethods="0" conditionals="0" coveredconditionals="0" statements="0" coveredstatements="0" elements="0" coveredelements="0"/>
    </file>
    <file name="/home/runner/work/nick-me/nick-me/backend/src/Application/UseCase/MaintainWordInterface.php">
      <metrics loc="15" ncloc="12" classes="0" methods="0" coveredmethods="0" conditionals="0" coveredconditionals="0" statements="0" coveredstatements="0" elements="0" coveredelements="0"/>
    </file>
    <package name="App\Command">
      <file name="/home/runner/work/nick-me/nick-me/backend/src/Command/GenerateNicksCommand.php">
        <class name="App\Command\GenerateNicksCommand" namespace="App\Command">
          <metrics complexity="11" methods="2" coveredmethods="1" conditionals="22" coveredconditionals="1" statements="48" coveredstatements="38" elements="72" coveredelements="40"/>
        </class>
        <line num="24" type="method" name="__construct" visibility="public" complexity="1" crap="1" count="1"/>
        <line num="28" type="stmt" count="1"/>
        <line num="31" type="method" name="__invoke" visibility="public" complexity="10" crap="10.96" count="1"/>
        <line num="39" type="stmt" count="1"/>
        <line num="41" type="stmt" count="1"/>
        <line num="42" type="stmt" count="0"/>
        <line num="44" type="stmt" count="1"/>
        <line num="45" type="stmt" count="0"/>
        <line num="48" type="stmt" count="1"/>
        <line num="50" type="stmt" count="0"/>
        <line num="51" type="stmt" count="0"/>
        <line num="52" type="stmt" count="0"/>
        <line num="56" type="stmt" count="1"/>
        <line num="58" type="stmt" count="0"/>
        <line num="59" type="stmt" count="0"/>
        <line num="60" type="stmt" count="0"/>
        <line num="65" type="stmt" count="1"/>
        <line num="66" type="stmt" count="0"/>
        <line num="67" type="stmt" count="0"/>
        <line num="70" type="stmt" count="1"/>
        <line num="72" type="stmt" count="1"/>
        <line num="74" type="stmt" count="1"/>
        <line num="75" type="stmt" count="1"/>
        <line num="76" type="stmt" count="1"/>
        <line num="79" type="stmt" count="1"/>
        <line num="81" type="stmt" count="1"/>
        <line num="82" type="stmt" count="1"/>
        <line num="84" type="stmt" count="1"/>
        <line num="85" type="stmt" count="1"/>
        <line num="86" type="stmt" count="1"/>
        <line num="87" type="stmt" count="1"/>
        <line num="89" type="stmt" count="1"/>
        <line num="90" type="stmt" count="1"/>
        <line num="92" type="stmt" count="1"/>
        <line num="93" type="stmt" count="1"/>
        <line num="94" type="stmt" count="1"/>
        <line num="95" type="stmt" count="1"/>
        <line num="96" type="stmt" count="1"/>
        <line num="97" type="stmt" count="1"/>
        <line num="100" type="stmt" count="1"/>
        <line num="101" type="stmt" count="1"/>
        <line num="102" type="stmt" count="1"/>
        <line num="104" type="stmt" count="1"/>
        <line num="105" type="stmt" count="1"/>
        <line num="106" type="stmt" count="1"/>
        <line num="107" type="stmt" count="1"/>
        <line num="108" type="stmt" count="1"/>
        <line num="109" type="stmt" count="1"/>
        <line num="110" type="stmt" count="1"/>
        <line num="112" type="stmt" count="1"/>
        <metrics loc="115" ncloc="111" classes="1" methods="2" coveredmethods="1" conditionals="22" coveredconditionals="1" statements="48" coveredstatements="38" elements="72" coveredelements="40"/>
      </file>
      <file name="/home/runner/work/nick-me/nick-me/backend/src/Command/LoadBaseDataCommand.php">
        <class name="App\Command\LoadBaseDataCommand" namespace="App\Command">
          <metrics complexity="5" methods="2" coveredmethods="2" conditionals="18" coveredconditionals="1" statements="40" coveredstatements="40" elements="60" coveredelements="43"/>
        </class>
        <line num="28" type="method" name="__construct" visibility="public" complexity="1" crap="1" count="1"/>
        <line num="36" type="stmt" count="1"/>
        <line num="39" type="method" name="__invoke" visibility="public" complexity="4" crap="4" count="1"/>
        <line num="43" type="stmt" count="1"/>
        <line num="44" type="stmt" count="1"/>
        <line num="46" type="stmt" count="1"/>
        <line num="50" type="stmt" count="1"/>
        <line num="51" type="stmt" count="1"/>
        <line num="52" type="stmt" count="1"/>
        <line num="54" type="stmt" count="1"/>
        <line num="55" type="stmt" count="1"/>
        <line num="56" type="stmt" count="1"/>
        <line num="57" type="stmt" count="1"/>
        <line num="58" type="stmt" count="1"/>
        <line num="59" type="stmt" count="1"/>
        <line num="60" type="stmt" count="1"/>
        <line num="61" type="stmt" count="1"/>
        <line num="62" type="stmt" count="1"/>
        <line num="63" type="stmt" count="1"/>
        <line num="64" type="stmt" count="1"/>
        <line num="65" type="stmt" count="1"/>
        <line num="66" type="stmt" count="1"/>
        <line num="69" type="stmt" count="1"/>
        <line num="71" type="stmt" count="1"/>
        <line num="72" type="stmt" count="1"/>
        <line num="74" type="stmt" count="1"/>
        <line num="75" type="stmt" count="1"/>
        <line num="77" type="stmt" count="1"/>
        <line num="78" type="stmt" count="1"/>
        <line num="79" type="stmt" count="1"/>
        <line num="80" type="stmt" count="1"/>
        <line num="81" type="stmt" count="1"/>
        <line num="82" type="stmt" count="1"/>
        <line num="83" type="stmt" count="1"/>
        <line num="84" type="stmt" count="1"/>
        <line num="85" type="stmt" count="1"/>
        <line num="86" type="stmt" count="1"/>
        <line num="87" type="stmt" count="1"/>
        <line num="88" type="stmt" count="1"/>
        <line num="89" type="stmt" count="1"/>
        <line num="92" type="stmt" count="1"/>
        <line num="94" type="stmt" count="1"/>
        <metrics loc="97" ncloc="93" classes="1" methods="2" coveredmethods="2" conditionals="18" coveredconditionals="1" statements="40" coveredstatements="40" elements="60" coveredelements="43"/>
      </file>
    </package>
    <package name="App\Controller">
      <file name="/home/runner/work/nick-me/nick-me/backend/src/Controller/AltchaChallengeController.php">
        <class name="App\Controller\AltchaChallengeController" namespace="App\Controller">
          <metrics complexity="2" methods="2" coveredmethods="0" conditionals="2" coveredconditionals="0" statements="2" coveredstatements="0" elements="6" coveredelements="0"/>
        </class>
        <line num="15" type="method" name="__construct" visibility="public" complexity="1" crap="2" count="0"/>
        <line num="17" type="stmt" count="0"/>
        <line num="19" type="method" name="__invoke" visibility="public" complexity="1" crap="2" count="0"/>
        <line num="22" type="stmt" count="0"/>
        <metrics loc="25" ncloc="22" classes="1" methods="2" coveredmethods="0" conditionals="2" coveredconditionals="0" statements="2" coveredstatements="0" elements="6" coveredelements="0"/>
      </file>
      <file name="/home/runner/work/nick-me/nick-me/backend/src/Controller/ContactController.php">
        <class name="App\Controller\ContactController" namespace="App\Controller">
          <metrics complexity="2" methods="2" coveredmethods="2" conditionals="2" coveredconditionals="2" statements="7" coveredstatements="7" elements="11" coveredelements="11"/>
        </class>
        <line num="20" type="method" name="__construct" visibility="public" complexity="1" crap="1" count="2"/>
        <line num="22" type="stmt" count="2"/>
        <line num="24" type="method" name="__invoke" visibility="public" complexity="1" crap="1" count="1"/>
        <line num="27" type="stmt" count="1"/>
        <line num="28" type="stmt" count="1"/>
        <line num="29" type="stmt" count="1"/>
        <line num="30" type="stmt" count="1"/>
        <line num="31" type="stmt" count="1"/>
        <line num="33" type="stmt" count="1"/>
        <metrics loc="36" ncloc="33" classes="1" methods="2" coveredmethods="2" conditionals="2" coveredconditionals="2" statements="7" coveredstatements="7" elements="11" coveredelements="11"/>
      </file>
      <file name="/home/runner/work/nick-me/nick-me/backend/src/Controller/NickController.php">
        <class name="App\Controller\NickController" namespace="App\Controller">
          <metrics complexity="2" methods="2" coveredmethods="2" conditionals="2" coveredconditionals="2" statements="26" coveredstatements="26" elements="30" coveredelements="30"/>
        </class>
        <line num="23" type="method" name="__construct" visibility="public" complexity="1" crap="1" count="8"/>
        <line num="25" type="stmt" count="8"/>
        <line num="27" type="method" name="__invoke" visibility="public" complexity="1" crap="1" count="8"/>
        <line num="30" type="stmt" count="8"/>
        <line num="31" type="stmt" count="8"/>
        <line num="32" type="stmt" count="8"/>
        <line num="33" type="stmt" count="8"/>
        <line num="34" type="stmt" count="8"/>
        <line num="35" type="stmt" count="8"/>
        <line num="36" type="stmt" count="8"/>
        <line num="37" type="stmt" count="8"/>
        <line num="38" type="stmt" count="8"/>
        <line num="40" type="stmt" count="8"/>
        <line num="41" type="stmt" count="8"/>
        <line num="42" type="stmt" count="8"/>
        <line num="43" type="stmt" count="8"/>
        <line num="44" type="stmt" count="8"/>
        <line num="45" type="stmt" count="8"/>
        <line num="46" type="stmt" count="8"/>
        <line num="47" type="stmt" count="8"/>
        <line num="48" type="stmt" count="8"/>
        <line num="49" type="stmt" count="8"/>
        <line num="50" type="stmt" count="8"/>
        <line num="51" type="stmt" count="8"/>
        <line num="52" type="stmt" count="8"/>
        <line num="53" type="stmt" count="8"/>
        <line num="54" type="stmt" count="8"/>
        <line num="55" type="stmt" count="8"/>
        <metrics loc="58" ncloc="55" classes="1" methods="2" coveredmethods="2" conditionals="2" coveredconditionals="2" statements="26" coveredstatements="26" elements="30" coveredelements="30"/>
      </file>
      <file name="/home/runner/work/nick-me/nick-me/backend/src/Controller/ReportController.php">
        <class name="App\Controller\ReportController" namespace="App\Controller">
          <metrics complexity="2" methods="2" coveredmethods="2" conditionals="2" coveredconditionals="2" statements="8" coveredstatements="8" elements="12" coveredelements="12"/>
        </class>
        <line num="20" type="method" name="__construct" visibility="public" complexity="1" crap="1" count="2"/>
        <line num="22" type="stmt" count="2"/>
        <line num="24" type="method" name="__invoke" visibility="public" complexity="1" crap="1" count="1"/>
        <line num="27" type="stmt" count="1"/>
        <line num="28" type="stmt" count="1"/>
        <line num="29" type="stmt" count="1"/>
        <line num="30" type="stmt" count="1"/>
        <line num="31" type="stmt" count="1"/>
        <line num="32" type="stmt" count="1"/>
        <line num="34" type="stmt" count="1"/>
        <metrics loc="37" ncloc="34" classes="1" methods="2" coveredmethods="2" conditionals="2" coveredconditionals="2" statements="8" coveredstatements="8" elements="12" coveredelements="12"/>
      </file>
      <file name="/home/runner/work/nick-me/nick-me/backend/src/Controller/SuggestionController.php">
        <class name="App\Controller\SuggestionController" namespace="App\Controller">
          <metrics complexity="2" methods="2" coveredmethods="2" conditionals="2" coveredconditionals="2" statements="7" coveredstatements="7" elements="11" coveredelements="11"/>
        </class>
        <line num="20" type="method" name="__construct" visibility="public" complexity="1" crap="1" count="3"/>
        <line num="22" type="stmt" count="3"/>
        <line num="24" type="method" name="__invoke" visibility="public" complexity="1" crap="1" count="2"/>
        <line num="27" type="stmt" count="2"/>
        <line num="28" type="stmt" count="2"/>
        <line num="29" type="stmt" count="2"/>
        <line num="30" type="stmt" count="2"/>
        <line num="31" type="stmt" count="2"/>
        <line num="33" type="stmt" count="1"/>
        <metrics loc="36" ncloc="33" classes="1" methods="2" coveredmethods="2" conditionals="2" coveredconditionals="2" statements="7" coveredstatements="7" elements="11" coveredelements="11"/>
      </file>
      <file name="/home/runner/work/nick-me/nick-me/backend/src/Controller/WordController.php">
        <class name="App\Controller\WordController" namespace="App\Controller">
          <metrics complexity="2" methods="2" coveredmethods="2" conditionals="2" coveredconditionals="2" statements="13" coveredstatements="13" elements="17" coveredelements="17"/>
        </class>
        <line num="20" type="method" name="__construct" visibility="public" complexity="1" crap="1" count="2"/>
        <line num="22" type="stmt" count="2"/>
        <line num="24" type="method" name="__invoke" visibility="public" complexity="1" crap="1" count="2"/>
        <line num="27" type="stmt" count="2"/>
        <line num="28" type="stmt" count="2"/>
        <line num="29" type="stmt" count="2"/>
        <line num="30" type="stmt" count="2"/>
        <line num="31" type="stmt" count="2"/>
        <line num="32" type="stmt" count="2"/>
        <line num="33" type="stmt" count="2"/>
        <line num="34" type="stmt" count="2"/>
        <line num="36" type="stmt" count="2"/>
        <line num="37" type="stmt" count="2"/>
        <line num="38" type="stmt" count="2"/>
        <line num="39" type="stmt" count="2"/>
        <metrics loc="42" ncloc="39" classes="1" methods="2" coveredmethods="2" conditionals="2" coveredconditionals="2" statements="13" coveredstatements="13" elements="17" coveredelements="17"/>
      </file>
    </package>
    <package name="App\Dto\Command">
      <file name="/home/runner/work/nick-me/nick-me/backend/src/Dto/Command/CreateContactCommand.php">
        <class name="App\Dto\Command\CreateContactCommand" namespace="App\Dto\Command">
          <metrics complexity="3" methods="3" coveredmethods="3" conditionals="3" coveredconditionals="3" statements="3" coveredstatements="3" elements="9" coveredelements="9"/>
        </class>
        <line num="12" type="method" name="__construct" visibility="public" complexity="1" crap="1" count="2"/>
        <line num="14" type="stmt" count="2"/>
        <line num="16" type="method" name="getSenderEmail" visibility="public" complexity="1" crap="1" count="2"/>
        <line num="18" type="stmt" count="2"/>
        <line num="21" type="method" name="getContent" visibility="public" complexity="1" crap="1" count="2"/>
        <line num="23" type="stmt" count="2"/>
        <metrics loc="26" ncloc="23" classes="1" methods="3" coveredmethods="3" conditionals="3" coveredconditionals="3" statements="3" coveredstatements="3" elements="9" coveredelements="9"/>
      </file>
      <file name="/home/runner/work/nick-me/nick-me/backend/src/Dto/Command/CreateReportCommand.php">
        <class name="App\Dto\Command\CreateReportCommand" namespace="App\Dto\Command">
          <metrics complexity="4" methods="4" coveredmethods="4" conditionals="4" coveredconditionals="4" statements="4" coveredstatements="4" elements="12" coveredelements="12"/>
        </class>
        <line num="10" type="method" name="__construct" visibility="public" complexity="1" crap="1" count="2"/>
        <line num="12" type="stmt" count="2"/>
        <line num="14" type="method" name="getSenderEmail" visibility="public" complexity="1" crap="1" count="2"/>
        <line num="16" type="stmt" count="2"/>
        <line num="19" type="method" name="getReason" visibility="public" complexity="1" crap="1" count="2"/>
        <line num="21" type="stmt" count="2"/>
        <line num="24" type="method" name="getNickId" visibility="public" complexity="1" crap="1" count="2"/>
        <line num="26" type="stmt" count="2"/>
        <metrics loc="29" ncloc="26" classes="1" methods="4" coveredmethods="4" conditionals="4" coveredconditionals="4" statements="4" coveredstatements="4" elements="12" coveredelements="12"/>
      </file>
      <file name="/home/runner/work/nick-me/nick-me/backend/src/Dto/Command/CreateSuggestionCommand.php">
        <class name="App\Dto\Command\CreateSuggestionCommand" namespace="App\Dto\Command">
          <metrics complexity="3" methods="3" coveredmethods="3" conditionals="3" coveredconditionals="3" statements="3" coveredstatements="3" elements="9" coveredelements="9"/>
        </class>
        <line num="10" type="method" name="__construct" visibility="public" complexity="1" crap="1" count="5"/>
        <line num="12" type="stmt" count="5"/>
        <line num="14" type="method" name="getLabel" visibility="public" complexity="1" crap="1" count="5"/>
        <line num="16" type="stmt" count="5"/>
        <line num="19" type="method" name="getSenderEmail" visibility="public" complexity="1" crap="1" count="3"/>
        <line num="21" type="stmt" count="3"/>
        <metrics loc="24" ncloc="21" classes="1" methods="3" coveredmethods="3" conditionals="3" coveredconditionals="3" statements="3" coveredstatements="3" elements="9" coveredelements="9"/>
      </file>
      <file name="/home/runner/work/nick-me/nick-me/backend/src/Dto/Command/GenerateNickCommand.php">
        <class name="App\Dto\Command\GenerateNickCommand" namespace="App\Dto\Command">
          <metrics complexity="7" methods="7" coveredmethods="7" conditionals="7" coveredconditionals="7" statements="7" coveredstatements="7" elements="21" coveredelements="21"/>
        </class>
        <line num="18" type="method" name="__construct" visibility="public" complexity="1" crap="1" count="16"/>
        <line num="26" type="stmt" count="16"/>
        <line num="28" type="method" name="getLang" visibility="public" complexity="1" crap="1" count="13"/>
        <line num="30" type="stmt" count="13"/>
        <line num="33" type="method" name="getGender" visibility="public" complexity="1" crap="1" count="13"/>
        <line num="35" type="stmt" count="13"/>
        <line num="38" type="method" name="getOffenseLevel" visibility="public" complexity="1" crap="1" count="13"/>
        <line num="40" type="stmt" count="13"/>
        <line num="46" type="method" name="getExclusions" visibility="public" complexity="1" crap="1" count="15"/>
        <line num="48" type="stmt" count="15"/>
        <line num="51" type="method" name="getPreviousNickId" visibility="public" complexity="1" crap="1" count="15"/>
        <line num="53" type="stmt" count="15"/>
        <line num="56" type="method" name="getReplaceRoleType" visibility="public" complexity="1" crap="1" count="3"/>
        <line num="58" type="stmt" count="3"/>
        <metrics loc="61" ncloc="52" classes="1" methods="7" coveredmethods="7" conditionals="7" coveredconditionals="7" statements="7" coveredstatements="7" elements="21" coveredelements="21"/>
      </file>
      <file name="/home/runner/work/nick-me/nick-me/backend/src/Dto/Command/GetWordCommand.php">
        <class name="App\Dto\Command\GetWordCommand" namespace="App\Dto\Command">
          <metrics complexity="9" methods="7" coveredmethods="6" conditionals="11" coveredconditionals="10" statements="8" coveredstatements="7" elements="26" coveredelements="23"/>
        </class>
        <line num="18" type="method" name="__construct" visibility="public" complexity="3" crap="4.12" count="15"/>
        <line num="26" type="stmt" count="15"/>
        <line num="27" type="stmt" count="0"/>
        <line num="31" type="method" name="getRole" visibility="public" complexity="1" crap="1" count="15"/>
        <line num="33" type="stmt" count="15"/>
        <line num="36" type="method" name="getGender" visibility="public" complexity="1" crap="1" count="15"/>
        <line num="38" type="stmt" count="15"/>
        <line num="41" type="method" name="getOffenseLevel" visibility="public" complexity="1" crap="1" count="15"/>
        <line num="43" type="stmt" count="15"/>
        <line num="46" type="method" name="getPreviousId" visibility="public" complexity="1" crap="1" count="12"/>
        <line num="48" type="stmt" count="12"/>
        <line num="51" type="method" name="getPrevious" visibility="public" complexity="1" crap="1" count="15"/>
        <line num="53" type="stmt" count="15"/>
        <line num="59" type="method" name="getExclusions" visibility="public" complexity="1" crap="1" count="15"/>
        <line num="61" type="stmt" count="15"/>
        <metrics loc="64" ncloc="55" classes="1" methods="7" coveredmethods="6" conditionals="11" coveredconditionals="10" statements="8" coveredstatements="7" elements="26" coveredelements="23"/>
      </file>
      <file name="/home/runner/work/nick-me/nick-me/backend/src/Dto/Command/MaintainWordCommand.php">
        <class name="App\Dto\Command\MaintainWordCommand" namespace="App\Dto\Command">
          <metrics complexity="14" methods="12" coveredmethods="10" conditionals="16" coveredconditionals="10" statements="16" coveredstatements="10" elements="44" coveredelements="30"/>
        </class>
        <line num="19" type="method" name="__construct" visibility="public" complexity="1" crap="1" count="5"/>
        <line num="32" type="stmt" count="5"/>
        <line num="34" type="method" name="validate" visibility="public" complexity="3" crap="12" count="0"/>
        <line num="37" type="stmt" count="0"/>
        <line num="38" type="stmt" count="0"/>
        <line num="39" type="stmt" count="0"/>
        <line num="40" type="stmt" count="0"/>
        <line num="44" type="method" name="setWordId" visibility="public" complexity="1" crap="2" count="0"/>
        <line num="46" type="stmt" count="0"/>
        <line num="48" type="stmt" count="0"/>
        <line num="51" type="method" name="getWordId" visibility="public" complexity="1" crap="1" count="5"/>
        <line num="53" type="stmt" count="5"/>
        <line num="56" type="method" name="getLabel" visibility="public" complexity="1" crap="1" count="5"/>
        <line num="58" type="stmt" count="5"/>
        <line num="61" type="method" name="getGender" visibility="public" complexity="1" crap="1" count="5"/>
        <line num="63" type="stmt" count="5"/>
        <line num="66" type="method" name="getLang" visibility="public" complexity="1" crap="1" count="5"/>
        <line num="68" type="stmt" count="5"/>
        <line num="71" type="method" name="getOffenseLevel" visibility="public" complexity="1" crap="1" count="5"/>
        <line num="73" type="stmt" count="5"/>
        <line num="76" type="method" name="getStatus" visibility="public" complexity="1" crap="1" count="5"/>
        <line num="78" type="stmt" count="5"/>
        <line num="81" type="method" name="isAsSubject" visibility="public" complexity="1" crap="1" count="5"/>
        <line num="83" type="stmt" count="5"/>
        <line num="86" type="method" name="isAsQualifier" visibility="public" complexity="1" crap="1" count="5"/>
        <line num="88" type="stmt" count="5"/>
        <line num="91" type="method" name="getQualifierPosition" visibility="public" complexity="1" crap="1" count="5"/>
        <line num="93" type="stmt" count="5"/>
        <metrics loc="96" ncloc="93" classes="1" methods="12" coveredmethods="10" conditionals="16" coveredconditionals="10" statements="16" coveredstatements="10" elements="44" coveredelements="30"/>
      </file>
    </package>
    <package name="App\Dto\Csv">
      <file name="/home/runner/work/nick-me/nick-me/backend/src/Dto/Csv/CsvQualifier.php">
        <class name="App\Dto\Csv\CsvQualifier" namespace="App\Dto\Csv">
          <metrics complexity="1" methods="1" coveredmethods="0" conditionals="1" coveredconditionals="0" statements="1" coveredstatements="0" elements="3" coveredelements="0"/>
        </class>
        <line num="10" type="method" name="__construct" visibility="public" complexity="1" crap="2" count="0"/>
        <line num="16" type="stmt" count="0"/>
        <metrics loc="18" ncloc="15" classes="1" methods="1" coveredmethods="0" conditionals="1" coveredconditionals="0" statements="1" coveredstatements="0" elements="3" coveredelements="0"/>
      </file>
      <file name="/home/runner/work/nick-me/nick-me/backend/src/Dto/Csv/CsvSubject.php">
        <class name="App\Dto\Csv\CsvSubject" namespace="App\Dto\Csv">
          <metrics complexity="1" methods="1" coveredmethods="0" conditionals="1" coveredconditionals="0" statements="1" coveredstatements="0" elements="3" coveredelements="0"/>
        </class>
        <line num="10" type="method" name="__construct" visibility="public" complexity="1" crap="2" count="0"/>
        <line num="15" type="stmt" count="0"/>
        <metrics loc="17" ncloc="14" classes="1" methods="1" coveredmethods="0" conditionals="1" coveredconditionals="0" statements="1" coveredstatements="0" elements="3" coveredelements="0"/>
      </file>
    </package>
    <package name="App\Dto\Properties">
      <file name="/home/runner/work/nick-me/nick-me/backend/src/Dto/Properties/MaintainQualifierProperties.php">
        <class name="App\Dto\Properties\MaintainQualifierProperties" namespace="App\Dto\Properties">
          <metrics complexity="2" methods="2" coveredmethods="2" conditionals="2" coveredconditionals="2" statements="2" coveredstatements="2" elements="6" coveredelements="6"/>
        </class>
        <line num="14" type="method" name="__construct" visibility="public" complexity="1" crap="1" count="3"/>
        <line num="17" type="stmt" count="3"/>
        <line num="19" type="method" name="getPosition" visibility="public" complexity="1" crap="1" count="3"/>
        <line num="21" type="stmt" count="3"/>
        <metrics loc="24" ncloc="19" classes="1" methods="2" coveredmethods="2" conditionals="2" coveredconditionals="2" statements="2" coveredstatements="2" elements="6" coveredelements="6"/>
      </file>
      <file name="/home/runner/work/nick-me/nick-me/backend/src/Dto/Properties/MaintainWordProperties.php">
        <class name="App\Dto\Properties\MaintainWordProperties" namespace="App\Dto\Properties">
          <metrics complexity="10" methods="10" coveredmethods="10" conditionals="10" coveredconditionals="10" statements="10" coveredstatements="10" elements="30" coveredelements="30"/>
        </class>
        <line num="18" type="method" name="__construct" visibility="public" complexity="1" crap="1" count="5"/>
        <line num="29" type="stmt" count="5"/>
        <line num="31" type="method" name="getWordId" visibility="public" complexity="1" crap="1" count="5"/>
        <line num="33" type="stmt" count="5"/>
        <line num="36" type="method" name="getLabel" visibility="public" complexity="1" crap="1" count="5"/>
        <line num="38" type="stmt" count="5"/>
        <line num="41" type="method" name="getGender" visibility="public" complexity="1" crap="1" count="5"/>
        <line num="43" type="stmt" count="5"/>
        <line num="46" type="method" name="getLang" visibility="public" complexity="1" crap="1" count="5"/>
        <line num="48" type="stmt" count="5"/>
        <line num="51" type="method" name="getOffenseLevel" visibility="public" complexity="1" crap="1" count="5"/>
        <line num="53" type="stmt" count="5"/>
        <line num="56" type="method" name="getStatus" visibility="public" complexity="1" crap="1" count="5"/>
        <line num="58" type="stmt" count="5"/>
        <line num="61" type="method" name="isAsSubject" visibility="public" complexity="1" crap="1" count="5"/>
        <line num="63" type="stmt" count="5"/>
        <line num="66" type="method" name="isAsQualifier" visibility="public" complexity="1" crap="1" count="5"/>
        <line num="68" type="stmt" count="5"/>
        <line num="71" type="method" name="getQualifierPosition" visibility="public" complexity="1" crap="1" count="3"/>
        <line num="73" type="stmt" count="3"/>
        <metrics loc="76" ncloc="71" classes="1" methods="10" coveredmethods="10" conditionals="10" coveredconditionals="10" statements="10" coveredstatements="10" elements="30" coveredelements="30"/>
      </file>
    </package>
    <package name="App\Dto\Request">
      <file name="/home/runner/work/nick-me/nick-me/backend/src/Dto/Request/ContactRequest.php">
        <class name="App\Dto\Request\ContactRequest" namespace="App\Dto\Request">
          <metrics complexity="3" methods="3" coveredmethods="3" conditionals="3" coveredconditionals="3" statements="3" coveredstatements="3" elements="9" coveredelements="9"/>
        </class>
        <line num="13" type="method" name="__construct" visibility="public" complexity="1" crap="1" count="2"/>
        <line num="27" type="stmt" count="2"/>
        <line num="29" type="method" name="getSenderEmail" visibility="public" complexity="1" crap="1" count="1"/>
        <line num="31" type="stmt" count="1"/>
        <line num="34" type="method" name="getContent" visibility="public" complexity="1" crap="1" count="1"/>
        <line num="36" type="stmt" count="1"/>
        <metrics loc="39" ncloc="36" classes="1" methods="3" coveredmethods="3" conditionals="3" coveredconditionals="3" statements="3" coveredstatements="3" elements="9" coveredelements="9"/>
      </file>
      <file name="/home/runner/work/nick-me/nick-me/backend/src/Dto/Request/CustomRequestQueryValueResolver.php">
        <class name="App\Dto\Request\CustomRequestQueryValueResolver" namespace="App\Dto\Request">
          <metrics complexity="13" methods="4" coveredmethods="1" conditionals="29" coveredconditionals="10" statements="40" coveredstatements="9" elements="73" coveredelements="20"/>
        </class>
        <line num="20" type="method" name="__construct" visibility="public" complexity="1" crap="1" count="10"/>
        <line num="24" type="stmt" count="10"/>
        <line num="26" type="method" name="enumConversionExceptionToViolation" visibility="private" complexity="1" crap="2" count="0"/>
        <line num="28" type="stmt" count="0"/>
        <line num="30" type="stmt" count="0"/>
        <line num="31" type="stmt" count="0"/>
        <line num="32" type="stmt" count="0"/>
        <line num="33" type="stmt" count="0"/>
        <line num="34" type="stmt" count="0"/>
        <line num="35" type="stmt" count="0"/>
        <line num="36" type="stmt" count="0"/>
        <line num="37" type="stmt" count="0"/>
        <line num="40" type="method" name="typeErrorToViolation" visibility="private" complexity="3" crap="12" count="0"/>
        <line num="42" type="stmt" count="0"/>
        <line num="44" type="stmt" count="0"/>
        <line num="45" type="stmt" count="0"/>
        <line num="47" type="stmt" count="0"/>
        <line num="50" type="stmt" count="0"/>
        <line num="51" type="stmt" count="0"/>
        <line num="53" type="stmt" count="0"/>
        <line num="56" type="stmt" count="0"/>
        <line num="57" type="stmt" count="0"/>
        <line num="58" type="stmt" count="0"/>
        <line num="59" type="stmt" count="0"/>
        <line num="60" type="stmt" count="0"/>
        <line num="61" type="stmt" count="0"/>
        <line num="62" type="stmt" count="0"/>
        <line num="63" type="stmt" count="0"/>
        <line num="69" type="method" name="resolve" visibility="public" complexity="8" crap="62.42" count="10"/>
        <line num="71" type="stmt" count="10"/>
        <line num="72" type="stmt" count="0"/>
        <line num="75" type="stmt" count="10"/>
        <line num="76" type="stmt" count="0"/>
        <line num="79" type="stmt" count="10"/>
        <line num="80" type="stmt" count="10"/>
        <line num="82" type="stmt" count="10"/>
        <line num="83" type="stmt" count="10"/>
        <line num="84" type="stmt" count="0"/>
        <line num="85" type="stmt" count="0"/>
        <line num="86" type="stmt" count="0"/>
        <line num="87" type="stmt" count="0"/>
        <line num="90" type="stmt" count="10"/>
        <line num="91" type="stmt" count="0"/>
        <line num="94" type="stmt" count="10"/>
        <metrics loc="97" ncloc="91" classes="1" methods="4" coveredmethods="1" conditionals="29" coveredconditionals="10" statements="40" coveredstatements="9" elements="73" coveredelements="20"/>
      </file>
      <file name="/home/runner/work/nick-me/nick-me/backend/src/Dto/Request/EnumConverter.php">
        <class name="App\Dto\Request\EnumConverter" namespace="App\Dto\Request">
          <metrics complexity="1" methods="1" coveredmethods="1" conditionals="1" coveredconditionals="1" statements="1" coveredstatements="1" elements="3" coveredelements="3"/>
        </class>
        <line num="21" type="method" name="convert" visibility="public" complexity="1" crap="1" count="26"/>
        <line num="23" type="stmt" count="26"/>
        <metrics loc="26" ncloc="14" classes="1" methods="1" coveredmethods="1" conditionals="1" coveredconditionals="1" statements="1" coveredstatements="1" elements="3" coveredelements="3"/>
      </file>
      <file name="/home/runner/work/nick-me/nick-me/backend/src/Dto/Request/RandomNickRequest.php">
        <class name="App\Dto\Request\RandomNickRequest" namespace="App\Dto\Request">
          <metrics complexity="9" methods="7" coveredmethods="6" conditionals="11" coveredconditionals="10" statements="8" coveredstatements="7" elements="26" coveredelements="23"/>
        </class>
        <line num="23" type="method" name="__construct" visibility="public" complexity="3" crap="4.12" count="9"/>
        <line num="31" type="stmt" count="9"/>
        <line num="32" type="stmt" count="0"/>
        <line num="36" type="method" name="getLang" visibility="public" complexity="1" crap="1" count="9"/>
        <line num="38" type="stmt" count="9"/>
        <line num="41" type="method" name="getGender" visibility="public" complexity="1" crap="1" count="9"/>
        <line num="43" type="stmt" count="9"/>
        <line num="46" type="method" name="getOffenseLevel" visibility="public" complexity="1" crap="1" count="9"/>
        <line num="48" type="stmt" count="9"/>
        <line num="51" type="method" name="getPreviousNickId" visibility="public" complexity="1" crap="1" count="8"/>
        <line num="53" type="stmt" count="8"/>
        <line num="56" type="method" name="getReplaceRoleType" visibility="public" complexity="1" crap="1" count="8"/>
        <line num="58" type="stmt" count="8"/>
        <line num="64" type="method" name="getExclusions" visibility="public" complexity="1" crap="1" count="9"/>
        <line num="66" type="stmt" count="9"/>
        <metrics loc="69" ncloc="55" classes="1" methods="7" coveredmethods="6" conditionals="11" coveredconditionals="10" statements="8" coveredstatements="7" elements="26" coveredelements="23"/>
      </file>
      <file name="/home/runner/work/nick-me/nick-me/backend/src/Dto/Request/RandomWordRequest.php">
        <class name="App\Dto\Request\RandomWordRequest" namespace="App\Dto\Request">
          <metrics complexity="6" methods="6" coveredmethods="6" conditionals="6" coveredconditionals="6" statements="6" coveredstatements="6" elements="18" coveredelements="18"/>
        </class>
        <line num="25" type="method" name="__construct" visibility="public" complexity="1" crap="1" count="3"/>
        <line num="33" type="stmt" count="3"/>
        <line num="35" type="method" name="getPreviousId" visibility="public" complexity="1" crap="1" count="3"/>
        <line num="37" type="stmt" count="3"/>
        <line num="40" type="method" name="getGrammaticalRoleType" visibility="public" complexity="1" crap="1" count="3"/>
        <line num="42" type="stmt" count="3"/>
        <line num="45" type="method" name="getGender" visibility="public" complexity="1" crap="1" count="3"/>
        <line num="47" type="stmt" count="3"/>
        <line num="50" type="method" name="getOffenseLevel" visibility="public" complexity="1" crap="1" count="3"/>
        <line num="52" type="stmt" count="3"/>
        <line num="58" type="method" name="getExclusions" visibility="public" complexity="1" crap="1" count="3"/>
        <line num="60" type="stmt" count="3"/>
        <metrics loc="63" ncloc="48" classes="1" methods="6" coveredmethods="6" conditionals="6" coveredconditionals="6" statements="6" coveredstatements="6" elements="18" coveredelements="18"/>
      </file>
      <file name="/home/runner/work/nick-me/nick-me/backend/src/Dto/Request/ReportRequest.php">
        <class name="App\Dto\Request\ReportRequest" namespace="App\Dto\Request">
          <metrics complexity="4" methods="4" coveredmethods="4" conditionals="4" coveredconditionals="4" statements="4" coveredstatements="4" elements="12" coveredelements="12"/>
        </class>
        <line num="13" type="method" name="__construct" visibility="public" complexity="1" crap="1" count="1"/>
        <line num="29" type="stmt" count="1"/>
        <line num="31" type="method" name="getSenderEmail" visibility="public" complexity="1" crap="1" count="1"/>
        <line num="33" type="stmt" count="1"/>
        <line num="36" type="method" name="getReason" visibility="public" complexity="1" crap="1" count="1"/>
        <line num="38" type="stmt" count="1"/>
        <line num="41" type="method" name="getNickId" visibility="public" complexity="1" crap="1" count="1"/>
        <line num="43" type="stmt" count="1"/>
        <metrics loc="46" ncloc="43" classes="1" methods="4" coveredmethods="4" conditionals="4" coveredconditionals="4" statements="4" coveredstatements="4" elements="12" coveredelements="12"/>
      </file>
      <file name="/home/runner/work/nick-me/nick-me/backend/src/Dto/Request/RequestFactory.php">
        <class name="App\Dto\Request\RequestFactory" namespace="App\Dto\Request">
          <metrics complexity="10" methods="4" coveredmethods="2" conditionals="17" coveredconditionals="14" statements="34" coveredstatements="31" elements="55" coveredelements="47"/>
        </class>
        <line num="22" type="method" name="__construct" visibility="public" complexity="1" crap="1" count="13"/>
        <line num="24" type="stmt" count="13"/>
        <line num="25" type="stmt" count="13"/>
        <line num="26" type="stmt" count="13"/>
        <line num="27" type="stmt" count="13"/>
        <line num="28" type="stmt" count="13"/>
        <line num="29" type="stmt" count="13"/>
        <line num="30" type="stmt" count="13"/>
        <line num="31" type="stmt" count="13"/>
        <line num="32" type="stmt" count="13"/>
        <line num="33" type="stmt" count="13"/>
        <line num="34" type="stmt" count="13"/>
        <line num="35" type="stmt" count="13"/>
        <line num="36" type="stmt" count="13"/>
        <line num="37" type="stmt" count="13"/>
        <line num="38" type="stmt" count="13"/>
        <line num="39" type="stmt" count="13"/>
        <line num="40" type="stmt" count="13"/>
        <line num="50" type="method" name="convertIntArray" visibility="private" complexity="4" crap="7.46" count="12"/>
        <line num="52" type="stmt" count="12"/>
        <line num="53" type="stmt" count="12"/>
        <line num="54" type="stmt" count="12"/>
        <line num="55" type="stmt" count="1"/>
        <line num="56" type="stmt" count="1"/>
        <line num="57" type="stmt" count="1"/>
        <line num="58" type="stmt" count="0"/>
        <line num="60" type="stmt" count="1"/>
        <line num="64" type="stmt" count="12"/>
        <line num="77" type="method" name="convertEnum" visibility="private" complexity="3" crap="3.33" count="12"/>
        <line num="79" type="stmt" count="12"/>
        <line num="80" type="stmt" count="9"/>
        <line num="84" type="stmt" count="11"/>
        <line num="85" type="stmt" count="0"/>
        <line num="86" type="stmt" count="0"/>
        <line num="96" type="method" name="fromParameters" visibility="public" complexity="2" crap="2" count="13"/>
        <line num="98" type="stmt" count="13"/>
        <line num="99" type="stmt" count="1"/>
        <line num="102" type="stmt" count="12"/>
        <metrics loc="105" ncloc="76" classes="1" methods="4" coveredmethods="2" conditionals="17" coveredconditionals="14" statements="34" coveredstatements="31" elements="55" coveredelements="47"/>
      </file>
      <file name="/home/runner/work/nick-me/nick-me/backend/src/Dto/Request/RequestFromQuery.php">
        <class name="App\Dto\Request\RequestFromQuery" namespace="App\Dto\Request">
          <metrics complexity="0" methods="0" coveredmethods="0" conditionals="0" coveredconditionals="0" statements="0" coveredstatements="0" elements="0" coveredelements="0"/>
        </class>
        <metrics loc="16" ncloc="9" classes="0" methods="0" coveredmethods="0" conditionals="0" coveredconditionals="0" statements="0" coveredstatements="0" elements="0" coveredelements="0"/>
      </file>
      <file name="/home/runner/work/nick-me/nick-me/backend/src/Dto/Request/SuggestionRequest.php">
        <class name="App\Dto\Request\SuggestionRequest" namespace="App\Dto\Request">
          <metrics complexity="3" methods="3" coveredmethods="3" conditionals="3" coveredconditionals="3" statements="3" coveredstatements="3" elements="9" coveredelements="9"/>
        </class>
        <line num="13" type="method" name="__construct" visibility="public" complexity="1" crap="1" count="2"/>
        <line num="25" type="stmt" count="2"/>
        <line num="27" type="method" name="getSenderEmail" visibility="public" complexity="1" crap="1" count="2"/>
        <line num="29" type="stmt" count="2"/>
        <line num="32" type="method" name="getLabel" visibility="public" complexity="1" crap="1" count="2"/>
        <line num="34" type="stmt" count="2"/>
        <metrics loc="37" ncloc="34" classes="1" methods="3" coveredmethods="3" conditionals="3" coveredconditionals="3" statements="3" coveredstatements="3" elements="9" coveredelements="9"/>
      </file>
    </package>
    <file name="/home/runner/work/nick-me/nick-me/backend/src/Dto/Request/Request.php">
      <metrics loc="13" ncloc="8" classes="0" methods="0" coveredmethods="0" conditionals="0" coveredconditionals="0" statements="0" coveredstatements="0" elements="0" coveredelements="0"/>
    </file>
    <package name="App\Dto\Response">
      <file name="/home/runner/work/nick-me/nick-me/backend/src/Dto/Response/FullWordDto.php">
        <class name="App\Dto\Response\FullWordDto" namespace="App\Dto\Response">
          <metrics complexity="1" methods="1" coveredmethods="1" conditionals="1" coveredconditionals="1" statements="1" coveredstatements="1" elements="3" coveredelements="3"/>
        </class>
        <line num="19" type="method" name="__construct" visibility="public" complexity="1" crap="1" count="5"/>
        <line num="29" type="stmt" count="5"/>
        <metrics loc="31" ncloc="25" classes="1" methods="1" coveredmethods="1" conditionals="1" coveredconditionals="1" statements="1" coveredstatements="1" elements="3" coveredelements="3"/>
      </file>
      <file name="/home/runner/work/nick-me/nick-me/backend/src/Dto/Response/NickDto.php">
        <class name="App\Dto\Response\NickDto" namespace="App\Dto\Response">
          <metrics complexity="1" methods="1" coveredmethods="1" conditionals="1" coveredconditionals="1" statements="1" coveredstatements="1" elements="3" coveredelements="3"/>
        </class>
        <line num="16" type="method" name="__construct" visibility="public" complexity="1" crap="1" count="8"/>
        <line num="22" type="stmt" count="8"/>
        <metrics loc="24" ncloc="18" classes="1" methods="1" coveredmethods="1" conditionals="1" coveredconditionals="1" statements="1" coveredstatements="1" elements="3" coveredelements="3"/>
      </file>
      <file name="/home/runner/work/nick-me/nick-me/backend/src/Dto/Response/NickWordDto.php">
        <class name="App\Dto\Response\NickWordDto" namespace="App\Dto\Response">
          <metrics complexity="1" methods="1" coveredmethods="1" conditionals="1" coveredconditionals="1" statements="1" coveredstatements="1" elements="3" coveredelements="3"/>
        </class>
        <line num="12" type="method" name="__construct" visibility="public" complexity="1" crap="1" count="20"/>
        <line num="17" type="stmt" count="20"/>
        <metrics loc="19" ncloc="16" classes="1" methods="1" coveredmethods="1" conditionals="1" coveredconditionals="1" statements="1" coveredstatements="1" elements="3" coveredelements="3"/>
      </file>
      <file name="/home/runner/work/nick-me/nick-me/backend/src/Dto/Response/QualifierDto.php">
        <class name="App\Dto\Response\QualifierDto" namespace="App\Dto\Response">
          <metrics complexity="1" methods="1" coveredmethods="1" conditionals="1" coveredconditionals="1" statements="1" coveredstatements="1" elements="3" coveredelements="3"/>
        </class>
        <line num="12" type="method" name="__construct" visibility="public" complexity="1" crap="1" count="3"/>
        <line num="16" type="stmt" count="3"/>
        <metrics loc="18" ncloc="15" classes="1" methods="1" coveredmethods="1" conditionals="1" coveredconditionals="1" statements="1" coveredstatements="1" elements="3" coveredelements="3"/>
      </file>
      <file name="/home/runner/work/nick-me/nick-me/backend/src/Dto/Response/SubjectDto.php">
        <class name="App\Dto\Response\SubjectDto" namespace="App\Dto\Response">
          <metrics complexity="1" methods="1" coveredmethods="1" conditionals="1" coveredconditionals="1" statements="1" coveredstatements="1" elements="3" coveredelements="3"/>
        </class>
        <line num="10" type="method" name="__construct" visibility="public" complexity="1" crap="1" count="3"/>
        <line num="13" type="stmt" count="3"/>
        <metrics loc="15" ncloc="12" classes="1" methods="1" coveredmethods="1" conditionals="1" coveredconditionals="1" statements="1" coveredstatements="1" elements="3" coveredelements="3"/>
      </file>
    </package>
    <package name="App\Dto\Result">
      <file name="/home/runner/work/nick-me/nick-me/backend/src/Dto/Result/GeneratedNickData.php">
        <class name="App\Dto\Result\GeneratedNickData" namespace="App\Dto\Result">
          <metrics complexity="5" methods="5" coveredmethods="5" conditionals="5" coveredconditionals="5" statements="5" coveredstatements="5" elements="15" coveredelements="15"/>
        </class>
        <line num="17" type="method" name="__construct" visibility="public" complexity="1" crap="1" count="16"/>
        <line num="23" type="stmt" count="16"/>
        <line num="25" type="method" name="getTargetGender" visibility="public" complexity="1" crap="1" count="14"/>
        <line num="27" type="stmt" count="14"/>
        <line num="30" type="method" name="getTargetOffenseLevel" visibility="public" complexity="1" crap="1" count="10"/>
        <line num="32" type="stmt" count="10"/>
        <line num="35" type="method" name="getNick" visibility="public" complexity="1" crap="1" count="16"/>
        <line num="37" type="stmt" count="16"/>
        <line num="43" type="method" name="getWords" visibility="public" complexity="1" crap="1" count="15"/>
        <line num="45" type="stmt" count="15"/>
        <metrics loc="48" ncloc="39" classes="1" methods="5" coveredmethods="5" conditionals="5" coveredconditionals="5" statements="5" coveredstatements="5" elements="15" coveredelements="15"/>
      </file>
      <file name="/home/runner/work/nick-me/nick-me/backend/src/Dto/Result/GeneratedNickWord.php">
        <class name="App\Dto\Result\GeneratedNickWord" namespace="App\Dto\Result">
          <metrics complexity="1" methods="1" coveredmethods="1" conditionals="1" coveredconditionals="1" statements="1" coveredstatements="1" elements="3" coveredelements="3"/>
        </class>
        <line num="12" type="method" name="__construct" visibility="public" complexity="1" crap="1" count="16"/>
        <line num="17" type="stmt" count="16"/>
        <metrics loc="19" ncloc="16" classes="1" methods="1" coveredmethods="1" conditionals="1" coveredconditionals="1" statements="1" coveredstatements="1" elements="3" coveredelements="3"/>
      </file>
    </package>
    <package name="App\Entity">
      <file name="/home/runner/work/nick-me/nick-me/backend/src/Entity/Contact.php">
        <class name="App\Entity\Contact" namespace="App\Entity">
          <metrics complexity="5" methods="5" coveredmethods="5" conditionals="5" coveredconditionals="5" statements="7" coveredstatements="7" elements="17" coveredelements="17"/>
        </class>
        <line num="28" type="method" name="__construct" visibility="public" complexity="1" crap="1" count="2"/>
        <line num="33" type="stmt" count="2"/>
        <line num="34" type="stmt" count="2"/>
        <line num="35" type="stmt" count="2"/>
        <line num="38" type="method" name="getId" visibility="public" complexity="1" crap="1" count="1"/>
        <line num="40" type="stmt" count="1"/>
        <line num="43" type="method" name="getSenderEmail" visibility="public" complexity="1" crap="1" count="2"/>
        <line num="45" type="stmt" count="2"/>
        <line num="48" type="method" name="getContent" visibility="public" complexity="1" crap="1" count="2"/>
        <line num="50" type="stmt" count="2"/>
        <line num="53" type="method" name="getCreatedAt" visibility="public" complexity="1" crap="1" count="1"/>
        <line num="55" type="stmt" count="1"/>
        <metrics loc="58" ncloc="55" classes="1" methods="5" coveredmethods="5" conditionals="5" coveredconditionals="5" statements="7" coveredstatements="7" elements="17" coveredelements="17"/>
      </file>
      <file name="/home/runner/work/nick-me/nick-me/backend/src/Entity/Nick.php">
        <class name="App\Entity\Nick" namespace="App\Entity">
          <metrics complexity="11" methods="11" coveredmethods="9" conditionals="11" coveredconditionals="9" statements="17" coveredstatements="15" elements="39" coveredelements="33"/>
        </class>
        <line num="46" type="method" name="__construct" visibility="public" complexity="1" crap="1" count="16"/>
        <line num="55" type="stmt" count="16"/>
        <line num="56" type="stmt" count="16"/>
        <line num="57" type="stmt" count="16"/>
        <line num="58" type="stmt" count="16"/>
        <line num="59" type="stmt" count="16"/>
        <line num="60" type="stmt" count="16"/>
        <line num="61" type="stmt" count="16"/>
        <line num="64" type="method" name="getId" visibility="public" complexity="1" crap="1" count="11"/>
        <line num="66" type="stmt" count="11"/>
        <line num="69" type="method" name="getLabel" visibility="public" complexity="1" crap="1" count="3"/>
        <line num="71" type="stmt" count="3"/>
        <line num="74" type="method" name="getSubject" visibility="public" complexity="1" crap="1" count="15"/>
        <line num="76" type="stmt" count="15"/>
        <line num="79" type="method" name="getQualifier" visibility="public" complexity="1" crap="1" count="15"/>
        <line num="81" type="stmt" count="15"/>
        <line num="84" type="method" name="getTargetGender" visibility="public" complexity="1" crap="1" count="15"/>
        <line num="86" type="stmt" count="15"/>
        <line num="89" type="method" name="getOffenseLevel" visibility="public" complexity="1" crap="1" count="15"/>
        <line num="91" type="stmt" count="15"/>
        <line num="94" type="method" name="incrementUsageCount" visibility="public" complexity="1" crap="1" count="15"/>
        <line num="96" type="stmt" count="15"/>
        <line num="99" type="method" name="getUsageCount" visibility="public" complexity="1" crap="1" count="1"/>
        <line num="101" type="stmt" count="1"/>
        <line num="104" type="method" name="getCreatedAt" visibility="public" complexity="1" crap="2" count="0"/>
        <line num="106" type="stmt" count="0"/>
        <line num="109" type="method" name="getLastUsedAt" visibility="public" complexity="1" crap="2" count="0"/>
        <line num="111" type="stmt" count="0"/>
        <metrics loc="114" ncloc="111" classes="1" methods="11" coveredmethods="9" conditionals="11" coveredconditionals="9" statements="17" coveredstatements="15" elements="39" coveredelements="33"/>
      </file>
      <file name="/home/runner/work/nick-me/nick-me/backend/src/Entity/Notification.php">
        <class name="App\Entity\Notification" namespace="App\Entity">
          <metrics complexity="11" methods="10" coveredmethods="10" conditionals="12" coveredconditionals="12" statements="19" coveredstatements="19" elements="41" coveredelements="41"/>
        </class>
        <line num="42" type="method" name="__construct" visibility="public" complexity="1" crap="1" count="7"/>
        <line num="51" type="stmt" count="7"/>
        <line num="52" type="stmt" count="7"/>
        <line num="53" type="stmt" count="7"/>
        <line num="54" type="stmt" count="7"/>
        <line num="55" type="stmt" count="7"/>
        <line num="56" type="stmt" count="7"/>
        <line num="57" type="stmt" count="7"/>
        <line num="60" type="method" name="getId" visibility="public" complexity="1" crap="1" count="9"/>
        <line num="62" type="stmt" count="9"/>
        <line num="65" type="method" name="getType" visibility="public" complexity="1" crap="1" count="6"/>
        <line num="67" type="stmt" count="6"/>
        <line num="70" type="method" name="getRecipientEmail" visibility="public" complexity="1" crap="1" count="6"/>
        <line num="72" type="stmt" count="6"/>
        <line num="75" type="method" name="getSubject" visibility="public" complexity="1" crap="1" count="2"/>
        <line num="77" type="stmt" count="2"/>
        <line num="80" type="method" name="getContent" visibility="public" complexity="1" crap="1" count="2"/>
        <line num="82" type="stmt" count="2"/>
        <line num="85" type="method" name="getStatus" visibility="public" complexity="1" crap="1" count="7"/>
        <line num="87" type="stmt" count="7"/>
        <line num="90" type="method" name="setStatus" visibility="public" complexity="2" crap="2.50" count="1"/>
        <line num="92" type="stmt" count="1"/>
        <line num="93" type="stmt" count="1"/>
        <line num="94" type="stmt" count="1"/>
        <line num="96" type="stmt" count="1"/>
        <line num="99" type="method" name="getCreatedAt" visibility="public" complexity="1" crap="1" count="6"/>
        <line num="101" type="stmt" count="6"/>
        <line num="104" type="method" name="getStatusUpdatedAt" visibility="public" complexity="1" crap="1" count="2"/>
        <line num="106" type="stmt" count="2"/>
        <metrics loc="109" ncloc="106" classes="1" methods="10" coveredmethods="10" conditionals="12" coveredconditionals="12" statements="19" coveredstatements="19" elements="41" coveredelements="41"/>
      </file>
      <file name="/home/runner/work/nick-me/nick-me/backend/src/Entity/NotificationLog.php">
        <class name="App\Entity\NotificationLog" namespace="App\Entity">
          <metrics complexity="7" methods="7" coveredmethods="3" conditionals="7" coveredconditionals="3" statements="11" coveredstatements="7" elements="25" coveredelements="13"/>
        </class>
        <line num="43" type="method" name="__construct" visibility="public" complexity="1" crap="1" count="2"/>
        <line num="45" type="stmt" count="2"/>
        <line num="46" type="stmt" count="2"/>
        <line num="47" type="stmt" count="2"/>
        <line num="48" type="stmt" count="2"/>
        <line num="49" type="stmt" count="2"/>
        <line num="52" type="method" name="getId" visibility="public" complexity="1" crap="2" count="0"/>
        <line num="54" type="stmt" count="0"/>
        <line num="57" type="method" name="getNotification" visibility="public" complexity="1" crap="2" count="0"/>
        <line num="59" type="stmt" count="0"/>
        <line num="62" type="method" name="getSender" visibility="public" complexity="1" crap="1" count="1"/>
        <line num="64" type="stmt" count="1"/>
        <line num="67" type="method" name="getStatus" visibility="public" complexity="1" crap="1" count="1"/>
        <line num="69" type="stmt" count="1"/>
        <line num="72" type="method" name="getStatusMessage" visibility="public" complexity="1" crap="2" count="0"/>
        <line num="74" type="stmt" count="0"/>
        <line num="77" type="method" name="getCreatedAt" visibility="public" complexity="1" crap="2" count="0"/>
        <line num="79" type="stmt" count="0"/>
        <metrics loc="82" ncloc="72" classes="1" methods="7" coveredmethods="3" conditionals="7" coveredconditionals="3" statements="11" coveredstatements="7" elements="25" coveredelements="13"/>
      </file>
      <file name="/home/runner/work/nick-me/nick-me/backend/src/Entity/Qualifier.php">
        <class name="App\Entity\Qualifier" namespace="App\Entity">
          <metrics complexity="7" methods="7" coveredmethods="6" conditionals="7" coveredconditionals="6" statements="10" coveredstatements="9" elements="24" coveredelements="21"/>
        </class>
        <line num="32" type="method" name="__construct" visibility="public" complexity="1" crap="1" count="3"/>
        <line num="34" type="stmt" count="3"/>
        <line num="35" type="stmt" count="3"/>
        <line num="38" type="method" name="getWord" visibility="public" complexity="1" crap="1" count="23"/>
        <line num="40" type="stmt" count="23"/>
        <line num="43" type="method" name="getPosition" visibility="public" complexity="1" crap="1" count="26"/>
        <line num="45" type="stmt" count="26"/>
        <line num="48" type="method" name="getUsageCount" visibility="public" complexity="1" crap="1" count="3"/>
        <line num="50" type="stmt" count="3"/>
        <line num="53" type="method" name="setPosition" visibility="public" complexity="1" crap="1" count="2"/>
        <line num="55" type="stmt" count="2"/>
        <line num="57" type="stmt" count="2"/>
        <line num="60" type="method" name="incrementUsageCount" visibility="public" complexity="1" crap="1" count="23"/>
        <line num="62" type="stmt" count="23"/>
        <line num="63" type="stmt" count="23"/>
        <line num="66" type="method" name="getLastUsedAt" visibility="public" complexity="1" crap="2" count="0"/>
        <line num="68" type="stmt" count="0"/>
        <metrics loc="71" ncloc="68" classes="1" methods="7" coveredmethods="6" conditionals="7" coveredconditionals="6" statements="10" coveredstatements="9" elements="24" coveredelements="21"/>
      </file>
      <file name="/home/runner/work/nick-me/nick-me/backend/src/Entity/Report.php">
        <class name="App\Entity\Report" namespace="App\Entity">
          <metrics complexity="6" methods="6" coveredmethods="6" conditionals="6" coveredconditionals="6" statements="9" coveredstatements="9" elements="21" coveredelements="21"/>
        </class>
        <line num="33" type="method" name="__construct" visibility="public" complexity="1" crap="1" count="2"/>
        <line num="35" type="stmt" count="2"/>
        <line num="36" type="stmt" count="2"/>
        <line num="37" type="stmt" count="2"/>
        <line num="38" type="stmt" count="2"/>
        <line num="41" type="method" name="getId" visibility="public" complexity="1" crap="1" count="1"/>
        <line num="43" type="stmt" count="1"/>
        <line num="46" type="method" name="getSenderEmail" visibility="public" complexity="1" crap="1" count="2"/>
        <line num="48" type="stmt" count="2"/>
        <line num="51" type="method" name="getReason" visibility="public" complexity="1" crap="1" count="2"/>
        <line num="53" type="stmt" count="2"/>
        <line num="56" type="method" name="getNick" visibility="public" complexity="1" crap="1" count="2"/>
        <line num="58" type="stmt" count="2"/>
        <line num="61" type="method" name="getCreatedAt" visibility="public" complexity="1" crap="1" count="1"/>
        <line num="63" type="stmt" count="1"/>
        <metrics loc="66" ncloc="63" classes="1" methods="6" coveredmethods="6" conditionals="6" coveredconditionals="6" statements="9" coveredstatements="9" elements="21" coveredelements="21"/>
      </file>
      <file name="/home/runner/work/nick-me/nick-me/backend/src/Entity/Subject.php">
        <class name="App\Entity\Subject" namespace="App\Entity">
          <metrics complexity="5" methods="5" coveredmethods="4" conditionals="5" coveredconditionals="4" statements="6" coveredstatements="5" elements="16" coveredelements="13"/>
        </class>
        <line num="28" type="method" name="__construct" visibility="public" complexity="1" crap="1" count="3"/>
        <line num="30" type="stmt" count="3"/>
        <line num="33" type="method" name="getWord" visibility="public" complexity="1" crap="1" count="19"/>
        <line num="35" type="stmt" count="19"/>
        <line num="38" type="method" name="getUsageCount" visibility="public" complexity="1" crap="1" count="3"/>
        <line num="40" type="stmt" count="3"/>
        <line num="43" type="method" name="incrementUsageCount" visibility="public" complexity="1" crap="1" count="19"/>
        <line num="45" type="stmt" count="19"/>
        <line num="46" type="stmt" count="19"/>
        <line num="50" type="method" name="getLastUsedAt" visibility="public" complexity="1" crap="2" count="0"/>
        <line num="52" type="stmt" count="0"/>
        <metrics loc="55" ncloc="52" classes="1" methods="5" coveredmethods="4" conditionals="5" coveredconditionals="4" statements="6" coveredstatements="5" elements="16" coveredelements="13"/>
      </file>
      <file name="/home/runner/work/nick-me/nick-me/backend/src/Entity/Suggestion.php">
        <class name="App\Entity\Suggestion" namespace="App\Entity">
          <metrics complexity="5" methods="5" coveredmethods="5" conditionals="5" coveredconditionals="5" statements="7" coveredstatements="7" elements="17" coveredelements="17"/>
        </class>
        <line num="28" type="method" name="__construct" visibility="public" complexity="1" crap="1" count="3"/>
        <line num="33" type="stmt" count="3"/>
        <line num="34" type="stmt" count="3"/>
        <line num="35" type="stmt" count="3"/>
        <line num="38" type="method" name="getId" visibility="public" complexity="1" crap="1" count="2"/>
        <line num="40" type="stmt" count="2"/>
        <line num="43" type="method" name="getCreatorEmail" visibility="public" complexity="1" crap="1" count="3"/>
        <line num="45" type="stmt" count="3"/>
        <line num="48" type="method" name="getLabel" visibility="public" complexity="1" crap="1" count="3"/>
        <line num="50" type="stmt" count="3"/>
        <line num="53" type="method" name="getCreatedAt" visibility="public" complexity="1" crap="1" count="2"/>
        <line num="55" type="stmt" count="2"/>
        <metrics loc="58" ncloc="55" classes="1" methods="5" coveredmethods="5" conditionals="5" coveredconditionals="5" statements="7" coveredstatements="7" elements="17" coveredelements="17"/>
      </file>
      <file name="/home/runner/work/nick-me/nick-me/backend/src/Entity/Word.php">
        <class name="App\Entity\Word" namespace="App\Entity">
          <metrics complexity="16" methods="16" coveredmethods="14" conditionals="16" coveredconditionals="14" statements="23" coveredstatements="21" elements="55" coveredelements="49"/>
        </class>
        <line num="48" type="method" name="__construct" visibility="public" complexity="1" crap="1" count="4"/>
        <line num="58" type="stmt" count="4"/>
        <line num="59" type="stmt" count="4"/>
        <line num="60" type="stmt" count="4"/>
        <line num="61" type="stmt" count="4"/>
        <line num="62" type="stmt" count="4"/>
        <line num="63" type="stmt" count="4"/>
        <line num="64" type="stmt" count="4"/>
        <line num="65" type="stmt" count="4"/>
        <line num="68" type="method" name="getId" visibility="public" complexity="1" crap="1" count="32"/>
        <line num="70" type="stmt" count="32"/>
        <line num="73" type="method" name="getSlug" visibility="public" complexity="1" crap="1" count="5"/>
        <line num="75" type="stmt" count="5"/>
        <line num="78" type="method" name="setSlug" visibility="public" complexity="1" crap="1" count="3"/>
        <line num="80" type="stmt" count="3"/>
        <line num="83" type="method" name="getLabel" visibility="public" complexity="1" crap="1" count="33"/>
        <line num="85" type="stmt" count="33"/>
        <line num="88" type="method" name="setLabel" visibility="public" complexity="1" crap="1" count="3"/>
        <line num="90" type="stmt" count="3"/>
        <line num="93" type="method" name="getGender" visibility="public" complexity="1" crap="1" count="17"/>
        <line num="95" type="stmt" count="17"/>
        <line num="98" type="method" name="setGender" visibility="public" complexity="1" crap="1" count="3"/>
        <line num="100" type="stmt" count="3"/>
        <line num="103" type="method" name="getLang" visibility="public" complexity="1" crap="1" count="32"/>
        <line num="105" type="stmt" count="32"/>
        <line num="108" type="method" name="setLang" visibility="public" complexity="1" crap="1" count="3"/>
        <line num="110" type="stmt" count="3"/>
        <line num="113" type="method" name="getOffenseLevel" visibility="public" complexity="1" crap="1" count="21"/>
        <line num="115" type="stmt" count="21"/>
        <line num="118" type="method" name="setOffenseLevel" visibility="public" complexity="1" crap="1" count="3"/>
        <line num="120" type="stmt" count="3"/>
        <line num="123" type="method" name="getStatus" visibility="public" complexity="1" crap="1" count="5"/>
        <line num="125" type="stmt" count="5"/>
        <line num="128" type="method" name="setStatus" visibility="public" complexity="1" crap="1" count="3"/>
        <line num="130" type="stmt" count="3"/>
        <line num="133" type="method" name="getCreatedAt" visibility="public" complexity="1" crap="2" count="0"/>
        <line num="135" type="stmt" count="0"/>
        <line num="138" type="method" name="setCreatedAt" visibility="public" complexity="1" crap="2" count="0"/>
        <line num="140" type="stmt" count="0"/>
        <metrics loc="143" ncloc="140" classes="1" methods="16" coveredmethods="14" conditionals="16" coveredconditionals="14" statements="23" coveredstatements="21" elements="55" coveredelements="49"/>
      </file>
    </package>
    <file name="/home/runner/work/nick-me/nick-me/backend/src/Entity/GrammaticalRole.php">
      <metrics loc="16" ncloc="13" classes="0" methods="0" coveredmethods="0" conditionals="0" coveredconditionals="0" statements="0" coveredstatements="0" elements="0" coveredelements="0"/>
[...]
        </class>
        <metrics loc="14" ncloc="11" classes="0" methods="0" coveredmethods="0" conditionals="0" coveredconditionals="0" statements="0" coveredstatements="0" elements="0" coveredelements="0"/>
      </file>
      <file name="/home/runner/work/nick-me/nick-me/backend/src/Specification/Criterion/GenderCriterion.php">
        <class name="App\Specification\Criterion\GenderCriterion" namespace="App\Specification\Criterion">
          <metrics complexity="11" methods="5" coveredmethods="4" conditionals="19" coveredconditionals="17" statements="14" coveredstatements="14" elements="38" coveredelements="35"/>
        </class>
        <line num="15" type="method" name="__construct" visibility="public" complexity="1" crap="1" count="27"/>
        <line num="19" type="stmt" count="27"/>
        <line num="24" type="method" name="getAllowedValues" visibility="public" complexity="7" crap="16.73" count="29"/>
        <line num="27" type="stmt" count="29"/>
        <line num="28" type="stmt" count="4"/>
        <line num="33" type="stmt" count="29"/>
        <line num="34" type="stmt" count="7"/>
        <line num="37" type="stmt" count="22"/>
        <line num="39" type="stmt" count="16"/>
        <line num="42" type="stmt" count="10"/>
        <line num="44" type="stmt" count="10"/>
        <line num="46" type="stmt" count="10"/>
        <line num="47" type="stmt" count="10"/>
        <line num="50" type="method" name="getField" visibility="public" complexity="1" crap="1" count="29"/>
        <line num="52" type="stmt" count="29"/>
        <line num="55" type="method" name="shouldApply" visibility="public" complexity="1" crap="1" count="29"/>
        <line num="57" type="stmt" count="29"/>
        <line num="60" type="method" name="getTargetEntity" visibility="public" complexity="1" crap="1" count="29"/>
        <line num="62" type="stmt" count="29"/>
        <metrics loc="65" ncloc="51" classes="1" methods="5" coveredmethods="4" conditionals="19" coveredconditionals="17" statements="14" coveredstatements="14" elements="38" coveredelements="35"/>
      </file>
      <file name="/home/runner/work/nick-me/nick-me/backend/src/Specification/Criterion/OffenseConstraintType.php">
        <class name="App\Specification\Criterion\OffenseConstraintType" namespace="App\Specification\Criterion">
          <metrics complexity="0" methods="0" coveredmethods="0" conditionals="0" coveredconditionals="0" statements="0" coveredstatements="0" elements="0" coveredelements="0"/>
        </class>
        <metrics loc="16" ncloc="13" classes="0" methods="0" coveredmethods="0" conditionals="0" coveredconditionals="0" statements="0" coveredstatements="0" elements="0" coveredelements="0"/>
      </file>
      <file name="/home/runner/work/nick-me/nick-me/backend/src/Specification/Criterion/OffenseLevelCriterion.php">
        <class name="App\Specification\Criterion\OffenseLevelCriterion" namespace="App\Specification\Criterion">
          <metrics complexity="13" methods="5" coveredmethods="4" conditionals="23" coveredconditionals="18" statements="18" coveredstatements="17" elements="46" coveredelements="39"/>
        </class>
        <line num="15" type="method" name="__construct" visibility="public" complexity="1" crap="1" count="27"/>
        <line num="19" type="stmt" count="27"/>
        <line num="24" type="method" name="getAllowedValues" visibility="public" complexity="9" crap="35.88" count="28"/>
        <line num="26" type="stmt" count="28"/>
        <line num="27" type="stmt" count="0"/>
        <line num="30" type="stmt" count="28"/>
        <line num="31" type="stmt" count="9"/>
        <line num="35" type="stmt" count="20"/>
        <line num="36" type="stmt" count="20"/>
        <line num="37" type="stmt" count="15"/>
        <line num="38" type="stmt" count="4"/>
        <line num="39" type="stmt" count="4"/>
        <line num="40" type="stmt" count="4"/>
        <line num="41" type="stmt" count="20"/>
        <line num="43" type="stmt" count="20"/>
        <line num="45" type="stmt" count="20"/>
        <line num="48" type="stmt" count="20"/>
        <line num="51" type="method" name="getField" visibility="public" complexity="1" crap="1" count="28"/>
        <line num="53" type="stmt" count="28"/>
        <line num="56" type="method" name="shouldApply" visibility="public" complexity="1" crap="1" count="28"/>
        <line num="58" type="stmt" count="28"/>
        <line num="61" type="method" name="getTargetEntity" visibility="public" complexity="1" crap="1" count="28"/>
        <line num="63" type="stmt" count="28"/>
        <metrics loc="66" ncloc="56" classes="1" methods="5" coveredmethods="4" conditionals="23" coveredconditionals="18" statements="18" coveredstatements="17" elements="46" coveredelements="39"/>
      </file>
      <file name="/home/runner/work/nick-me/nick-me/backend/src/Specification/Criterion/ValueCriterion.php">
        <class name="App\Specification\Criterion\ValueCriterion" namespace="App\Specification\Criterion">
          <metrics complexity="6" methods="6" coveredmethods="6" conditionals="6" coveredconditionals="6" statements="6" coveredstatements="6" elements="18" coveredelements="18"/>
        </class>
        <line num="16" type="method" name="__construct" visibility="public" complexity="1" crap="1" count="15"/>
        <line num="22" type="stmt" count="15"/>
        <line num="24" type="method" name="getField" visibility="public" complexity="1" crap="1" count="15"/>
        <line num="26" type="stmt" count="15"/>
        <line num="29" type="method" name="getValue" visibility="public" complexity="1" crap="1" count="15"/>
        <line num="31" type="stmt" count="15"/>
        <line num="34" type="method" name="getCheck" visibility="public" complexity="1" crap="1" count="15"/>
        <line num="36" type="stmt" count="15"/>
        <line num="39" type="method" name="shouldApply" visibility="public" complexity="1" crap="1" count="15"/>
        <line num="41" type="stmt" count="15"/>
        <line num="44" type="method" name="getTargetEntity" visibility="public" complexity="1" crap="1" count="15"/>
        <line num="46" type="stmt" count="15"/>
        <metrics loc="49" ncloc="43" classes="1" methods="6" coveredmethods="6" conditionals="6" coveredconditionals="6" statements="6" coveredstatements="6" elements="18" coveredelements="18"/>
      </file>
      <file name="/home/runner/work/nick-me/nick-me/backend/src/Specification/Criterion/ValueCriterionCheck.php">
        <class name="App\Specification\Criterion\ValueCriterionCheck" namespace="App\Specification\Criterion">
          <metrics complexity="0" methods="0" coveredmethods="0" conditionals="0" coveredconditionals="0" statements="0" coveredstatements="0" elements="0" coveredelements="0"/>
        </class>
        <metrics loc="17" ncloc="14" classes="0" methods="0" coveredmethods="0" conditionals="0" coveredconditionals="0" statements="0" coveredstatements="0" elements="0" coveredelements="0"/>
      </file>
      <file name="/home/runner/work/nick-me/nick-me/backend/src/Specification/Criterion/ValuesCriterion.php">
        <class name="App\Specification\Criterion\ValuesCriterion" namespace="App\Specification\Criterion">
          <metrics complexity="6" methods="6" coveredmethods="6" conditionals="6" coveredconditionals="6" statements="6" coveredstatements="6" elements="18" coveredelements="18"/>
        </class>
        <line num="17" type="method" name="__construct" visibility="public" complexity="1" crap="1" count="17"/>
        <line num="23" type="stmt" count="17"/>
        <line num="25" type="method" name="getField" visibility="public" complexity="1" crap="1" count="17"/>
        <line num="27" type="stmt" count="17"/>
        <line num="33" type="method" name="getValues" visibility="public" complexity="1" crap="1" count="17"/>
        <line num="35" type="stmt" count="17"/>
        <line num="38" type="method" name="getCheck" visibility="public" complexity="1" crap="1" count="17"/>
        <line num="40" type="stmt" count="17"/>
        <line num="43" type="method" name="shouldApply" visibility="public" complexity="1" crap="1" count="17"/>
        <line num="45" type="stmt" count="17"/>
        <line num="48" type="method" name="getTargetEntity" visibility="public" complexity="1" crap="1" count="17"/>
        <line num="50" type="stmt" count="17"/>
        <metrics loc="53" ncloc="43" classes="1" methods="6" coveredmethods="6" conditionals="6" coveredconditionals="6" statements="6" coveredstatements="6" elements="18" coveredelements="18"/>
      </file>
      <file name="/home/runner/work/nick-me/nick-me/backend/src/Specification/Criterion/ValuesCriterionCheck.php">
        <class name="App\Specification\Criterion\ValuesCriterionCheck" namespace="App\Specification\Criterion">
          <metrics complexity="0" methods="0" coveredmethods="0" conditionals="0" coveredconditionals="0" statements="0" coveredstatements="0" elements="0" coveredelements="0"/>
        </class>
        <metrics loc="13" ncloc="10" classes="0" methods="0" coveredmethods="0" conditionals="0" coveredconditionals="0" statements="0" coveredstatements="0" elements="0" coveredelements="0"/>
      </file>
    </package>
    <file name="/home/runner/work/nick-me/nick-me/backend/src/Specification/CriterionConverter.php">
      <metrics loc="19" ncloc="13" classes="0" methods="0" coveredmethods="0" conditionals="0" coveredconditionals="0" statements="0" coveredstatements="0" elements="0" coveredelements="0"/>
    </file>
    <package name="App\Specification">
      <file name="/home/runner/work/nick-me/nick-me/backend/src/Specification/DefaultCriterionConverter.php">
        <class name="App\Specification\DefaultCriterionConverter" namespace="App\Specification">
          <metrics complexity="7" methods="3" coveredmethods="3" conditionals="13" coveredconditionals="13" statements="20" coveredstatements="20" elements="36" coveredelements="36"/>
        </class>
        <line num="20" type="method" name="__construct" visibility="public" complexity="1" crap="1" count="36"/>
        <line num="22" type="stmt" count="36"/>
        <line num="23" type="stmt" count="36"/>
        <line num="24" type="stmt" count="29"/>
        <line num="25" type="stmt" count="29"/>
        <line num="26" type="stmt" count="36"/>
        <line num="27" type="stmt" count="36"/>
        <line num="28" type="stmt" count="15"/>
        <line num="29" type="stmt" count="15"/>
        <line num="30" type="stmt" count="36"/>
        <line num="31" type="stmt" count="36"/>
        <line num="32" type="stmt" count="17"/>
        <line num="33" type="stmt" count="17"/>
        <line num="34" type="stmt" count="36"/>
        <line num="35" type="stmt" count="36"/>
        <line num="41" type="method" name="applyAll" visibility="public" complexity="2" crap="2.15" count="31"/>
        <line num="43" type="stmt" count="31"/>
        <line num="44" type="stmt" count="29"/>
        <line num="48" type="method" name="apply" visibility="public" complexity="4" crap="12.19" count="29"/>
        <line num="50" type="stmt" count="29"/>
        <line num="51" type="stmt" count="29"/>
        <line num="52" type="stmt" count="29"/>
        <line num="53" type="stmt" count="29"/>
        <metrics loc="59" ncloc="50" classes="1" methods="3" coveredmethods="3" conditionals="13" coveredconditionals="13" statements="20" coveredstatements="20" elements="36" coveredelements="36"/>
      </file>
      <file name="/home/runner/work/nick-me/nick-me/backend/src/Specification/DoctrineQueryBuilder.php">
        <class name="App\Specification\DoctrineQueryBuilder" namespace="App\Specification">
          <metrics complexity="6" methods="6" coveredmethods="6" conditionals="6" coveredconditionals="6" statements="13" coveredstatements="13" elements="25" coveredelements="25"/>
        </class>
        <line num="12" type="method" name="__construct" visibility="public" complexity="1" crap="1" count="27"/>
        <line num="14" type="stmt" count="27"/>
        <line num="16" type="method" name="andWhere" visibility="public" complexity="1" crap="1" count="27"/>
        <line num="18" type="stmt" count="27"/>
        <line num="20" type="stmt" count="27"/>
        <line num="23" type="method" name="setParameter" visibility="public" complexity="1" crap="1" count="27"/>
        <line num="25" type="stmt" count="27"/>
        <line num="27" type="stmt" count="27"/>
        <line num="30" type="method" name="setFirstResult" visibility="public" complexity="1" crap="1" count="27"/>
        <line num="32" type="stmt" count="27"/>
        <line num="34" type="stmt" count="27"/>
        <line num="37" type="method" name="setMaxResults" visibility="public" complexity="1" crap="1" count="27"/>
        <line num="39" type="stmt" count="27"/>
        <line num="41" type="stmt" count="27"/>
        <line num="44" type="method" name="count" visibility="public" complexity="1" crap="1" count="27"/>
        <line num="46" type="stmt" count="27"/>
        <line num="47" type="stmt" count="27"/>
        <line num="48" type="stmt" count="27"/>
        <line num="49" type="stmt" count="27"/>
        <metrics loc="52" ncloc="49" classes="1" methods="6" coveredmethods="6" conditionals="6" coveredconditionals="6" statements="13" coveredstatements="13" elements="25" coveredelements="25"/>
      </file>
      <file name="/home/runner/work/nick-me/nick-me/backend/src/Specification/EntitiesAliases.php">
        <class name="App\Specification\EntitiesAliases" namespace="App\Specification">
          <metrics complexity="4" methods="2" coveredmethods="1" conditionals="10" coveredconditionals="8" statements="7" coveredstatements="6" elements="19" coveredelements="15"/>
        </class>
        <line num="18" type="method" name="__construct" visibility="public" complexity="3" crap="7.61" count="31"/>
        <line num="20" type="stmt" count="31"/>
        <line num="21" type="stmt" count="31"/>
        <line num="22" type="stmt" count="31"/>
        <line num="23" type="stmt" count="0"/>
        <line num="25" type="stmt" count="31"/>
        <line num="27" type="stmt" count="31"/>
        <line num="30" type="method" name="getAlias" visibility="public" complexity="1" crap="1" count="31"/>
        <line num="32" type="stmt" count="31"/>
        <metrics loc="35" ncloc="26" classes="1" methods="2" coveredmethods="1" conditionals="10" coveredconditionals="8" statements="7" coveredstatements="6" elements="19" coveredelements="15"/>
      </file>
      <file name="/home/runner/work/nick-me/nick-me/backend/src/Specification/Sort.php">
        <class name="App\Specification\Sort" namespace="App\Specification">
          <metrics complexity="0" methods="0" coveredmethods="0" conditionals="0" coveredconditionals="0" statements="0" coveredstatements="0" elements="0" coveredelements="0"/>
        </class>
        <metrics loc="14" ncloc="11" classes="0" methods="0" coveredmethods="0" conditionals="0" coveredconditionals="0" statements="0" coveredstatements="0" elements="0" coveredelements="0"/>
      </file>
      <file name="/home/runner/work/nick-me/nick-me/backend/src/Specification/WordCriteria.php">
        <class name="App\Specification\WordCriteria" namespace="App\Specification">
          <metrics complexity="4" methods="4" coveredmethods="4" conditionals="4" coveredconditionals="4" statements="4" coveredstatements="4" elements="12" coveredelements="12"/>
        </class>
        <line num="21" type="method" name="__construct" visibility="public" complexity="1" crap="1" count="29"/>
        <line num="25" type="stmt" count="29"/>
        <line num="27" type="method" name="getLang" visibility="public" complexity="1" crap="1" count="31"/>
        <line num="29" type="stmt" count="31"/>
        <line num="35" type="method" name="getCriteria" visibility="public" complexity="1" crap="1" count="31"/>
        <line num="37" type="stmt" count="31"/>
        <line num="40" type="method" name="addCriterion" visibility="public" complexity="1" crap="1" count="15"/>
        <line num="42" type="stmt" count="15"/>
        <metrics loc="45" ncloc="31" classes="1" methods="4" coveredmethods="4" conditionals="4" coveredconditionals="4" statements="4" coveredstatements="4" elements="12" coveredelements="12"/>
      </file>
      <file name="/home/runner/work/nick-me/nick-me/backend/src/Specification/WordCriteriaBuilder.php">
        <class name="App\Specification\WordCriteriaBuilder" namespace="App\Specification">
          <metrics complexity="5" methods="2" coveredmethods="1" conditionals="9" coveredconditionals="7" statements="16" coveredstatements="12" elements="27" coveredelements="20"/>
        </class>
        <line num="16" type="method" name="__construct" visibility="public" complexity="1" crap="1" count="36"/>
        <line num="18" type="stmt" count="36"/>
        <line num="20" type="method" name="applyWordCriteria" visibility="public" complexity="4" crap="13.26" count="31"/>
        <line num="22" type="stmt" count="31"/>
        <line num="23" type="stmt" count="31"/>
        <line num="26" type="stmt" count="31"/>
        <line num="27" type="stmt" count="31"/>
        <line num="29" type="stmt" count="31"/>
        <line num="31" type="stmt" count="31"/>
        <line num="32" type="stmt" count="0"/>
        <line num="34" type="stmt" count="0"/>
        <line num="37" type="stmt" count="31"/>
        <line num="38" type="stmt" count="31"/>
        <line num="39" type="stmt" count="31"/>
        <line num="40" type="stmt" count="31"/>
        <line num="41" type="stmt" count="31"/>
        <line num="43" type="stmt" count="0"/>
        <line num="44" type="stmt" count="0"/>
        <metrics loc="48" ncloc="43" classes="1" methods="2" coveredmethods="1" conditionals="9" coveredconditionals="7" statements="16" coveredstatements="12" elements="27" coveredelements="20"/>
      </file>
    </package>
    <file name="/home/runner/work/nick-me/nick-me/backend/src/Specification/QueryBuilderInterface.php">
      <metrics loc="24" ncloc="17" classes="0" methods="0" coveredmethods="0" conditionals="0" coveredconditionals="0" statements="0" coveredstatements="0" elements="0" coveredelements="0"/>
    </file>
    <file name="/home/runner/work/nick-me/nick-me/backend/src/Specification/WordCriteriaBuilderInterface.php">
      <metrics loc="20" ncloc="10" classes="0" methods="0" coveredmethods="0" conditionals="0" coveredconditionals="0" statements="0" coveredstatements="0" elements="0" coveredelements="0"/>
    </file>
    <package name="App\Translation">
      <file name="/home/runner/work/nick-me/nick-me/backend/src/Translation/Translator.php">
        <class name="App\Translation\Translator" namespace="App\Translation">
          <metrics complexity="1" methods="1" coveredmethods="1" conditionals="1" coveredconditionals="1" statements="1" coveredstatements="1" elements="3" coveredelements="3"/>
        </class>
        <line num="36" type="method" name="translate" visibility="public" complexity="1" crap="1" count="4"/>
        <line num="38" type="stmt" count="4"/>
        <metrics loc="41" ncloc="35" classes="1" methods="1" coveredmethods="1" conditionals="1" coveredconditionals="1" statements="1" coveredstatements="1" elements="3" coveredelements="3"/>
      </file>
    </package>
    <file name="/home/runner/work/nick-me/nick-me/backend/src/Translation/TranslatorInterface.php">
      <metrics loc="12" ncloc="9" classes="0" methods="0" coveredmethods="0" conditionals="0" coveredconditionals="0" statements="0" coveredstatements="0" elements="0" coveredelements="0"/>
    </file>
    <metrics files="182" loc="6886" ncloc="5885" classes="120" methods="412" coveredmethods="342" conditionals="767" coveredconditionals="617" statements="1205" coveredstatements="1087" elements="2384" coveredelements="2046"/>
  </project>
</coverage>
